#
# A fatal error has been detected by the Java Runtime Environment:
#
#  EXCEPTION_INVALID_HANDLE (0xc0000008) at pc=0x77212625, pid=6720, tid=2076
#
# JRE version: Java(TM) SE Runtime Environment (8.0_25-b18) (build 1.8.0_25-b18)
# Java VM: Java HotSpot(TM) Client VM (25.25-b02 mixed mode windows-x86 )
# Problematic frame:
# C  [ntdll.dll+0x82625]
#
# Failed to write core dump. Minidumps are not enabled by default on client versions of Windows
#
# If you would like to submit a bug report, please visit:
#   http://bugreport.sun.com/bugreport/crash.jsp
# The crash happened outside the Java Virtual Machine in native code.
# See problematic frame for where to report the bug.
#

---------------  T H R E A D  ---------------

Current thread (0x156cdc00):  JavaThread "Thread-7" [_thread_in_native, id=2076, stack(0x17510000,0x17560000)]

siginfo: ExceptionCode=0xc0000008

Registers:
EAX=0xc0000008, EBX=0x00000000, ECX=0x74c72e09, EDX=0x00000000
ESP=0x1755eee4, EBP=0x1755ef34, ESI=0x15a80314, EDI=0x00000000
EIP=0x77212625, EFLAGS=0x00000282

Top of Stack: (sp=0x1755eee4)
0x1755eee4:   15a80314 15a80318 15a80314 14803a40
0x1755eef4:   156cdc00 14803a40 156cdc00 00000001
0x1755ef04:   1755ef38 52d9a687 1755f44c 14803a40
0x1755ef14:   156cdc00 14806138 15788038 00000000
0x1755ef24:   00000000 00000000 7ef76000 159e3ef8
0x1755ef34:   1755ef5c 771cb468 00000000 00000000
0x1755ef44:   15a80314 1755f6b0 15a80310 00000004
0x1755ef54:   15000000 00000001 1755ef7c 50406653 

Instructions: (pc=0x77212625)
0x77212605:   08 68 b0 48 1b 77 6a 00 6a 65 89 45 0c e8 89 30
0x77212615:   ff ff 83 c4 0c e9 43 8f fb ff 50 e8 e0 92 fd ff
0x77212625:   cc 56 e8 79 fe 01 00 e9 cf 8f fb ff 81 67 14 00
0x77212635:   00 00 ff e9 1c 65 fd ff b8 f1 00 00 c0 8b e5 5d 


Register to memory mapping:

EAX=0xc0000008 is an unknown value
EBX=0x00000000 is an unknown value
ECX=0x74c72e09 is an unknown value
EDX=0x00000000 is an unknown value
ESP=0x1755eee4 is pointing into the stack for thread: 0x156cdc00
EBP=0x1755ef34 is pointing into the stack for thread: 0x156cdc00
ESI=0x15a80314 is an unknown value
EDI=0x00000000 is an unknown value


Stack: [0x17510000,0x17560000],  sp=0x1755eee4,  free space=315k
Native frames: (J=compiled Java code, j=interpreted, Vv=VM code, C=native code)
C  [ntdll.dll+0x82625]
C  [ntdll.dll+0x3b468]
C  [libvlccore.dll+0x86653]
C  [libvlc.dll+0xab15]
C  [jna4225944370213197288.dll+0xd546]
C  [jna4225944370213197288.dll+0x2e5e]
C  [jna4225944370213197288.dll+0x554e]
j  com.sun.jna.Native.invokeVoid(JI[Ljava/lang/Object;)V+0
j  com.sun.jna.Function.invoke([Ljava/lang/Object;Ljava/lang/Class;Z)Ljava/lang/Object;+48
j  com.sun.jna.Function.invoke(Ljava/lang/Class;[Ljava/lang/Object;Ljava/util/Map;)Ljava/lang/Object;+214
j  com.sun.jna.Library$Handler.invoke(Ljava/lang/Object;Ljava/lang/reflect/Method;[Ljava/lang/Object;)Ljava/lang/Object;+341
j  com.sun.proxy.$Proxy0.libvlc_media_player_stop(Luk/co/caprica/vlcj/binding/internal/libvlc_media_player_t;)V+16
j  uk.co.caprica.vlcj.player.DefaultMediaPlayer.stop()V+17
j  LCControllers.Call.stopCall()V+4
j  LCControllers.Server$ClientThread.run()V+731
v  ~StubRoutines::call_stub
V  [jvm.dll+0x147285]
V  [jvm.dll+0x20d19e]
V  [jvm.dll+0x14731e]
V  [jvm.dll+0x1474a6]
V  [jvm.dll+0x147517]
V  [jvm.dll+0xf06bf]
V  [jvm.dll+0x1698cc]
V  [jvm.dll+0x16a15a]
V  [jvm.dll+0x1aee06]
C  [msvcr100.dll+0x5c556]
C  [msvcr100.dll+0x5c600]
C  [kernel32.dll+0x13677]
C  [ntdll.dll+0x3c002]
C  [ntdll.dll+0x3bfd5]
C  0x00000000

Java frames: (J=compiled Java code, j=interpreted, Vv=VM code)
j  com.sun.jna.Native.invokeVoid(JI[Ljava/lang/Object;)V+0
j  com.sun.jna.Function.invoke([Ljava/lang/Object;Ljava/lang/Class;Z)Ljava/lang/Object;+48
j  com.sun.jna.Function.invoke(Ljava/lang/Class;[Ljava/lang/Object;Ljava/util/Map;)Ljava/lang/Object;+214
j  com.sun.jna.Library$Handler.invoke(Ljava/lang/Object;Ljava/lang/reflect/Method;[Ljava/lang/Object;)Ljava/lang/Object;+341
j  com.sun.proxy.$Proxy0.libvlc_media_player_stop(Luk/co/caprica/vlcj/binding/internal/libvlc_media_player_t;)V+16
j  uk.co.caprica.vlcj.player.DefaultMediaPlayer.stop()V+17
j  LCControllers.Call.stopCall()V+4
j  LCControllers.Server$ClientThread.run()V+731
v  ~StubRoutines::call_stub

---------------  P R O C E S S  ---------------

Java Threads: ( => current thread )
=>0x156cdc00 JavaThread "Thread-7" [_thread_in_native, id=2076, stack(0x17510000,0x17560000)]
  0x011e4400 JavaThread "Thread-4" [_thread_in_native, id=6584, stack(0x16a00000,0x16a50000)]
  0x1573dc00 JavaThread "Thread-5" [_thread_in_native, id=7420, stack(0x16410000,0x16460000)]
  0x15601000 JavaThread "Thread-3" [_thread_in_native, id=5328, stack(0x154f0000,0x15540000)]
  0x158ef400 JavaThread "Thread-2" [_thread_in_native, id=7948, stack(0x16060000,0x160b0000)]
  0x1581e800 JavaThread "Abandoned connection cleanup thread" daemon [_thread_blocked, id=3784, stack(0x16100000,0x16150000)]
  0x157e0400 JavaThread "TimerQueue" daemon [_thread_blocked, id=4168, stack(0x15ff0000,0x16040000)]
  0x0020c800 JavaThread "DestroyJavaVM" [_thread_blocked, id=260, stack(0x002a0000,0x002f0000)]
  0x156ddc00 JavaThread "AWT-EventQueue-0" [_thread_blocked, id=6988, stack(0x15d70000,0x15dc0000)]
  0x011c8400 JavaThread "AWT-Windows" daemon [_thread_in_native, id=3300, stack(0x15210000,0x15260000)]
  0x011c7000 JavaThread "AWT-Shutdown" [_thread_blocked, id=6564, stack(0x151c0000,0x15210000)]
  0x011c4400 JavaThread "Java2D Disposer" daemon [_thread_blocked, id=4620, stack(0x14ff0000,0x15040000)]
  0x0109f400 JavaThread "Service Thread" daemon [_thread_blocked, id=7896, stack(0x14d80000,0x14dd0000)]
  0x0107f400 JavaThread "C1 CompilerThread0" daemon [_thread_blocked, id=6100, stack(0x14eb0000,0x14f00000)]
  0x0107dc00 JavaThread "Attach Listener" daemon [_thread_blocked, id=3216, stack(0x14e20000,0x14e70000)]
  0x0107b000 JavaThread "Signal Dispatcher" daemon [_thread_blocked, id=4648, stack(0x14c80000,0x14cd0000)]
  0x0091ec00 JavaThread "Finalizer" daemon [_thread_blocked, id=2816, stack(0x00f10000,0x00f60000)]
  0x00919400 JavaThread "Reference Handler" daemon [_thread_blocked, id=288, stack(0x00aa0000,0x00af0000)]

Other Threads:
  0x00914000 VMThread [stack: 0x00e90000,0x00ee0000] [id=5268]
  0x010a0400 WatcherThread [stack: 0x04680000,0x046d0000] [id=3832]

VM state:not at safepoint (normal execution)

VM Mutex/Monitor currently owned by a thread: None

Heap:
 def new generation   total 5952K, used 534K [0x04800000, 0x04e70000, 0x09d50000)
  eden space 5312K,   8% used [0x04800000, 0x0486f360, 0x04d30000)
  from space 640K,  14% used [0x04dd0000, 0x04de6860, 0x04e70000)
  to   space 640K,   0% used [0x04d30000, 0x04d30000, 0x04dd0000)
 tenured generation   total 13064K, used 7836K [0x09d50000, 0x0aa12000, 0x14800000)
   the space 13064K,  59% used [0x09d50000, 0x0a4f7180, 0x0a4f7200, 0x0aa12000)
 Metaspace       used 11554K, capacity 11679K, committed 11776K, reserved 12672K

Card table byte_map: [0x009f0000,0x00a80000] byte_map_base: 0x009cc000

Polling page: 0x00110000

CodeCache: size=32768Kb used=1784Kb max_used=1784Kb free=30983Kb
 bounds [0x02660000, 0x02820000, 0x04660000]
 total_blobs=1017 nmethods=757 adapters=191
 compilation: enabled

Compilation events (10 events):
Event: 46.953 Thread 0x0107f400  762             javax.swing.JComponent::isPaintingOrigin (2 bytes)
Event: 46.953 Thread 0x0107f400 nmethod 762 0x0281d348 code [0x0281d440, 0x0281d4c0]
Event: 47.055 Thread 0x0107f400  763             java.util.ArrayList::<init> (61 bytes)
Event: 47.055 Thread 0x0107f400 nmethod 763 0x0281d508 code [0x0281d640, 0x0281d970]
Event: 48.322 Thread 0x0107f400  764             java.lang.String::toCharArray (25 bytes)
Event: 48.322 Thread 0x0107f400 nmethod 764 0x0281db48 code [0x0281dc50, 0x0281ddbc]
Event: 48.377 Thread 0x0107f400  765             java.util.PriorityQueue::peek (18 bytes)
Event: 48.377 Thread 0x0107f400 nmethod 765 0x0281de88 code [0x0281df80, 0x0281e040]
Event: 48.380 Thread 0x0107f400  766             uk.co.caprica.vlcj.binding.internal.libvlc_event_e::intValue (5 bytes)
Event: 48.380 Thread 0x0107f400 nmethod 766 0x0281e108 code [0x0281e200, 0x0281e280]

GC Heap History (10 events):
Event: 23.203 GC heap before
{Heap before GC invocations=6 (full 0):
 def new generation   total 4928K, used 4927K [0x04800000, 0x04d50000, 0x09d50000)
  eden space 4416K, 100% used [0x04800000, 0x04c50000, 0x04c50000)
  from space 512K,  99% used [0x04c50000, 0x04ccff48, 0x04cd0000)
  to   space 512K,   0% used [0x04cd0000, 0x04cd0000, 0x04d50000)
 tenured generation   total 10944K, used 9182K [0x09d50000, 0x0a800000, 0x14800000)
   the space 10944K,  83% used [0x09d50000, 0x0a6479a8, 0x0a647a00, 0x0a800000)
 Metaspace       used 11579K, capacity 11716K, committed 11776K, reserved 12672K
Event: 23.206 GC heap after
Heap after GC invocations=7 (full 0):
 def new generation   total 4928K, used 339K [0x04800000, 0x04d50000, 0x09d50000)
  eden space 4416K,   0% used [0x04800000, 0x04800000, 0x04c50000)
  from space 512K,  66% used [0x04cd0000, 0x04d24c90, 0x04d50000)
  to   space 512K,   0% used [0x04c50000, 0x04c50000, 0x04cd0000)
 tenured generation   total 10944K, used 10876K [0x09d50000, 0x0a800000, 0x14800000)
   the space 10944K,  99% used [0x09d50000, 0x0a7ef190, 0x0a7ef200, 0x0a800000)
 Metaspace       used 11579K, capacity 11716K, committed 11776K, reserved 12672K
}
Event: 28.974 GC heap before
{Heap before GC invocations=7 (full 0):
 def new generation   total 4928K, used 4755K [0x04800000, 0x04d50000, 0x09d50000)
  eden space 4416K, 100% used [0x04800000, 0x04c50000, 0x04c50000)
  from space 512K,  66% used [0x04cd0000, 0x04d24c90, 0x04d50000)
  to   space 512K,   0% used [0x04c50000, 0x04c50000, 0x04cd0000)
 tenured generation   total 10944K, used 10876K [0x09d50000, 0x0a800000, 0x14800000)
   the space 10944K,  99% used [0x09d50000, 0x0a7ef190, 0x0a7ef200, 0x0a800000)
 Metaspace       used 11582K, capacity 11716K, committed 11776K, reserved 12672K
Event: 28.989 GC heap after
Heap after GC invocations=8 (full 1):
 def new generation   total 5952K, used 0K [0x04800000, 0x04e70000, 0x09d50000)
  eden space 5312K,   0% used [0x04800000, 0x04800000, 0x04d30000)
  from space 640K,   0% used [0x04d30000, 0x04d30000, 0x04dd0000)
  to   space 640K,   0% used [0x04dd0000, 0x04dd0000, 0x04e70000)
 tenured generation   total 13064K, used 7836K [0x09d50000, 0x0aa12000, 0x14800000)
   the space 13064K,  59% used [0x09d50000, 0x0a4f7180, 0x0a4f7200, 0x0aa12000)
 Metaspace       used 11551K, capacity 11676K, committed 11776K, reserved 12672K
}
Event: 35.751 GC heap before
{Heap before GC invocations=8 (full 1):
 def new generation   total 5952K, used 5312K [0x04800000, 0x04e70000, 0x09d50000)
  eden space 5312K, 100% used [0x04800000, 0x04d30000, 0x04d30000)
  from space 640K,   0% used [0x04d30000, 0x04d30000, 0x04dd0000)
  to   space 640K,   0% used [0x04dd0000, 0x04dd0000, 0x04e70000)
 tenured generation   total 13064K, used 7836K [0x09d50000, 0x0aa12000, 0x14800000)
   the space 13064K,  59% used [0x09d50000, 0x0a4f7180, 0x0a4f7200, 0x0aa12000)
 Metaspace       used 11551K, capacity 11676K, committed 11776K, reserved 12672K
Event: 35.753 GC heap after
Heap after GC invocations=9 (full 1):
 def new generation   total 5952K, used 103K [0x04800000, 0x04e70000, 0x09d50000)
  eden space 5312K,   0% used [0x04800000, 0x04800000, 0x04d30000)
  from space 640K,  16% used [0x04dd0000, 0x04de9c60, 0x04e70000)
  to   space 640K,   0% used [0x04d30000, 0x04d30000, 0x04dd0000)
 tenured generation   total 13064K, used 7836K [0x09d50000, 0x0aa12000, 0x14800000)
   the space 13064K,  59% used [0x09d50000, 0x0a4f7180, 0x0a4f7200, 0x0aa12000)
 Metaspace       used 11551K, capacity 11676K, committed 11776K, reserved 12672K
}
Event: 42.779 GC heap before
{Heap before GC invocations=9 (full 1):
 def new generation   total 5952K, used 5415K [0x04800000, 0x04e70000, 0x09d50000)
  eden space 5312K, 100% used [0x04800000, 0x04d30000, 0x04d30000)
  from space 640K,  16% used [0x04dd0000, 0x04de9c60, 0x04e70000)
  to   space 640K,   0% used [0x04d30000, 0x04d30000, 0x04dd0000)
 tenured generation   total 13064K, used 7836K [0x09d50000, 0x0aa12000, 0x14800000)
   the space 13064K,  59% used [0x09d50000, 0x0a4f7180, 0x0a4f7200, 0x0aa12000)
 Metaspace       used 11551K, capacity 11676K, committed 11776K, reserved 12672K
Event: 42.780 GC heap after
Heap after GC invocations=10 (full 1):
 def new generation   total 5952K, used 102K [0x04800000, 0x04e70000, 0x09d50000)
  eden space 5312K,   0% used [0x04800000, 0x04800000, 0x04d30000)
  from space 640K,  16% used [0x04d30000, 0x04d49ab0, 0x04dd0000)
  to   space 640K,   0% used [0x04dd0000, 0x04dd0000, 0x04e70000)
 tenured generation   total 13064K, used 7836K [0x09d50000, 0x0aa12000, 0x14800000)
   the space 13064K,  59% used [0x09d50000, 0x0a4f7180, 0x0a4f7200, 0x0aa12000)
 Metaspace       used 11551K, capacity 11676K, committed 11776K, reserved 12672K
}
Event: 48.302 GC heap before
{Heap before GC invocations=10 (full 1):
 def new generation   total 5952K, used 5414K [0x04800000, 0x04e70000, 0x09d50000)
  eden space 5312K, 100% used [0x04800000, 0x04d30000, 0x04d30000)
  from space 640K,  16% used [0x04d30000, 0x04d49ab0, 0x04dd0000)
  to   space 640K,   0% used [0x04dd0000, 0x04dd0000, 0x04e70000)
 tenured generation   total 13064K, used 7836K [0x09d50000, 0x0aa12000, 0x14800000)
   the space 13064K,  59% used [0x09d50000, 0x0a4f7180, 0x0a4f7200, 0x0aa12000)
 Metaspace       used 11551K, capacity 11676K, committed 11776K, reserved 12672K
Event: 48.304 GC heap after
Heap after GC invocations=11 (full 1):
 def new generation   total 5952K, used 90K [0x04800000, 0x04e70000, 0x09d50000)
  eden space 5312K,   0% used [0x04800000, 0x04800000, 0x04d30000)
  from space 640K,  14% used [0x04dd0000, 0x04de6860, 0x04e70000)
  to   space 640K,   0% used [0x04d30000, 0x04d30000, 0x04dd0000)
 tenured generation   total 13064K, used 7836K [0x09d50000, 0x0aa12000, 0x14800000)
   the space 13064K,  59% used [0x09d50000, 0x0a4f7180, 0x0a4f7200, 0x0aa12000)
 Metaspace       used 11551K, capacity 11676K, committed 11776K, reserved 12672K
}

Deoptimization events (0 events):
No events

Internal exceptions (10 events):
Event: 23.182 Thread 0x156cec00 Exception <a 'java/security/PrivilegedActionException'> (0x04b392e0) thrown at [C:\re\workspace\8-2-build-windows-i586-cygwin\jdk8u25\1677\hotspot\src\share\vm\prims\jvm.cpp, line 1312]
Event: 23.186 Thread 0x156cec00 Exception <a 'java/security/PrivilegedActionException'> (0x04b60828) thrown at [C:\re\workspace\8-2-build-windows-i586-cygwin\jdk8u25\1677\hotspot\src\share\vm\prims\jvm.cpp, line 1312]
Event: 23.190 Thread 0x156cec00 Exception <a 'java/security/PrivilegedActionException'> (0x04b923f0) thrown at [C:\re\workspace\8-2-build-windows-i586-cygwin\jdk8u25\1677\hotspot\src\share\vm\prims\jvm.cpp, line 1312]
Event: 23.196 Thread 0x156cec00 Exception <a 'java/security/PrivilegedActionException'> (0x04bc9e18) thrown at [C:\re\workspace\8-2-build-windows-i586-cygwin\jdk8u25\1677\hotspot\src\share\vm\prims\jvm.cpp, line 1312]
Event: 23.200 Thread 0x156cec00 Exception <a 'java/security/PrivilegedActionException'> (0x04c2a430) thrown at [C:\re\workspace\8-2-build-windows-i586-cygwin\jdk8u25\1677\hotspot\src\share\vm\prims\jvm.cpp, line 1312]
Event: 23.202 Thread 0x156cec00 Exception <a 'java/security/PrivilegedActionException'> (0x04c44308) thrown at [C:\re\workspace\8-2-build-windows-i586-cygwin\jdk8u25\1677\hotspot\src\share\vm\prims\jvm.cpp, line 1312]
Event: 24.325 Thread 0x156cf400 Exception <a 'java/security/PrivilegedActionException'> (0x048ee1b0) thrown at [C:\re\workspace\8-2-build-windows-i586-cygwin\jdk8u25\1677\hotspot\src\share\vm\prims\jvm.cpp, line 1312]
Event: 24.335 Thread 0x156cf400 Exception <a 'java/security/PrivilegedActionException'> (0x04904518) thrown at [C:\re\workspace\8-2-build-windows-i586-cygwin\jdk8u25\1677\hotspot\src\share\vm\prims\jvm.cpp, line 1312]
Event: 26.308 Thread 0x156cf400 Exception <a 'java/security/PrivilegedActionException'> (0x04a842b0) thrown at [C:\re\workspace\8-2-build-windows-i586-cygwin\jdk8u25\1677\hotspot\src\share\vm\prims\jvm.cpp, line 1312]
Event: 48.322 Thread 0x156ddc00 Exception <a 'java/security/PrivilegedActionException'> (0x048300c0) thrown at [C:\re\workspace\8-2-build-windows-i586-cygwin\jdk8u25\1677\hotspot\src\share\vm\prims\jvm.cpp, line 1312]

Events (10 events):
Event: 48.302 Thread 0x156cf400 Thread added: 0x156cf400
Event: 48.302 Executing VM operation: GenCollectForAllocation
Event: 48.304 Executing VM operation: GenCollectForAllocation done
Event: 48.305 Thread 0x156cf400 Thread exited: 0x156cf400
Event: 48.321 loading class uk/co/caprica/vlcj/player/events/MediaPlayerStoppedEvent
Event: 48.321 loading class uk/co/caprica/vlcj/player/events/MediaPlayerStoppedEvent done
Event: 48.379 Thread 0x156ce000 Thread exited: 0x156ce000
Event: 48.380 Thread 0x156ce800 Thread exited: 0x156ce800
Event: 48.385 Executing VM operation: RevokeBias
Event: 48.385 Executing VM operation: RevokeBias done


Dynamic libraries:
0x01230000 - 0x01260000 	C:\Program Files (x86)\Java\jdk1.8.0_25\bin\java.exe
0x77190000 - 0x77310000 	C:\Windows\SysWOW64\ntdll.dll
0x76c80000 - 0x76d90000 	C:\Windows\syswow64\kernel32.dll
0x765a0000 - 0x765e7000 	C:\Windows\syswow64\KERNELBASE.dll
0x765f0000 - 0x76690000 	C:\Windows\syswow64\ADVAPI32.dll
0x754f0000 - 0x7559c000 	C:\Windows\syswow64\msvcrt.dll
0x769d0000 - 0x769e9000 	C:\Windows\SysWOW64\sechost.dll
0x764b0000 - 0x765a0000 	C:\Windows\syswow64\RPCRT4.dll
0x74cf0000 - 0x74d50000 	C:\Windows\syswow64\SspiCli.dll
0x74ce0000 - 0x74cec000 	C:\Windows\syswow64\CRYPTBASE.dll
0x753e0000 - 0x754e0000 	C:\Windows\syswow64\USER32.dll
0x76bc0000 - 0x76c50000 	C:\Windows\syswow64\GDI32.dll
0x762d0000 - 0x762da000 	C:\Windows\syswow64\LPK.dll
0x76370000 - 0x7640d000 	C:\Windows\syswow64\USP10.dll
0x73290000 - 0x7342e000 	C:\Windows\WinSxS\x86_microsoft.windows.common-controls_6595b64144ccf1df_6.0.7600.16661_none_420fe3fa2b8113bd\COMCTL32.dll
0x769f0000 - 0x76a47000 	C:\Windows\syswow64\SHLWAPI.dll
0x750a0000 - 0x75100000 	C:\Windows\system32\IMM32.DLL
0x74eb0000 - 0x74f7c000 	C:\Windows\syswow64\MSCTF.dll
0x53630000 - 0x536ef000 	C:\Program Files (x86)\Java\jdk1.8.0_25\jre\bin\msvcr100.dll
0x52d20000 - 0x530c4000 	C:\Program Files (x86)\Java\jdk1.8.0_25\jre\bin\client\jvm.dll
0x74be0000 - 0x74be7000 	C:\Windows\system32\WSOCK32.dll
0x75100000 - 0x75135000 	C:\Windows\syswow64\WS2_32.dll
0x754e0000 - 0x754e6000 	C:\Windows\syswow64\NSI.dll
0x71d70000 - 0x71da2000 	C:\Windows\system32\WINMM.dll
0x77160000 - 0x77165000 	C:\Windows\syswow64\PSAPI.DLL
0x6d3f0000 - 0x6d3fc000 	C:\Program Files (x86)\Java\jdk1.8.0_25\jre\bin\verify.dll
0x5c370000 - 0x5c391000 	C:\Program Files (x86)\Java\jdk1.8.0_25\jre\bin\java.dll
0x53610000 - 0x53623000 	C:\Program Files (x86)\Java\jdk1.8.0_25\jre\bin\zip.dll
0x75680000 - 0x762c9000 	C:\Windows\syswow64\SHELL32.dll
0x76a50000 - 0x76bac000 	C:\Windows\syswow64\ole32.dll
0x72670000 - 0x7267b000 	C:\Windows\system32\profapi.dll
0x52bd0000 - 0x52d16000 	C:\Program Files (x86)\Java\jdk1.8.0_25\jre\bin\awt.dll
0x755f0000 - 0x7567f000 	C:\Windows\syswow64\OLEAUT32.dll
0x734d0000 - 0x73550000 	C:\Windows\system32\uxtheme.dll
0x70260000 - 0x702b8000 	C:\Program Files (x86)\Common Files\microsoft shared\ink\tiptsf.dll
0x64f10000 - 0x64f50000 	C:\Program Files (x86)\TeamViewer\tv_w32.dll
0x74c60000 - 0x74c69000 	C:\Windows\system32\VERSION.dll
0x73460000 - 0x73473000 	C:\Windows\system32\dwmapi.dll
0x535d0000 - 0x53608000 	C:\Program Files (x86)\Java\jdk1.8.0_25\jre\bin\fontmanager.dll
0x535b0000 - 0x535c5000 	C:\Program Files (x86)\Java\jdk1.8.0_25\jre\bin\net.dll
0x70470000 - 0x704ac000 	C:\Windows\system32\mswsock.dll
0x70330000 - 0x70336000 	C:\Windows\System32\wship6.dll
0x629a0000 - 0x629af000 	C:\Program Files (x86)\Java\jdk1.8.0_25\jre\bin\nio.dll
0x762e0000 - 0x76363000 	C:\Windows\syswow64\CLBCatQ.DLL
0x63150000 - 0x6324b000 	C:\Windows\system32\WindowsCodecs.dll
0x74480000 - 0x744cb000 	C:\Windows\system32\apphelp.dll
0x63120000 - 0x63143000 	C:\Users\user\AppData\Roaming\Dropbox\bin\DropboxExt.24.dll
0x63320000 - 0x6340b000 	C:\Windows\system32\dbghelp.dll
0x6cff0000 - 0x6d07e000 	C:\Windows\WinSxS\x86_microsoft.vc90.crt_1fc8b3b9a1e18e3b_9.0.30729.6161_none_50934f2ebcb7eb57\MSVCP90.dll
0x69520000 - 0x695c3000 	C:\Windows\WinSxS\x86_microsoft.vc90.crt_1fc8b3b9a1e18e3b_9.0.30729.6161_none_50934f2ebcb7eb57\MSVCR90.dll
0x630a0000 - 0x630d1000 	C:\Windows\system32\EhStorShell.dll
0x75140000 - 0x752dd000 	C:\Windows\syswow64\SETUPAPI.dll
0x75360000 - 0x75387000 	C:\Windows\syswow64\CFGMGR32.dll
0x753c0000 - 0x753d2000 	C:\Windows\syswow64\DEVOBJ.dll
0x68fa0000 - 0x69095000 	C:\Windows\system32\PROPSYS.dll
0x67c50000 - 0x67cbf000 	C:\Windows\system32\ntshrui.dll
0x704f0000 - 0x70509000 	C:\Windows\system32\srvcli.dll
0x6d250000 - 0x6d25b000 	C:\Windows\system32\cscapi.dll
0x6d380000 - 0x6d38a000 	C:\Windows\system32\slc.dll
0x53580000 - 0x535b0000 	C:\Program Files (x86)\Java\jdk1.8.0_25\jre\bin\t2k.dll
0x741a0000 - 0x741b6000 	C:\Windows\system32\CRYPTSP.dll
0x74160000 - 0x7419b000 	C:\Windows\system32\rsaenh.dll
0x72680000 - 0x72697000 	C:\Windows\system32\USERENV.dll
0x746e0000 - 0x746fc000 	C:\Windows\system32\IPHLPAPI.DLL
0x74bd0000 - 0x74bd7000 	C:\Windows\system32\WINNSI.DLL
0x73270000 - 0x73282000 	C:\Windows\system32\dhcpcsvc.DLL
0x73260000 - 0x7326d000 	C:\Windows\system32\dhcpcsvc6.DLL
0x5c560000 - 0x5c567000 	C:\Program Files (x86)\Java\jdk1.8.0_25\jre\bin\jaas_nt.dll
0x14dd0000 - 0x14e0d000 	C:\Users\user\AppData\Local\Temp\jna-eufrik\jna4225944370213197288.dll
0x6c700000 - 0x6c784000 	C:\Windows\WinSxS\x86_microsoft.windows.common-controls_6595b64144ccf1df_5.82.7600.16661_none_ebfb56996c72aefc\comctl32.dll
0x52b70000 - 0x52b94000 	C:\Program Files (x86)\VideoLAN\VLC\libvlc.dll
0x50380000 - 0x505d1000 	C:\Program Files (x86)\VideoLAN\VLC\libvlccore.dll
0x52b20000 - 0x52b68000 	C:\Program Files (x86)\VideoLAN\VLC\plugins\access\libdshow_plugin.dll
0x61f80000 - 0x61f8f000 	C:\Program Files (x86)\VideoLAN\VLC\plugins\audio_output\libdirectsound_plugin.dll
0x5b110000 - 0x5b120000 	C:\Program Files (x86)\VideoLAN\VLC\plugins\audio_output\libwaveout_plugin.dll
0x52bb0000 - 0x52bc9000 	C:\Program Files (x86)\VideoLAN\VLC\plugins\video_output\libdirectdraw_plugin.dll
0x59fb0000 - 0x59fb6000 	C:\Program Files (x86)\Java\jdk1.8.0_25\jre\bin\jawt.dll
0x52b00000 - 0x52b12000 	C:\Program Files (x86)\VideoLAN\VLC\plugins\stream_out\libstream_out_duplicate_plugin.dll
0x52a60000 - 0x52af5000 	C:\Program Files (x86)\VideoLAN\VLC\plugins\stream_out\libstream_out_rtp_plugin.dll
0x52a40000 - 0x52a60000 	C:\Program Files (x86)\VideoLAN\VLC\plugins\mux\libmux_ts_plugin.dll
0x70460000 - 0x70465000 	C:\Windows\System32\wshtcpip.dll
0x73590000 - 0x735a0000 	C:\Windows\system32\NLAapi.dll
0x744f0000 - 0x74534000 	C:\Windows\system32\DNSAPI.dll
0x73580000 - 0x73588000 	C:\Windows\System32\winrnr.dll
0x73570000 - 0x73580000 	C:\Windows\system32\napinsp.dll
0x73550000 - 0x73562000 	C:\Windows\system32\pnrpnsp.dll
0x74c20000 - 0x74c44000 	C:\Program Files (x86)\Common Files\Microsoft Shared\Windows Live\WLIDNSP.DLL
0x74bf0000 - 0x74c11000 	C:\Program Files (x86)\Bonjour\mdnsNSP.dll
0x52ba0000 - 0x52bac000 	C:\Program Files (x86)\VideoLAN\VLC\plugins\stream_out\libstream_out_display_plugin.dll
0x52a00000 - 0x52a12000 	C:\Program Files (x86)\VideoLAN\VLC\plugins\stream_out\libstream_out_transcode_plugin.dll
0x52890000 - 0x5290c000 	C:\Program Files (x86)\VideoLAN\VLC\plugins\access\librtp_plugin.dll
0x52a30000 - 0x52a3d000 	C:\Program Files (x86)\VideoLAN\VLC\plugins\access\libscreen_plugin.dll
0x506c0000 - 0x5083a000 	C:\Program Files (x86)\VideoLAN\VLC\plugins\meta_engine\libtaglib_plugin.dll
0x52840000 - 0x52890000 	C:\Program Files (x86)\VideoLAN\VLC\plugins\lua\liblua_plugin.dll
0x529a0000 - 0x529fa000 	C:\Program Files (x86)\VideoLAN\VLC\plugins\codec\libtheora_plugin.dll
0x52a20000 - 0x52a2d000 	C:\Program Files (x86)\VideoLAN\VLC\plugins\codec\librawvideo_plugin.dll
0x52380000 - 0x523cf000 	C:\Program Files (x86)\VideoLAN\VLC\plugins\codec\libpng_plugin.dll
0x52990000 - 0x5299d000 	C:\Program Files (x86)\VideoLAN\VLC\plugins\codec\libcdg_plugin.dll
0x50230000 - 0x50371000 	C:\Program Files (x86)\VideoLAN\VLC\plugins\codec\libschroedinger_plugin.dll
0x52410000 - 0x5241d000 	C:\Program Files (x86)\VideoLAN\VLC\plugins\codec\libdts_plugin.dll
0x52320000 - 0x5237c000 	C:\Program Files (x86)\VideoLAN\VLC\plugins\codec\libfaad_plugin.dll
0x523d0000 - 0x52408000 	C:\Program Files (x86)\VideoLAN\VLC\plugins\codec\libflac_plugin.dll
0x52310000 - 0x5231f000 	C:\Program Files (x86)\VideoLAN\VLC\plugins\codec\libg711_plugin.dll
0x52300000 - 0x5230c000 	C:\Program Files (x86)\VideoLAN\VLC\plugins\codec\libaes3_plugin.dll
0x500d0000 - 0x5022c000 	C:\Program Files (x86)\VideoLAN\VLC\plugins\codec\liblibass_plugin.dll
0x50690000 - 0x506bb000 	C:\Program Files (x86)\VideoLAN\VLC\plugins\codec\libspeex_plugin.dll
0x522f0000 - 0x522fe000 	C:\Program Files (x86)\VideoLAN\VLC\plugins\codec\liblpcm_plugin.dll
0x50010000 - 0x500cb000 	C:\Program Files (x86)\VideoLAN\VLC\plugins\codec\libvorbis_plugin.dll
0x522e0000 - 0x522ed000 	C:\Program Files (x86)\VideoLAN\VLC\plugins\codec\libmpeg_audio_plugin.dll
0x522d0000 - 0x522df000 	C:\Program Files (x86)\VideoLAN\VLC\plugins\codec\libaraw_plugin.dll
0x50650000 - 0x50682000 	C:\Program Files (x86)\VideoLAN\VLC\plugins\codec\libopus_plugin.dll
0x522c0000 - 0x522cd000 	C:\Program Files (x86)\VideoLAN\VLC\plugins\codec\liba52_plugin.dll
0x522b0000 - 0x522bd000 	C:\Program Files (x86)\VideoLAN\VLC\plugins\codec\libspudec_plugin.dll
0x19730000 - 0x1a7ab000 	C:\Program Files (x86)\VideoLAN\VLC\plugins\codec\libavcodec_plugin.dll
0x77ce0000 - 0x77e63000 	C:\Program Files (x86)\VideoLAN\VLC\plugins\codec\libzvbi_plugin.dll
0x50640000 - 0x50650000 	C:\Program Files (x86)\VideoLAN\VLC\plugins\codec\libscte27_plugin.dll
0x50610000 - 0x50631000 	C:\Program Files (x86)\VideoLAN\VLC\plugins\codec\libkate_plugin.dll
0x505f0000 - 0x50604000 	C:\Program Files (x86)\VideoLAN\VLC\plugins\codec\libsubsdec_plugin.dll
0x77fd0000 - 0x77ffa000 	C:\Program Files (x86)\VideoLAN\VLC\plugins\codec\liblibmpeg2_plugin.dll
0x505e0000 - 0x505ed000 	C:\Program Files (x86)\VideoLAN\VLC\plugins\codec\libsvcdsub_plugin.dll
0x77fa0000 - 0x77fc2000 	C:\Program Files (x86)\VideoLAN\VLC\plugins\codec\libdvbsub_plugin.dll
0x77f90000 - 0x77f9c000 	C:\Program Files (x86)\VideoLAN\VLC\plugins\codec\libuleaddvaudio_plugin.dll
0x77b30000 - 0x77cdb000 	C:\Program Files (x86)\VideoLAN\VLC\plugins\codec\libx264_plugin.dll
0x77f60000 - 0x77f8e000 	C:\Program Files (x86)\VideoLAN\VLC\plugins\codec\libtwolame_plugin.dll
0x50000000 - 0x5000f000 	C:\Program Files (x86)\VideoLAN\VLC\plugins\sse2\libi420_yuy2_sse2_plugin.dll
0x77f50000 - 0x77f5e000 	C:\Program Files (x86)\VideoLAN\VLC\plugins\mmx\libi420_yuy2_mmx_plugin.dll
0x77eb0000 - 0x77f50000 	C:\Program Files (x86)\VideoLAN\VLC\plugins\video_filter\libswscale_plugin.dll
0x77a70000 - 0x77b2f000 	C:\Program Files (x86)\VideoLAN\VLC\plugins\text_renderer\libfreetype_plugin.dll

VM Arguments:
jvm_args: -Dfile.encoding=UTF-8 
java_command: lancomms.LANCOMMS
java_class_path (initial): C:\Users\user\Documents\School Stuff\4th Year\Capstone\MockDef-262015\lancomms.it184\LANCOMMS\API\mysql-connector-java-5.1.34-bin.jar;C:\Users\user\Documents\School Stuff\4th Year\Capstone\MockDef-262015\lancomms.it184\LANCOMMS\API\jna-3.5.2.jar;C:\Users\user\Documents\School Stuff\4th Year\Capstone\MockDef-262015\lancomms.it184\LANCOMMS\API\platform-3.5.2.jar;C:\Users\user\Documents\School Stuff\4th Year\Capstone\MockDef-262015\lancomms.it184\LANCOMMS\API\vlcj-3.1.0.jar;C:\Users\user\Documents\School Stuff\4th Year\Capstone\MockDef-262015\lancomms.it184\LANCOMMS\API\json-rpc-1.0.jar;C:\Users\user\Documents\School Stuff\4th Year\Capstone\MockDef-262015\lancomms.it184\LANCOMMS\build\classes
Launcher Type: SUN_STANDARD

Environment Variables:
JAVA_HOME=C:\Program Files\Java\jdk1.7.0_51
CLASSPATH=.;.;C:\PROGRA~2\JMF21~1.1E\lib\sound.jar;C:\PROGRA~2\JMF21~1.1E\lib\jmf.jar;C:\PROGRA~2\JMF21~1.1E\lib;
PATH=C:\ProgramData\Oracle\Java\javapath;C:\Program Files (x86)\NVIDIA Corporation\PhysX\Common;C:\Program Files\Common Files\Microsoft Shared\Windows Live;C:\Windows\system32;C:\Windows;C:\Windows\System32\Wbem;C:\Windows\System32\WindowsPowerShell\v1.0\;C:\Program Files\Intel\Intel(R) Management Engine Components\DAL;C:\Program Files\Intel\Intel(R) Management Engine Components\IPT;C:\Program Files (x86)\Intel\Intel(R) Management Engine Components\DAL;C:\Program Files (x86)\Intel\Intel(R) Management Engine Components\IPT;C:\Program Files (x86)\QuickTime\QTSystem\;C:\Program Files\Java\jdk1.7.0_51/bin;C:\Grails\grails-2.3.7/bin;C:\Program Files (x86)\Intel\OpenCL SDK\3.0\bin\x86;C:\Program Files (x86)\Intel\OpenCL SDK\3.0\bin\x64;C:\PROGRA~2\JMF21~1.1E\lib;%CommonProgramFiles%\Microsoft Shared\Windows Live
USERNAME=eufrik
OS=Windows_NT
PROCESSOR_IDENTIFIER=Intel64 Family 6 Model 58 Stepping 9, GenuineIntel



---------------  S Y S T E M  ---------------

OS: Windows 7 , 64 bit Build 7600 

CPU:total 8 (4 cores per cpu, 2 threads per core) family 6 model 58 stepping 9, cmov, cx8, fxsr, mmx, sse, sse2, sse3, ssse3, sse4.1, sse4.2, popcnt, aes, clmul, erms, ht, tsc, tscinvbit, tscinv

Memory: 4k page, physical 8285028k(3116872k free), swap 16568148k(8820508k free)

vm_info: Java HotSpot(TM) Client VM (25.25-b02) for windows-x86 JRE (1.8.0_25-b18), built on Oct  7 2014 14:31:05 by "java_re" with MS VC++ 10.0 (VS2010)

time: Thu Feb 12 03:44:45 2015
elapsed time: 48 seconds (0d 0h 0m 48s)

