#
# A fatal error has been detected by the Java Runtime Environment:
#
#  EXCEPTION_INVALID_HANDLE (0xc0000008) at pc=0x77cc2625, pid=4412, tid=2092
#
# JRE version: Java(TM) SE Runtime Environment (8.0_25-b18) (build 1.8.0_25-b18)
# Java VM: Java HotSpot(TM) Client VM (25.25-b02 mixed mode windows-x86 )
# Problematic frame:
# C  [ntdll.dll+0x82625]
#
# Failed to write core dump. Minidumps are not enabled by default on client versions of Windows
#
# If you would like to submit a bug report, please visit:
#   http://bugreport.sun.com/bugreport/crash.jsp
# The crash happened outside the Java Virtual Machine in native code.
# See problematic frame for where to report the bug.
#

---------------  T H R E A D  ---------------

Current thread (0x16af8400):  JavaThread "Thread-7" [_thread_in_native, id=2092, stack(0x173e0000,0x17430000)]

siginfo: ExceptionCode=0xc0000008

Registers:
EAX=0xc0000008, EBX=0x00000000, ECX=0x75682e09, EDX=0x00000000
ESP=0x1742ef74, EBP=0x1742efc4, ESI=0x15920494, EDI=0x00000000
EIP=0x77cc2625, EFLAGS=0x00000282

Top of Stack: (sp=0x1742ef74)
0x1742ef74:   15920494 15920498 15920494 00003bf8
0x1742ef84:   000007ff 15440000 157288b0 0000077f
0x1742ef94:   157288b0 009b2ba8 00000dbd 1742efe0
0x1742efa4:   77c7b358 009b0000 006c1198 00000000
0x1742efb4:   00000000 00000000 7ef76000 1588cf40
0x1742efc4:   1742efec 77c7b468 00000000 00000000
0x1742efd4:   15920494 1742f740 15920490 00000004
0x1742efe4:   15000000 00000001 1742f00c 637c6653 

Instructions: (pc=0x77cc2625)
0x77cc2605:   08 68 b0 48 c6 77 6a 00 6a 65 89 45 0c e8 89 30
0x77cc2615:   ff ff 83 c4 0c e9 43 8f fb ff 50 e8 e0 92 fd ff
0x77cc2625:   cc 56 e8 79 fe 01 00 e9 cf 8f fb ff 81 67 14 00
0x77cc2635:   00 00 ff e9 1c 65 fd ff b8 f1 00 00 c0 8b e5 5d 


Register to memory mapping:

EAX=0xc0000008 is an unknown value
EBX=0x00000000 is an unknown value
ECX=0x75682e09 is an unknown value
EDX=0x00000000 is an unknown value
ESP=0x1742ef74 is pointing into the stack for thread: 0x16af8400
EBP=0x1742efc4 is pointing into the stack for thread: 0x16af8400
ESI=0x15920494 is an unknown value
EDI=0x00000000 is an unknown value


Stack: [0x173e0000,0x17430000],  sp=0x1742ef74,  free space=315k
Native frames: (J=compiled Java code, j=interpreted, Vv=VM code, C=native code)
C  [ntdll.dll+0x82625]
C  [ntdll.dll+0x3b468]
C  [libvlccore.dll+0x86653]
C  [libvlc.dll+0xab15]
C  [jna5975793565137767142.dll+0xd546]
C  [jna5975793565137767142.dll+0x2e5e]
C  [jna5975793565137767142.dll+0x554e]
j  com.sun.jna.Native.invokeVoid(JI[Ljava/lang/Object;)V+0
j  com.sun.jna.Function.invoke([Ljava/lang/Object;Ljava/lang/Class;Z)Ljava/lang/Object;+48
J 972 C1 com.sun.jna.Function.invoke(Ljava/lang/Class;[Ljava/lang/Object;Ljava/util/Map;)Ljava/lang/Object; (526 bytes) @ 0x028ffaa0 [0x028ff610+0x490]
j  com.sun.jna.Library$Handler.invoke(Ljava/lang/Object;Ljava/lang/reflect/Method;[Ljava/lang/Object;)Ljava/lang/Object;+341
j  com.sun.proxy.$Proxy0.libvlc_media_player_stop(Luk/co/caprica/vlcj/binding/internal/libvlc_media_player_t;)V+16
j  uk.co.caprica.vlcj.player.DefaultMediaPlayer.stop()V+17
j  LCControllers.Call.stopCall()V+4
j  LCControllers.Server$ClientThread.run()V+956
v  ~StubRoutines::call_stub
V  [jvm.dll+0x147285]
V  [jvm.dll+0x20d19e]
V  [jvm.dll+0x14731e]
V  [jvm.dll+0x1474a6]
V  [jvm.dll+0x147517]
V  [jvm.dll+0xf06bf]
V  [jvm.dll+0x1698cc]
V  [jvm.dll+0x16a15a]
V  [jvm.dll+0x1aee06]
C  [msvcr100.dll+0x5c556]
C  [msvcr100.dll+0x5c600]
C  [kernel32.dll+0x13677]
C  [ntdll.dll+0x3c002]
C  [ntdll.dll+0x3bfd5]
C  0x00000000

Java frames: (J=compiled Java code, j=interpreted, Vv=VM code)
j  com.sun.jna.Native.invokeVoid(JI[Ljava/lang/Object;)V+0
j  com.sun.jna.Function.invoke([Ljava/lang/Object;Ljava/lang/Class;Z)Ljava/lang/Object;+48
J 972 C1 com.sun.jna.Function.invoke(Ljava/lang/Class;[Ljava/lang/Object;Ljava/util/Map;)Ljava/lang/Object; (526 bytes) @ 0x028ffaa0 [0x028ff610+0x490]
j  com.sun.jna.Library$Handler.invoke(Ljava/lang/Object;Ljava/lang/reflect/Method;[Ljava/lang/Object;)Ljava/lang/Object;+341
j  com.sun.proxy.$Proxy0.libvlc_media_player_stop(Luk/co/caprica/vlcj/binding/internal/libvlc_media_player_t;)V+16
j  uk.co.caprica.vlcj.player.DefaultMediaPlayer.stop()V+17
j  LCControllers.Call.stopCall()V+4
j  LCControllers.Server$ClientThread.run()V+956
v  ~StubRoutines::call_stub

---------------  P R O C E S S  ---------------

Java Threads: ( => current thread )
=>0x16af8400 JavaThread "Thread-7" [_thread_in_native, id=2092, stack(0x173e0000,0x17430000)]
  0x15697800 JavaThread "Thread-4" [_thread_in_native, id=7048, stack(0x16450000,0x164a0000)]
  0x15694800 JavaThread "Thread-5" [_thread_in_native, id=6216, stack(0x16540000,0x16590000)]
  0x154a1000 JavaThread "Thread-2" [_thread_in_native, id=4588, stack(0x164f0000,0x16540000)]
  0x1567bc00 JavaThread "Abandoned connection cleanup thread" daemon [_thread_blocked, id=6748, stack(0x161a0000,0x161f0000)]
  0x15640800 JavaThread "TimerQueue" daemon [_thread_blocked, id=6916, stack(0x160a0000,0x160f0000)]
  0x009bc800 JavaThread "DestroyJavaVM" [_thread_blocked, id=4688, stack(0x009d0000,0x00a20000)]
  0x154cd000 JavaThread "AWT-EventQueue-0" [_thread_blocked, id=4668, stack(0x15d50000,0x15da0000)]
  0x01258400 JavaThread "AWT-Windows" daemon [_thread_in_native, id=1908, stack(0x15060000,0x150b0000)]
  0x01256c00 JavaThread "AWT-Shutdown" [_thread_blocked, id=6120, stack(0x151f0000,0x15240000)]
  0x01254000 JavaThread "Java2D Disposer" daemon [_thread_blocked, id=2792, stack(0x15110000,0x15160000)]
  0x0112f400 JavaThread "Service Thread" daemon [_thread_blocked, id=3972, stack(0x14f90000,0x14fe0000)]
  0x0110f400 JavaThread "C1 CompilerThread0" daemon [_thread_blocked, id=5560, stack(0x14e80000,0x14ed0000)]
  0x0110dc00 JavaThread "Attach Listener" daemon [_thread_blocked, id=6464, stack(0x14dc0000,0x14e10000)]
  0x0110b000 JavaThread "Signal Dispatcher" daemon [_thread_blocked, id=5972, stack(0x00fe0000,0x01030000)]
  0x008eec00 JavaThread "Finalizer" daemon [_thread_blocked, id=1088, stack(0x14d20000,0x14d70000)]
  0x008e9400 JavaThread "Reference Handler" daemon [_thread_blocked, id=4620, stack(0x01030000,0x01080000)]

Other Threads:
  0x008e4000 VMThread [stack: 0x00240000,0x00290000] [id=3468]
  0x01130800 WatcherThread [stack: 0x14cb0000,0x14d00000] [id=5164]

VM state:not at safepoint (normal execution)

VM Mutex/Monitor currently owned by a thread: None

Heap:
 def new generation   total 6080K, used 168K [0x04800000, 0x04e90000, 0x09d50000)
  eden space 5440K,   2% used [0x04800000, 0x0481e058, 0x04d50000)
  from space 640K,   7% used [0x04d50000, 0x04d5c138, 0x04df0000)
  to   space 640K,   0% used [0x04df0000, 0x04df0000, 0x04e90000)
 tenured generation   total 13316K, used 8705K [0x09d50000, 0x0aa51000, 0x14800000)
   the space 13316K,  65% used [0x09d50000, 0x0a5d0550, 0x0a5d0600, 0x0aa51000)
 Metaspace       used 11591K, capacity 11743K, committed 11904K, reserved 12672K

Card table byte_map: [0x00a20000,0x00ab0000] byte_map_base: 0x009fc000

Polling page: 0x000c0000

CodeCache: size=32768Kb used=2456Kb max_used=2456Kb free=30311Kb
 bounds [0x02710000, 0x02978000, 0x04710000]
 total_blobs=1524 nmethods=1261 adapters=193
 compilation: enabled

Compilation events (10 events):
Event: 155.789 Thread 0x0110f400 1268             javax.swing.Timer$DoPostEvent::run (95 bytes)
Event: 155.790 Thread 0x0110f400 nmethod 1268 0x02974b88 code [0x02974d10, 0x02975230]
Event: 163.504 Thread 0x0110f400 1269             java.lang.Math::round (56 bytes)
Event: 163.504 Thread 0x0110f400 nmethod 1269 0x029756c8 code [0x029757c0, 0x029758b0]
Event: 165.845 Thread 0x0110f400 1270             java.util.WeakHashMap::keySet (28 bytes)
Event: 165.845 Thread 0x0110f400 nmethod 1270 0x02975908 code [0x02975a00, 0x02975af0]
Event: 168.354 Thread 0x0110f400 1271             javax.swing.JFrame::getGraphics (9 bytes)
Event: 168.355 Thread 0x0110f400 nmethod 1271 0x02975b48 code [0x02975c70, 0x02975e74]
Event: 173.203 Thread 0x0110f400 1272             sun.font.TrueTypeFont::getMapper (24 bytes)
Event: 173.203 Thread 0x0110f400 nmethod 1272 0x02975fc8 code [0x029760d0, 0x029761dc]

GC Heap History (10 events):
Event: 125.146 GC heap before
{Heap before GC invocations=11 (full 1):
 def new generation   total 6080K, used 2541K [0x04800000, 0x04e90000, 0x09d50000)
  eden space 5440K,  44% used [0x04800000, 0x04a5b430, 0x04d50000)
  from space 640K,  20% used [0x04d50000, 0x04d70380, 0x04df0000)
  to   space 640K,   0% used [0x04df0000, 0x04df0000, 0x04e90000)
 tenured generation   total 13316K, used 9511K [0x09d50000, 0x0aa51000, 0x14800000)
   the space 13316K,  71% used [0x09d50000, 0x0a699e28, 0x0a69a000, 0x0aa51000)
 Metaspace       used 11598K, capacity 11753K, committed 11904K, reserved 12672K
Event: 125.163 GC heap after
Heap after GC invocations=12 (full 2):
 def new generation   total 6080K, used 0K [0x04800000, 0x04e90000, 0x09d50000)
  eden space 5440K,   0% used [0x04800000, 0x04800000, 0x04d50000)
  from space 640K,   0% used [0x04d50000, 0x04d50000, 0x04df0000)
  to   space 640K,   0% used [0x04df0000, 0x04df0000, 0x04e90000)
 tenured generation   total 13316K, used 7530K [0x09d50000, 0x0aa51000, 0x14800000)
   the space 13316K,  56% used [0x09d50000, 0x0a4aa940, 0x0a4aaa00, 0x0aa51000)
 Metaspace       used 11590K, capacity 11743K, committed 11904K, reserved 12672K
}
Event: 153.687 GC heap before
{Heap before GC invocations=12 (full 2):
 def new generation   total 6080K, used 5440K [0x04800000, 0x04e90000, 0x09d50000)
  eden space 5440K, 100% used [0x04800000, 0x04d50000, 0x04d50000)
  from space 640K,   0% used [0x04d50000, 0x04d50000, 0x04df0000)
  to   space 640K,   0% used [0x04df0000, 0x04df0000, 0x04e90000)
 tenured generation   total 13316K, used 7530K [0x09d50000, 0x0aa51000, 0x14800000)
   the space 13316K,  56% used [0x09d50000, 0x0a4aa940, 0x0a4aaa00, 0x0aa51000)
 Metaspace       used 11591K, capacity 11743K, committed 11904K, reserved 12672K
Event: 153.688 GC heap after
Heap after GC invocations=13 (full 2):
 def new generation   total 6080K, used 104K [0x04800000, 0x04e90000, 0x09d50000)
  eden space 5440K,   0% used [0x04800000, 0x04800000, 0x04d50000)
  from space 640K,  16% used [0x04df0000, 0x04e0a298, 0x04e90000)
  to   space 640K,   0% used [0x04d50000, 0x04d50000, 0x04df0000)
 tenured generation   total 13316K, used 8705K [0x09d50000, 0x0aa51000, 0x14800000)
   the space 13316K,  65% used [0x09d50000, 0x0a5d0550, 0x0a5d0600, 0x0aa51000)
 Metaspace       used 11591K, capacity 11743K, committed 11904K, reserved 12672K
}
Event: 193.227 GC heap before
{Heap before GC invocations=13 (full 2):
 def new generation   total 6080K, used 5544K [0x04800000, 0x04e90000, 0x09d50000)
  eden space 5440K, 100% used [0x04800000, 0x04d50000, 0x04d50000)
  from space 640K,  16% used [0x04df0000, 0x04e0a298, 0x04e90000)
  to   space 640K,   0% used [0x04d50000, 0x04d50000, 0x04df0000)
 tenured generation   total 13316K, used 8705K [0x09d50000, 0x0aa51000, 0x14800000)
   the space 13316K,  65% used [0x09d50000, 0x0a5d0550, 0x0a5d0600, 0x0aa51000)
 Metaspace       used 11591K, capacity 11743K, committed 11904K, reserved 12672K
Event: 193.228 GC heap after
Heap after GC invocations=14 (full 2):
 def new generation   total 6080K, used 48K [0x04800000, 0x04e90000, 0x09d50000)
  eden space 5440K,   0% used [0x04800000, 0x04800000, 0x04d50000)
  from space 640K,   7% used [0x04d50000, 0x04d5c160, 0x04df0000)
  to   space 640K,   0% used [0x04df0000, 0x04df0000, 0x04e90000)
 tenured generation   total 13316K, used 8705K [0x09d50000, 0x0aa51000, 0x14800000)
   the space 13316K,  65% used [0x09d50000, 0x0a5d0550, 0x0a5d0600, 0x0aa51000)
 Metaspace       used 11591K, capacity 11743K, committed 11904K, reserved 12672K
}
Event: 232.786 GC heap before
{Heap before GC invocations=14 (full 2):
 def new generation   total 6080K, used 5488K [0x04800000, 0x04e90000, 0x09d50000)
  eden space 5440K, 100% used [0x04800000, 0x04d50000, 0x04d50000)
  from space 640K,   7% used [0x04d50000, 0x04d5c160, 0x04df0000)
  to   space 640K,   0% used [0x04df0000, 0x04df0000, 0x04e90000)
 tenured generation   total 13316K, used 8705K [0x09d50000, 0x0aa51000, 0x14800000)
   the space 13316K,  65% used [0x09d50000, 0x0a5d0550, 0x0a5d0600, 0x0aa51000)
 Metaspace       used 11591K, capacity 11743K, committed 11904K, reserved 12672K
Event: 232.787 GC heap after
Heap after GC invocations=15 (full 2):
 def new generation   total 6080K, used 49K [0x04800000, 0x04e90000, 0x09d50000)
  eden space 5440K,   0% used [0x04800000, 0x04800000, 0x04d50000)
  from space 640K,   7% used [0x04df0000, 0x04dfc5f0, 0x04e90000)
  to   space 640K,   0% used [0x04d50000, 0x04d50000, 0x04df0000)
 tenured generation   total 13316K, used 8705K [0x09d50000, 0x0aa51000, 0x14800000)
   the space 13316K,  65% used [0x09d50000, 0x0a5d0550, 0x0a5d0600, 0x0aa51000)
 Metaspace       used 11591K, capacity 11743K, committed 11904K, reserved 12672K
}
Event: 272.421 GC heap before
{Heap before GC invocations=15 (full 2):
 def new generation   total 6080K, used 5489K [0x04800000, 0x04e90000, 0x09d50000)
  eden space 5440K, 100% used [0x04800000, 0x04d50000, 0x04d50000)
  from space 640K,   7% used [0x04df0000, 0x04dfc5f0, 0x04e90000)
  to   space 640K,   0% used [0x04d50000, 0x04d50000, 0x04df0000)
 tenured generation   total 13316K, used 8705K [0x09d50000, 0x0aa51000, 0x14800000)
   the space 13316K,  65% used [0x09d50000, 0x0a5d0550, 0x0a5d0600, 0x0aa51000)
 Metaspace       used 11591K, capacity 11743K, committed 11904K, reserved 12672K
Event: 272.422 GC heap after
Heap after GC invocations=16 (full 2):
 def new generation   total 6080K, used 48K [0x04800000, 0x04e90000, 0x09d50000)
  eden space 5440K,   0% used [0x04800000, 0x04800000, 0x04d50000)
  from space 640K,   7% used [0x04d50000, 0x04d5c138, 0x04df0000)
  to   space 640K,   0% used [0x04df0000, 0x04df0000, 0x04e90000)
 tenured generation   total 13316K, used 8705K [0x09d50000, 0x0aa51000, 0x14800000)
   the space 13316K,  65% used [0x09d50000, 0x0a5d0550, 0x0a5d0600, 0x0aa51000)
 Metaspace       used 11591K, capacity 11743K, committed 11904K, reserved 12672K
}

Deoptimization events (0 events):
No events

Internal exceptions (10 events):
Event: 13.744 Thread 0x16af9c00 Exception <a 'java/security/PrivilegedActionException'> (0x04b65468) thrown at [C:\re\workspace\8-2-build-windows-i586-cygwin\jdk8u25\1677\hotspot\src\share\vm\prims\jvm.cpp, line 1312]
Event: 13.775 Thread 0x16af9c00 Exception <a 'java/security/PrivilegedActionException'> (0x04bdaff0) thrown at [C:\re\workspace\8-2-build-windows-i586-cygwin\jdk8u25\1677\hotspot\src\share\vm\prims\jvm.cpp, line 1312]
Event: 13.780 Thread 0x16af9c00 Exception <a 'java/security/PrivilegedActionException'> (0x04c164f8) thrown at [C:\re\workspace\8-2-build-windows-i586-cygwin\jdk8u25\1677\hotspot\src\share\vm\prims\jvm.cpp, line 1312]
Event: 13.781 Thread 0x16af9c00 Exception <a 'java/security/PrivilegedActionException'> (0x04c2c8d0) thrown at [C:\re\workspace\8-2-build-windows-i586-cygwin\jdk8u25\1677\hotspot\src\share\vm\prims\jvm.cpp, line 1312]
Event: 14.918 Thread 0x16af9c00 Exception <a 'java/security/PrivilegedActionException'> (0x048eec28) thrown at [C:\re\workspace\8-2-build-windows-i586-cygwin\jdk8u25\1677\hotspot\src\share\vm\prims\jvm.cpp, line 1312]
Event: 14.920 Thread 0x16af9c00 Exception <a 'java/security/PrivilegedActionException'> (0x049064a0) thrown at [C:\re\workspace\8-2-build-windows-i586-cygwin\jdk8u25\1677\hotspot\src\share\vm\prims\jvm.cpp, line 1312]
Event: 45.900 Thread 0x154cd000 Exception <a 'java/security/PrivilegedActionException'> (0x04b0ac30) thrown at [C:\re\workspace\8-2-build-windows-i586-cygwin\jdk8u25\1677\hotspot\src\share\vm\prims\jvm.cpp, line 1312]
Event: 125.167 Thread 0x15701400 Exception <a 'java/net/SocketException': Socket closed> (0x0480eb00) thrown at [C:\re\workspace\8-2-build-windows-i586-cygwin\jdk8u25\1677\hotspot\src\share\vm\prims\jni.cpp, line 742]
Event: 272.542 Thread 0x16af8400 Exception <a 'sun/net/ConnectionResetException': > (0x04819878) thrown at [C:\re\workspace\8-2-build-windows-i586-cygwin\jdk8u25\1677\hotspot\src\share\vm\prims\jni.cpp, line 742]
Event: 272.542 Thread 0x16af8400 Exception <a 'sun/net/ConnectionResetException': > (0x04819a48) thrown at [C:\re\workspace\8-2-build-windows-i586-cygwin\jdk8u25\1677\hotspot\src\share\vm\prims\jni.cpp, line 742]

Events (10 events):
Event: 153.689 Executing VM operation: RevokeBias
Event: 153.689 Executing VM operation: RevokeBias done
Event: 153.689 Executing VM operation: RevokeBias
Event: 153.689 Executing VM operation: RevokeBias done
Event: 193.227 Executing VM operation: GenCollectForAllocation
Event: 193.228 Executing VM operation: GenCollectForAllocation done
Event: 232.786 Executing VM operation: GenCollectForAllocation
Event: 232.787 Executing VM operation: GenCollectForAllocation done
Event: 272.421 Executing VM operation: GenCollectForAllocation
Event: 272.422 Executing VM operation: GenCollectForAllocation done


Dynamic libraries:
0x012e0000 - 0x01310000 	C:\Program Files (x86)\Java\jdk1.8.0_25\bin\java.exe
0x77c40000 - 0x77dc0000 	C:\Windows\SysWOW64\ntdll.dll
0x75800000 - 0x75910000 	C:\Windows\syswow64\kernel32.dll
0x75cf0000 - 0x75d37000 	C:\Windows\syswow64\KERNELBASE.dll
0x75a30000 - 0x75ad0000 	C:\Windows\syswow64\ADVAPI32.dll
0x77790000 - 0x7783c000 	C:\Windows\syswow64\msvcrt.dll
0x76330000 - 0x76349000 	C:\Windows\SysWOW64\sechost.dll
0x75ad0000 - 0x75bc0000 	C:\Windows\syswow64\RPCRT4.dll
0x757a0000 - 0x75800000 	C:\Windows\syswow64\SspiCli.dll
0x75790000 - 0x7579c000 	C:\Windows\syswow64\CRYPTBASE.dll
0x76490000 - 0x76590000 	C:\Windows\syswow64\USER32.dll
0x759a0000 - 0x75a30000 	C:\Windows\syswow64\GDI32.dll
0x75c40000 - 0x75c4a000 	C:\Windows\syswow64\LPK.dll
0x75d40000 - 0x75ddd000 	C:\Windows\syswow64\USP10.dll
0x742d0000 - 0x7446e000 	C:\Windows\WinSxS\x86_microsoft.windows.common-controls_6595b64144ccf1df_6.0.7600.16661_none_420fe3fa2b8113bd\COMCTL32.dll
0x771e0000 - 0x77237000 	C:\Windows\syswow64\SHLWAPI.dll
0x75de0000 - 0x75e40000 	C:\Windows\system32\IMM32.DLL
0x77640000 - 0x7770c000 	C:\Windows\syswow64\MSCTF.dll
0x559c0000 - 0x55a7f000 	C:\Program Files (x86)\Java\jdk1.8.0_25\jre\bin\msvcr100.dll
0x54770000 - 0x54b14000 	C:\Program Files (x86)\Java\jdk1.8.0_25\jre\bin\client\jvm.dll
0x73d80000 - 0x73d87000 	C:\Windows\system32\WSOCK32.dll
0x77440000 - 0x77475000 	C:\Windows\syswow64\WS2_32.dll
0x75ce0000 - 0x75ce6000 	C:\Windows\syswow64\NSI.dll
0x75360000 - 0x75392000 	C:\Windows\system32\WINMM.dll
0x77c10000 - 0x77c15000 	C:\Windows\syswow64\PSAPI.DLL
0x55b30000 - 0x55b3c000 	C:\Program Files (x86)\Java\jdk1.8.0_25\jre\bin\verify.dll
0x55b00000 - 0x55b21000 	C:\Program Files (x86)\Java\jdk1.8.0_25\jre\bin\java.dll
0x55ae0000 - 0x55af3000 	C:\Program Files (x86)\Java\jdk1.8.0_25\jre\bin\zip.dll
0x76590000 - 0x771d9000 	C:\Windows\syswow64\SHELL32.dll
0x76020000 - 0x7617c000 	C:\Windows\syswow64\ole32.dll
0x73550000 - 0x7355b000 	C:\Windows\system32\profapi.dll
0x55870000 - 0x559b6000 	C:\Program Files (x86)\Java\jdk1.8.0_25\jre\bin\awt.dll
0x761a0000 - 0x7622f000 	C:\Windows\syswow64\OLEAUT32.dll
0x71900000 - 0x71980000 	C:\Windows\system32\uxtheme.dll
0x74180000 - 0x741d8000 	C:\Program Files (x86)\Common Files\microsoft shared\ink\tiptsf.dll
0x6e950000 - 0x6e990000 	C:\Program Files (x86)\TeamViewer\tv_w32.dll
0x75670000 - 0x75679000 	C:\Windows\system32\VERSION.dll
0x71350000 - 0x71363000 	C:\Windows\system32\dwmapi.dll
0x55aa0000 - 0x55ad8000 	C:\Program Files (x86)\Java\jdk1.8.0_25\jre\bin\fontmanager.dll
0x55a80000 - 0x55a95000 	C:\Program Files (x86)\Java\jdk1.8.0_25\jre\bin\net.dll
0x75030000 - 0x7506c000 	C:\Windows\system32\mswsock.dll
0x74980000 - 0x74986000 	C:\Windows\System32\wship6.dll
0x55860000 - 0x5586f000 	C:\Program Files (x86)\Java\jdk1.8.0_25\jre\bin\nio.dll
0x75910000 - 0x75993000 	C:\Windows\syswow64\CLBCatQ.DLL
0x570c0000 - 0x571bb000 	C:\Windows\system32\WindowsCodecs.dll
0x73ad0000 - 0x73b1b000 	C:\Windows\system32\apphelp.dll
0x55800000 - 0x55823000 	C:\Users\user\AppData\Roaming\Dropbox\bin\DropboxExt.24.dll
0x711b0000 - 0x7129b000 	C:\Windows\system32\dbghelp.dll
0x71dc0000 - 0x71e4e000 	C:\Windows\WinSxS\x86_microsoft.vc90.crt_1fc8b3b9a1e18e3b_9.0.30729.6161_none_50934f2ebcb7eb57\MSVCP90.dll
0x71d10000 - 0x71db3000 	C:\Windows\WinSxS\x86_microsoft.vc90.crt_1fc8b3b9a1e18e3b_9.0.30729.6161_none_50934f2ebcb7eb57\MSVCR90.dll
0x55780000 - 0x557b1000 	C:\Windows\system32\EhStorShell.dll
0x75e50000 - 0x75fed000 	C:\Windows\syswow64\SETUPAPI.dll
0x75ff0000 - 0x76017000 	C:\Windows\syswow64\CFGMGR32.dll
0x76180000 - 0x76192000 	C:\Windows\syswow64\DEVOBJ.dll
0x71800000 - 0x718f5000 	C:\Windows\system32\PROPSYS.dll
0x54df0000 - 0x54e5f000 	C:\Windows\system32\ntshrui.dll
0x712b0000 - 0x712c9000 	C:\Windows\system32\srvcli.dll
0x71190000 - 0x7119b000 	C:\Windows\system32\cscapi.dll
0x557f0000 - 0x557fa000 	C:\Windows\system32\slc.dll
0x55830000 - 0x55860000 	C:\Program Files (x86)\Java\jdk1.8.0_25\jre\bin\t2k.dll
0x737f0000 - 0x73806000 	C:\Windows\system32\CRYPTSP.dll
0x73510000 - 0x7354b000 	C:\Windows\system32\rsaenh.dll
0x73400000 - 0x73417000 	C:\Windows\system32\USERENV.dll
0x73d40000 - 0x73d5c000 	C:\Windows\system32\IPHLPAPI.DLL
0x73d30000 - 0x73d37000 	C:\Windows\system32\WINNSI.DLL
0x701b0000 - 0x701c2000 	C:\Windows\system32\dhcpcsvc.DLL
0x6de20000 - 0x6de2d000 	C:\Windows\system32\dhcpcsvc6.DLL
0x71b20000 - 0x71b27000 	C:\Program Files (x86)\Java\jdk1.8.0_25\jre\bin\jaas_nt.dll
0x14d70000 - 0x14dad000 	C:\Users\user\AppData\Local\Temp\jna-eufrik\jna5975793565137767142.dll
0x6fa30000 - 0x6fab4000 	C:\Windows\WinSxS\x86_microsoft.windows.common-controls_6595b64144ccf1df_5.82.7600.16661_none_ebfb56996c72aefc\comctl32.dll
0x71af0000 - 0x71b14000 	C:\Program Files (x86)\VideoLAN\VLC\libvlc.dll
0x63740000 - 0x63991000 	C:\Program Files (x86)\VideoLAN\VLC\libvlccore.dll
0x71aa0000 - 0x71ae8000 	C:\Program Files (x86)\VideoLAN\VLC\plugins\access\libdshow_plugin.dll
0x71b30000 - 0x71b3f000 	C:\Program Files (x86)\VideoLAN\VLC\plugins\audio_output\libdirectsound_plugin.dll
0x71a90000 - 0x71aa0000 	C:\Program Files (x86)\VideoLAN\VLC\plugins\audio_output\libwaveout_plugin.dll
0x71a70000 - 0x71a89000 	C:\Program Files (x86)\VideoLAN\VLC\plugins\video_output\libdirectdraw_plugin.dll
0x71a60000 - 0x71a66000 	C:\Program Files (x86)\Java\jdk1.8.0_25\jre\bin\jawt.dll
0x71a40000 - 0x71a52000 	C:\Program Files (x86)\VideoLAN\VLC\plugins\stream_out\libstream_out_duplicate_plugin.dll
0x719a0000 - 0x71a35000 	C:\Program Files (x86)\VideoLAN\VLC\plugins\stream_out\libstream_out_rtp_plugin.dll
0x71980000 - 0x719a0000 	C:\Program Files (x86)\VideoLAN\VLC\plugins\mux\libmux_ts_plugin.dll
0x75020000 - 0x75025000 	C:\Windows\System32\wshtcpip.dll
0x6db70000 - 0x6db80000 	C:\Windows\system32\NLAapi.dll
0x73b40000 - 0x73b84000 	C:\Windows\system32\DNSAPI.dll
0x6d990000 - 0x6d998000 	C:\Windows\System32\winrnr.dll
0x6d980000 - 0x6d990000 	C:\Windows\system32\napinsp.dll
0x6d960000 - 0x6d972000 	C:\Windows\system32\pnrpnsp.dll
0x74950000 - 0x74974000 	C:\Program Files (x86)\Common Files\Microsoft Shared\Windows Live\WLIDNSP.DLL
0x74920000 - 0x74941000 	C:\Program Files (x86)\Bonjour\mdnsNSP.dll
0x717d0000 - 0x717dc000 	C:\Program Files (x86)\VideoLAN\VLC\plugins\stream_out\libstream_out_display_plugin.dll
0x717b0000 - 0x717c2000 	C:\Program Files (x86)\VideoLAN\VLC\plugins\stream_out\libstream_out_transcode_plugin.dll
0x710f0000 - 0x7116c000 	C:\Program Files (x86)\VideoLAN\VLC\plugins\access\librtp_plugin.dll
0x717e0000 - 0x717ed000 	C:\Program Files (x86)\VideoLAN\VLC\plugins\access\libscreen_plugin.dll
0x70a50000 - 0x70bca000 	C:\Program Files (x86)\VideoLAN\VLC\plugins\meta_engine\libtaglib_plugin.dll
0x716c0000 - 0x71710000 	C:\Program Files (x86)\VideoLAN\VLC\plugins\lua\liblua_plugin.dll
0x713a0000 - 0x713fa000 	C:\Program Files (x86)\VideoLAN\VLC\plugins\codec\libtheora_plugin.dll
0x716b0000 - 0x716bd000 	C:\Program Files (x86)\VideoLAN\VLC\plugins\codec\librawvideo_plugin.dll
0x710a0000 - 0x710ef000 	C:\Program Files (x86)\VideoLAN\VLC\plugins\codec\libpng_plugin.dll
0x717a0000 - 0x717ad000 	C:\Program Files (x86)\VideoLAN\VLC\plugins\codec\libcdg_plugin.dll
0x70900000 - 0x70a41000 	C:\Program Files (x86)\VideoLAN\VLC\plugins\codec\libschroedinger_plugin.dll
0x716a0000 - 0x716ad000 	C:\Program Files (x86)\VideoLAN\VLC\plugins\codec\libdts_plugin.dll
0x71040000 - 0x7109c000 	C:\Program Files (x86)\VideoLAN\VLC\plugins\codec\libfaad_plugin.dll
0x71000000 - 0x71038000 	C:\Program Files (x86)\VideoLAN\VLC\plugins\codec\libflac_plugin.dll
0x71690000 - 0x7169f000 	C:\Program Files (x86)\VideoLAN\VLC\plugins\codec\libg711_plugin.dll
0x71650000 - 0x7165c000 	C:\Program Files (x86)\VideoLAN\VLC\plugins\codec\libaes3_plugin.dll
0x63480000 - 0x635dc000 	C:\Program Files (x86)\VideoLAN\VLC\plugins\codec\liblibass_plugin.dll
0x708d0000 - 0x708fb000 	C:\Program Files (x86)\VideoLAN\VLC\plugins\codec\libspeex_plugin.dll
0x71390000 - 0x7139e000 	C:\Program Files (x86)\VideoLAN\VLC\plugins\codec\liblpcm_plugin.dll
0x63680000 - 0x6373b000 	C:\Program Files (x86)\VideoLAN\VLC\plugins\codec\libvorbis_plugin.dll
0x70ff0000 - 0x70ffd000 	C:\Program Files (x86)\VideoLAN\VLC\plugins\codec\libmpeg_audio_plugin.dll
0x70fe0000 - 0x70fef000 	C:\Program Files (x86)\VideoLAN\VLC\plugins\codec\libaraw_plugin.dll
0x70890000 - 0x708c2000 	C:\Program Files (x86)\VideoLAN\VLC\plugins\codec\libopus_plugin.dll
0x70880000 - 0x7088d000 	C:\Program Files (x86)\VideoLAN\VLC\plugins\codec\liba52_plugin.dll
0x70870000 - 0x7087d000 	C:\Program Files (x86)\VideoLAN\VLC\plugins\codec\libspudec_plugin.dll
0x5ad70000 - 0x5bdeb000 	C:\Program Files (x86)\VideoLAN\VLC\plugins\codec\libavcodec_plugin.dll
0x632f0000 - 0x63473000 	C:\Program Files (x86)\VideoLAN\VLC\plugins\codec\libzvbi_plugin.dll
0x70860000 - 0x70870000 	C:\Program Files (x86)\VideoLAN\VLC\plugins\codec\libscte27_plugin.dll
0x70490000 - 0x704b1000 	C:\Program Files (x86)\VideoLAN\VLC\plugins\codec\libkate_plugin.dll
0x70840000 - 0x70854000 	C:\Program Files (x86)\VideoLAN\VLC\plugins\codec\libsubsdec_plugin.dll
0x6d830000 - 0x6d85a000 	C:\Program Files (x86)\VideoLAN\VLC\plugins\codec\liblibmpeg2_plugin.dll
0x6c9e0000 - 0x6c9ed000 	C:\Program Files (x86)\VideoLAN\VLC\plugins\codec\libsvcdsub_plugin.dll
0x63650000 - 0x63672000 	C:\Program Files (x86)\VideoLAN\VLC\plugins\codec\libdvbsub_plugin.dll
0x6a450000 - 0x6a45c000 	C:\Program Files (x86)\VideoLAN\VLC\plugins\codec\libuleaddvaudio_plugin.dll
0x63140000 - 0x632eb000 	C:\Program Files (x86)\VideoLAN\VLC\plugins\codec\libx264_plugin.dll
0x63620000 - 0x6364e000 	C:\Program Files (x86)\VideoLAN\VLC\plugins\codec\libtwolame_plugin.dll
0x6a440000 - 0x6a44f000 	C:\Program Files (x86)\VideoLAN\VLC\plugins\sse2\libi420_yuy2_sse2_plugin.dll
0x683b0000 - 0x683be000 	C:\Program Files (x86)\VideoLAN\VLC\plugins\mmx\libi420_yuy2_mmx_plugin.dll
0x630a0000 - 0x63140000 	C:\Program Files (x86)\VideoLAN\VLC\plugins\video_filter\libswscale_plugin.dll
0x62fe0000 - 0x6309f000 	C:\Program Files (x86)\VideoLAN\VLC\plugins\text_renderer\libfreetype_plugin.dll

VM Arguments:
jvm_args: -Dfile.encoding=UTF-8 
java_command: lancomms.LANCOMMS
java_class_path (initial): C:\Users\user\Documents\School Stuff\4th Year\Capstone\MockDef-262015\lancomms.it184\LANCOMMS\API\mysql-connector-java-5.1.34-bin.jar;C:\Users\user\Documents\School Stuff\4th Year\Capstone\MockDef-262015\lancomms.it184\LANCOMMS\API\jna-3.5.2.jar;C:\Users\user\Documents\School Stuff\4th Year\Capstone\MockDef-262015\lancomms.it184\LANCOMMS\API\platform-3.5.2.jar;C:\Users\user\Documents\School Stuff\4th Year\Capstone\MockDef-262015\lancomms.it184\LANCOMMS\API\vlcj-3.1.0.jar;C:\Users\user\Documents\School Stuff\4th Year\Capstone\MockDef-262015\lancomms.it184\LANCOMMS\API\json-rpc-1.0.jar;C:\Users\user\Documents\School Stuff\4th Year\Capstone\MockDef-262015\lancomms.it184\LANCOMMS\build\classes
Launcher Type: SUN_STANDARD

Environment Variables:
JAVA_HOME=C:\Program Files\Java\jdk1.7.0_51
CLASSPATH=.;.;C:\PROGRA~2\JMF21~1.1E\lib\sound.jar;C:\PROGRA~2\JMF21~1.1E\lib\jmf.jar;C:\PROGRA~2\JMF21~1.1E\lib;
PATH=C:\ProgramData\Oracle\Java\javapath;C:\Program Files (x86)\NVIDIA Corporation\PhysX\Common;C:\Program Files\Common Files\Microsoft Shared\Windows Live;C:\Windows\system32;C:\Windows;C:\Windows\System32\Wbem;C:\Windows\System32\WindowsPowerShell\v1.0\;C:\Program Files\Intel\Intel(R) Management Engine Components\DAL;C:\Program Files\Intel\Intel(R) Management Engine Components\IPT;C:\Program Files (x86)\Intel\Intel(R) Management Engine Components\DAL;C:\Program Files (x86)\Intel\Intel(R) Management Engine Components\IPT;C:\Program Files (x86)\QuickTime\QTSystem\;C:\Program Files\Java\jdk1.7.0_51/bin;C:\Grails\grails-2.3.7/bin;C:\Program Files (x86)\Intel\OpenCL SDK\3.0\bin\x86;C:\Program Files (x86)\Intel\OpenCL SDK\3.0\bin\x64;C:\PROGRA~2\JMF21~1.1E\lib;%CommonProgramFiles%\Microsoft Shared\Windows Live
USERNAME=eufrik
OS=Windows_NT
PROCESSOR_IDENTIFIER=Intel64 Family 6 Model 58 Stepping 9, GenuineIntel



---------------  S Y S T E M  ---------------

OS: Windows 7 , 64 bit Build 7600 

CPU:total 8 (4 cores per cpu, 2 threads per core) family 6 model 58 stepping 9, cmov, cx8, fxsr, mmx, sse, sse2, sse3, ssse3, sse4.1, sse4.2, popcnt, aes, clmul, erms, ht, tsc, tscinvbit, tscinv

Memory: 4k page, physical 8285028k(3738440k free), swap 16568148k(9699884k free)

vm_info: Java HotSpot(TM) Client VM (25.25-b02) for windows-x86 JRE (1.8.0_25-b18), built on Oct  7 2014 14:31:05 by "java_re" with MS VC++ 10.0 (VS2010)

time: Thu Feb 12 12:45:04 2015
elapsed time: 272 seconds (0d 0h 4m 32s)

