#
# A fatal error has been detected by the Java Runtime Environment:
#
#  EXCEPTION_INVALID_HANDLE (0xc0000008) at pc=0x77212625, pid=3876, tid=4180
#
# JRE version: Java(TM) SE Runtime Environment (8.0_25-b18) (build 1.8.0_25-b18)
# Java VM: Java HotSpot(TM) Client VM (25.25-b02 mixed mode windows-x86 )
# Problematic frame:
# C  [ntdll.dll+0x82625]
#
# Failed to write core dump. Minidumps are not enabled by default on client versions of Windows
#
# If you would like to submit a bug report, please visit:
#   http://bugreport.sun.com/bugreport/crash.jsp
# The crash happened outside the Java Virtual Machine in native code.
# See problematic frame for where to report the bug.
#

---------------  T H R E A D  ---------------

Current thread (0x15845000):  JavaThread "Thread-7" [_thread_in_native, id=4180, stack(0x16c20000,0x16c70000)]

siginfo: ExceptionCode=0xc0000008

Registers:
EAX=0xc0000008, EBX=0x00000000, ECX=0x74c72e09, EDX=0x00000000
ESP=0x16c6eb44, EBP=0x16c6eb94, ESI=0x159300a4, EDI=0x00000000
EIP=0x77212625, EFLAGS=0x00000282

Top of Stack: (sp=0x16c6eb44)
0x16c6eb44:   159300a4 159300a8 159300a4 14803a40
0x16c6eb54:   15845000 14803a40 15845000 00000001
0x16c6eb64:   16c6eb98 52d9a687 16c6f0ac 14803a40
0x16c6eb74:   15845000 14806138 15633548 00000000
0x16c6eb84:   00000000 00000000 7ef73000 15893ea0
0x16c6eb94:   16c6ebbc 771cb468 00000000 00000000
0x16c6eba4:   159300a4 16c6f310 159300a0 00000004
0x16c6ebb4:   15000000 00000001 16c6ebdc 50406653 

Instructions: (pc=0x77212625)
0x77212605:   08 68 b0 48 1b 77 6a 00 6a 65 89 45 0c e8 89 30
0x77212615:   ff ff 83 c4 0c e9 43 8f fb ff 50 e8 e0 92 fd ff
0x77212625:   cc 56 e8 79 fe 01 00 e9 cf 8f fb ff 81 67 14 00
0x77212635:   00 00 ff e9 1c 65 fd ff b8 f1 00 00 c0 8b e5 5d 


Register to memory mapping:

EAX=0xc0000008 is an unknown value
EBX=0x00000000 is an unknown value
ECX=0x74c72e09 is an unknown value
EDX=0x00000000 is an unknown value
ESP=0x16c6eb44 is pointing into the stack for thread: 0x15845000
EBP=0x16c6eb94 is pointing into the stack for thread: 0x15845000
ESI=0x159300a4 is an unknown value
EDI=0x00000000 is an unknown value


Stack: [0x16c20000,0x16c70000],  sp=0x16c6eb44,  free space=314k
Native frames: (J=compiled Java code, j=interpreted, Vv=VM code, C=native code)
C  [ntdll.dll+0x82625]
C  [ntdll.dll+0x3b468]
C  [libvlccore.dll+0x86653]
C  [libvlc.dll+0xab15]
C  [jna5412348328609361443.dll+0xd546]
C  [jna5412348328609361443.dll+0x2e5e]
C  [jna5412348328609361443.dll+0x554e]
j  com.sun.jna.Native.invokeVoid(JI[Ljava/lang/Object;)V+0
j  com.sun.jna.Function.invoke([Ljava/lang/Object;Ljava/lang/Class;Z)Ljava/lang/Object;+48
j  com.sun.jna.Function.invoke(Ljava/lang/Class;[Ljava/lang/Object;Ljava/util/Map;)Ljava/lang/Object;+214
j  com.sun.jna.Library$Handler.invoke(Ljava/lang/Object;Ljava/lang/reflect/Method;[Ljava/lang/Object;)Ljava/lang/Object;+341
j  com.sun.proxy.$Proxy0.libvlc_media_player_stop(Luk/co/caprica/vlcj/binding/internal/libvlc_media_player_t;)V+16
j  uk.co.caprica.vlcj.player.DefaultMediaPlayer.stop()V+17
j  LCControllers.Call.stopCall()V+4
j  LCControllers.Server$ClientThread.run()V+731
v  ~StubRoutines::call_stub
V  [jvm.dll+0x147285]
V  [jvm.dll+0x20d19e]
V  [jvm.dll+0x14731e]
V  [jvm.dll+0x1474a6]
V  [jvm.dll+0x147517]
V  [jvm.dll+0xf06bf]
V  [jvm.dll+0x1698cc]
V  [jvm.dll+0x16a15a]
V  [jvm.dll+0x1aee06]
C  [msvcr100.dll+0x5c556]
C  [msvcr100.dll+0x5c600]
C  [kernel32.dll+0x13677]
C  [ntdll.dll+0x3c002]
C  [ntdll.dll+0x3bfd5]
C  0x00000000

Java frames: (J=compiled Java code, j=interpreted, Vv=VM code)
j  com.sun.jna.Native.invokeVoid(JI[Ljava/lang/Object;)V+0
j  com.sun.jna.Function.invoke([Ljava/lang/Object;Ljava/lang/Class;Z)Ljava/lang/Object;+48
j  com.sun.jna.Function.invoke(Ljava/lang/Class;[Ljava/lang/Object;Ljava/util/Map;)Ljava/lang/Object;+214
j  com.sun.jna.Library$Handler.invoke(Ljava/lang/Object;Ljava/lang/reflect/Method;[Ljava/lang/Object;)Ljava/lang/Object;+341
j  com.sun.proxy.$Proxy0.libvlc_media_player_stop(Luk/co/caprica/vlcj/binding/internal/libvlc_media_player_t;)V+16
j  uk.co.caprica.vlcj.player.DefaultMediaPlayer.stop()V+17
j  LCControllers.Call.stopCall()V+4
j  LCControllers.Server$ClientThread.run()V+731
v  ~StubRoutines::call_stub

---------------  P R O C E S S  ---------------

Java Threads: ( => current thread )
=>0x15845000 JavaThread "Thread-7" [_thread_in_native, id=4180, stack(0x16c20000,0x16c70000)]
  0x15788800 JavaThread "Thread-4" [_thread_in_native, id=3696, stack(0x169e0000,0x16a30000)]
  0x15788400 JavaThread "Thread-5" [_thread_in_native, id=8104, stack(0x166c0000,0x16710000)]
  0x157bc800 JavaThread "Thread-3" [_thread_in_native, id=7740, stack(0x16110000,0x16160000)]
  0x157bc400 JavaThread "Thread-2" [_thread_in_native, id=2456, stack(0x16860000,0x168b0000)]
  0x1566e000 JavaThread "Abandoned connection cleanup thread" daemon [_thread_blocked, id=3436, stack(0x16530000,0x16580000)]
  0x1564a800 JavaThread "TimerQueue" daemon [_thread_blocked, id=5680, stack(0x16320000,0x16370000)]
  0x002dc800 JavaThread "DestroyJavaVM" [_thread_blocked, id=5984, stack(0x00b50000,0x00ba0000)]
  0x154cf800 JavaThread "AWT-EventQueue-0" [_thread_blocked, id=7976, stack(0x15bc0000,0x15c10000)]
  0x14e2a000 JavaThread "AWT-Windows" daemon [_thread_in_native, id=1596, stack(0x151e0000,0x15230000)]
  0x14e28c00 JavaThread "AWT-Shutdown" [_thread_blocked, id=7268, stack(0x15190000,0x151e0000)]
  0x14e26000 JavaThread "Java2D Disposer" daemon [_thread_blocked, id=7296, stack(0x14fa0000,0x14ff0000)]
  0x14cff400 JavaThread "Service Thread" daemon [_thread_blocked, id=4564, stack(0x011d0000,0x01220000)]
  0x14cdf400 JavaThread "C1 CompilerThread0" daemon [_thread_blocked, id=6720, stack(0x00a20000,0x00a70000)]
  0x14cddc00 JavaThread "Attach Listener" daemon [_thread_blocked, id=3488, stack(0x010f0000,0x01140000)]
  0x14cdb000 JavaThread "Signal Dispatcher" daemon [_thread_blocked, id=8072, stack(0x046e0000,0x04730000)]
  0x0093ec00 JavaThread "Finalizer" daemon [_thread_blocked, id=7708, stack(0x01160000,0x011b0000)]
  0x00939400 JavaThread "Reference Handler" daemon [_thread_blocked, id=4668, stack(0x00ff0000,0x01040000)]

Other Threads:
  0x00934000 VMThread [stack: 0x00e70000,0x00ec0000] [id=5520]
  0x14d00400 WatcherThread [stack: 0x14e60000,0x14eb0000] [id=7776]

VM state:not at safepoint (normal execution)

VM Mutex/Monitor currently owned by a thread: None

Heap:
 def new generation   total 4928K, used 2177K [0x04800000, 0x04d50000, 0x09d50000)
  eden space 4416K,  42% used [0x04800000, 0x049d0260, 0x04c50000)
  from space 512K,  62% used [0x04cd0000, 0x04d201f0, 0x04d50000)
  to   space 512K,   0% used [0x04c50000, 0x04c50000, 0x04cd0000)
 tenured generation   total 10944K, used 10914K [0x09d50000, 0x0a800000, 0x14800000)
   the space 10944K,  99% used [0x09d50000, 0x0a7f8af8, 0x0a7f8c00, 0x0a800000)
 Metaspace       used 11570K, capacity 11721K, committed 11776K, reserved 12672K

Card table byte_map: [0x00950000,0x009e0000] byte_map_base: 0x0092c000

Polling page: 0x00170000

CodeCache: size=32768Kb used=1712Kb max_used=1712Kb free=31055Kb
 bounds [0x02660000, 0x02810000, 0x04660000]
 total_blobs=976 nmethods=716 adapters=191
 compilation: enabled

Compilation events (10 events):
Event: 17.789 Thread 0x14cdf400  720             java.awt.Container$MouseEventTargetFilter::accept (66 bytes)
Event: 17.789 Thread 0x14cdf400 nmethod 720 0x0280b7c8 code [0x0280b8c0, 0x0280b9f0]
Event: 17.964 Thread 0x14cdf400  721             java.awt.geom.AffineTransform::<init> (69 bytes)
Event: 17.965 Thread 0x14cdf400 nmethod 721 0x0280ba48 code [0x0280bb40, 0x0280bc10]
Event: 18.806 Thread 0x14cdf400  722             uk.co.caprica.vlcj.binding.internal.libvlc_event_e::intValue (5 bytes)
Event: 18.806 Thread 0x14cdf400 nmethod 722 0x0280bc88 code [0x0280bd80, 0x0280be00]
Event: 18.807 Thread 0x14cdf400  723             java.awt.Toolkit::getEventQueue (7 bytes)
Event: 18.807 Thread 0x14cdf400 nmethod 723 0x0280be48 code [0x0280bf70, 0x0280c1e4]
Event: 18.822 Thread 0x14cdf400  724             java.awt.Component::getObjectLock (5 bytes)
Event: 18.822 Thread 0x14cdf400 nmethod 724 0x0280c348 code [0x0280c440, 0x0280c4c0]

GC Heap History (10 events):
Event: 4.013 GC heap before
{Heap before GC invocations=2 (full 0):
 def new generation   total 4928K, used 4928K [0x04800000, 0x04d50000, 0x09d50000)
  eden space 4416K, 100% used [0x04800000, 0x04c50000, 0x04c50000)
  from space 512K, 100% used [0x04c50000, 0x04cd0000, 0x04cd0000)
  to   space 512K,   0% used [0x04cd0000, 0x04cd0000, 0x04d50000)
 tenured generation   total 10944K, used 3226K [0x09d50000, 0x0a800000, 0x14800000)
   the space 10944K,  29% used [0x09d50000, 0x0a076828, 0x0a076a00, 0x0a800000)
 Metaspace       used 8803K, capacity 8908K, committed 8960K, reserved 9600K
Event: 4.017 GC heap after
Heap after GC invocations=3 (full 0):
 def new generation   total 4928K, used 512K [0x04800000, 0x04d50000, 0x09d50000)
  eden space 4416K,   0% used [0x04800000, 0x04800000, 0x04c50000)
  from space 512K, 100% used [0x04cd0000, 0x04d50000, 0x04d50000)
  to   space 512K,   0% used [0x04c50000, 0x04c50000, 0x04cd0000)
 tenured generation   total 10944K, used 5056K [0x09d50000, 0x0a800000, 0x14800000)
   the space 10944K,  46% used [0x09d50000, 0x0a240210, 0x0a240400, 0x0a800000)
 Metaspace       used 8803K, capacity 8908K, committed 8960K, reserved 9600K
}
Event: 4.829 GC heap before
{Heap before GC invocations=3 (full 0):
 def new generation   total 4928K, used 4928K [0x04800000, 0x04d50000, 0x09d50000)
  eden space 4416K, 100% used [0x04800000, 0x04c50000, 0x04c50000)
  from space 512K, 100% used [0x04cd0000, 0x04d50000, 0x04d50000)
  to   space 512K,   0% used [0x04c50000, 0x04c50000, 0x04cd0000)
 tenured generation   total 10944K, used 5056K [0x09d50000, 0x0a800000, 0x14800000)
   the space 10944K,  46% used [0x09d50000, 0x0a240210, 0x0a240400, 0x0a800000)
 Metaspace       used 10423K, capacity 10521K, committed 10624K, reserved 10624K
Event: 4.835 GC heap after
Heap after GC invocations=4 (full 0):
 def new generation   total 4928K, used 512K [0x04800000, 0x04d50000, 0x09d50000)
  eden space 4416K,   0% used [0x04800000, 0x04800000, 0x04c50000)
  from space 512K, 100% used [0x04c50000, 0x04cd0000, 0x04cd0000)
  to   space 512K,   0% used [0x04cd0000, 0x04cd0000, 0x04d50000)
 tenured generation   total 10944K, used 7439K [0x09d50000, 0x0a800000, 0x14800000)
   the space 10944K,  67% used [0x09d50000, 0x0a493ed0, 0x0a494000, 0x0a800000)
 Metaspace       used 10423K, capacity 10521K, committed 10624K, reserved 10624K
}
Event: 15.354 GC heap before
{Heap before GC invocations=4 (full 0):
 def new generation   total 4928K, used 4928K [0x04800000, 0x04d50000, 0x09d50000)
  eden space 4416K, 100% used [0x04800000, 0x04c50000, 0x04c50000)
  from space 512K, 100% used [0x04c50000, 0x04cd0000, 0x04cd0000)
  to   space 512K,   0% used [0x04cd0000, 0x04cd0000, 0x04d50000)
 tenured generation   total 10944K, used 7439K [0x09d50000, 0x0a800000, 0x14800000)
   the space 10944K,  67% used [0x09d50000, 0x0a493ed0, 0x0a494000, 0x0a800000)
 Metaspace       used 11105K, capacity 11232K, committed 11392K, reserved 11648K
Event: 15.357 GC heap after
Heap after GC invocations=5 (full 0):
 def new generation   total 4928K, used 512K [0x04800000, 0x04d50000, 0x09d50000)
  eden space 4416K,   0% used [0x04800000, 0x04800000, 0x04c50000)
  from space 512K, 100% used [0x04cd0000, 0x04d50000, 0x04d50000)
  to   space 512K,   0% used [0x04c50000, 0x04c50000, 0x04cd0000)
 tenured generation   total 10944K, used 8928K [0x09d50000, 0x0a800000, 0x14800000)
   the space 10944K,  81% used [0x09d50000, 0x0a608070, 0x0a608200, 0x0a800000)
 Metaspace       used 11105K, capacity 11232K, committed 11392K, reserved 11648K
}
Event: 15.510 GC heap before
{Heap before GC invocations=5 (full 0):
 def new generation   total 4928K, used 4541K [0x04800000, 0x04d50000, 0x09d50000)
  eden space 4416K,  91% used [0x04800000, 0x04bef5e0, 0x04c50000)
  from space 512K, 100% used [0x04cd0000, 0x04d50000, 0x04d50000)
  to   space 512K,   0% used [0x04c50000, 0x04c50000, 0x04cd0000)
 tenured generation   total 10944K, used 8928K [0x09d50000, 0x0a800000, 0x14800000)
   the space 10944K,  81% used [0x09d50000, 0x0a608070, 0x0a608200, 0x0a800000)
 Metaspace       used 11446K, capacity 11555K, committed 11648K, reserved 11648K
Event: 15.514 GC heap after
Heap after GC invocations=6 (full 0):
 def new generation   total 4928K, used 493K [0x04800000, 0x04d50000, 0x09d50000)
  eden space 4416K,   0% used [0x04800000, 0x04800000, 0x04c50000)
  from space 512K,  96% used [0x04c50000, 0x04ccb428, 0x04cd0000)
  to   space 512K,   0% used [0x04cd0000, 0x04cd0000, 0x04d50000)
 tenured generation   total 10944K, used 9248K [0x09d50000, 0x0a800000, 0x14800000)
   the space 10944K,  84% used [0x09d50000, 0x0a658278, 0x0a658400, 0x0a800000)
 Metaspace       used 11446K, capacity 11555K, committed 11648K, reserved 11648K
}
Event: 15.658 GC heap before
{Heap before GC invocations=6 (full 0):
 def new generation   total 4928K, used 4909K [0x04800000, 0x04d50000, 0x09d50000)
  eden space 4416K, 100% used [0x04800000, 0x04c50000, 0x04c50000)
  from space 512K,  96% used [0x04c50000, 0x04ccb428, 0x04cd0000)
  to   space 512K,   0% used [0x04cd0000, 0x04cd0000, 0x04d50000)
 tenured generation   total 10944K, used 9248K [0x09d50000, 0x0a800000, 0x14800000)
   the space 10944K,  84% used [0x09d50000, 0x0a658278, 0x0a658400, 0x0a800000)
 Metaspace       used 11558K, capacity 11718K, committed 11776K, reserved 12672K
Event: 15.661 GC heap after
Heap after GC invocations=7 (full 0):
 def new generation   total 4928K, used 320K [0x04800000, 0x04d50000, 0x09d50000)
  eden space 4416K,   0% used [0x04800000, 0x04800000, 0x04c50000)
  from space 512K,  62% used [0x04cd0000, 0x04d201f0, 0x04d50000)
  to   space 512K,   0% used [0x04c50000, 0x04c50000, 0x04cd0000)
 tenured generation   total 10944K, used 10914K [0x09d50000, 0x0a800000, 0x14800000)
   the space 10944K,  99% used [0x09d50000, 0x0a7f8af8, 0x0a7f8c00, 0x0a800000)
 Metaspace       used 11558K, capacity 11718K, committed 11776K, reserved 12672K
}

Deoptimization events (0 events):
No events

Internal exceptions (10 events):
Event: 15.571 Thread 0x15846400 Exception <a 'java/security/PrivilegedActionException'> (0x04a88e48) thrown at [C:\re\workspace\8-2-build-windows-i586-cygwin\jdk8u25\1677\hotspot\src\share\vm\prims\jvm.cpp, line 1312]
Event: 15.591 Thread 0x15846c00 Exception <a 'java/security/PrivilegedActionException'> (0x04b0d358) thrown at [C:\re\workspace\8-2-build-windows-i586-cygwin\jdk8u25\1677\hotspot\src\share\vm\prims\jvm.cpp, line 1312]
Event: 15.593 Thread 0x15846c00 Exception <a 'java/security/PrivilegedActionException'> (0x04b27220) thrown at [C:\re\workspace\8-2-build-windows-i586-cygwin\jdk8u25\1677\hotspot\src\share\vm\prims\jvm.cpp, line 1312]
Event: 15.595 Thread 0x15846c00 Exception <a 'java/security/PrivilegedActionException'> (0x04b4a1d8) thrown at [C:\re\workspace\8-2-build-windows-i586-cygwin\jdk8u25\1677\hotspot\src\share\vm\prims\jvm.cpp, line 1312]
Event: 15.633 Thread 0x15846c00 Exception <a 'java/security/PrivilegedActionException'> (0x04bca0b8) thrown at [C:\re\workspace\8-2-build-windows-i586-cygwin\jdk8u25\1677\hotspot\src\share\vm\prims\jvm.cpp, line 1312]
Event: 15.640 Thread 0x15846c00 Exception <a 'java/security/PrivilegedActionException'> (0x04c0cc10) thrown at [C:\re\workspace\8-2-build-windows-i586-cygwin\jdk8u25\1677\hotspot\src\share\vm\prims\jvm.cpp, line 1312]
Event: 15.641 Thread 0x15846c00 Exception <a 'java/security/PrivilegedActionException'> (0x04c23008) thrown at [C:\re\workspace\8-2-build-windows-i586-cygwin\jdk8u25\1677\hotspot\src\share\vm\prims\jvm.cpp, line 1312]
Event: 16.729 Thread 0x15846c00 Exception <a 'java/security/PrivilegedActionException'> (0x048db720) thrown at [C:\re\workspace\8-2-build-windows-i586-cygwin\jdk8u25\1677\hotspot\src\share\vm\prims\jvm.cpp, line 1312]
Event: 16.731 Thread 0x15846c00 Exception <a 'java/security/PrivilegedActionException'> (0x048f1a88) thrown at [C:\re\workspace\8-2-build-windows-i586-cygwin\jdk8u25\1677\hotspot\src\share\vm\prims\jvm.cpp, line 1312]
Event: 18.743 Thread 0x154cf800 Exception <a 'java/security/PrivilegedActionException'> (0x04989778) thrown at [C:\re\workspace\8-2-build-windows-i586-cygwin\jdk8u25\1677\hotspot\src\share\vm\prims\jvm.cpp, line 1312]

Events (10 events):
Event: 18.819 Executing VM operation: RevokeBias
Event: 18.819 Executing VM operation: RevokeBias done
Event: 18.820 Executing VM operation: RevokeBias
Event: 18.820 Executing VM operation: RevokeBias done
Event: 18.820 Executing VM operation: RevokeBias
Event: 18.820 Executing VM operation: RevokeBias done
Event: 18.820 Executing VM operation: RevokeBias
Event: 18.820 Executing VM operation: RevokeBias done
Event: 18.820 Executing VM operation: RevokeBias
Event: 18.821 Executing VM operation: RevokeBias done


Dynamic libraries:
0x01230000 - 0x01260000 	C:\Program Files (x86)\Java\jdk1.8.0_25\bin\java.exe
0x77190000 - 0x77310000 	C:\Windows\SysWOW64\ntdll.dll
0x76c80000 - 0x76d90000 	C:\Windows\syswow64\kernel32.dll
0x765a0000 - 0x765e7000 	C:\Windows\syswow64\KERNELBASE.dll
0x765f0000 - 0x76690000 	C:\Windows\syswow64\ADVAPI32.dll
0x754f0000 - 0x7559c000 	C:\Windows\syswow64\msvcrt.dll
0x769d0000 - 0x769e9000 	C:\Windows\SysWOW64\sechost.dll
0x764b0000 - 0x765a0000 	C:\Windows\syswow64\RPCRT4.dll
0x74cf0000 - 0x74d50000 	C:\Windows\syswow64\SspiCli.dll
0x74ce0000 - 0x74cec000 	C:\Windows\syswow64\CRYPTBASE.dll
0x753e0000 - 0x754e0000 	C:\Windows\syswow64\USER32.dll
0x76bc0000 - 0x76c50000 	C:\Windows\syswow64\GDI32.dll
0x762d0000 - 0x762da000 	C:\Windows\syswow64\LPK.dll
0x76370000 - 0x7640d000 	C:\Windows\syswow64\USP10.dll
0x73290000 - 0x7342e000 	C:\Windows\WinSxS\x86_microsoft.windows.common-controls_6595b64144ccf1df_6.0.7600.16661_none_420fe3fa2b8113bd\COMCTL32.dll
0x769f0000 - 0x76a47000 	C:\Windows\syswow64\SHLWAPI.dll
0x750a0000 - 0x75100000 	C:\Windows\system32\IMM32.DLL
0x74eb0000 - 0x74f7c000 	C:\Windows\syswow64\MSCTF.dll
0x53630000 - 0x536ef000 	C:\Program Files (x86)\Java\jdk1.8.0_25\jre\bin\msvcr100.dll
0x52d20000 - 0x530c4000 	C:\Program Files (x86)\Java\jdk1.8.0_25\jre\bin\client\jvm.dll
0x74be0000 - 0x74be7000 	C:\Windows\system32\WSOCK32.dll
0x75100000 - 0x75135000 	C:\Windows\syswow64\WS2_32.dll
0x754e0000 - 0x754e6000 	C:\Windows\syswow64\NSI.dll
0x71d70000 - 0x71da2000 	C:\Windows\system32\WINMM.dll
0x77160000 - 0x77165000 	C:\Windows\syswow64\PSAPI.DLL
0x6d3f0000 - 0x6d3fc000 	C:\Program Files (x86)\Java\jdk1.8.0_25\jre\bin\verify.dll
0x5c370000 - 0x5c391000 	C:\Program Files (x86)\Java\jdk1.8.0_25\jre\bin\java.dll
0x53610000 - 0x53623000 	C:\Program Files (x86)\Java\jdk1.8.0_25\jre\bin\zip.dll
0x75680000 - 0x762c9000 	C:\Windows\syswow64\SHELL32.dll
0x76a50000 - 0x76bac000 	C:\Windows\syswow64\ole32.dll
0x72670000 - 0x7267b000 	C:\Windows\system32\profapi.dll
0x52bd0000 - 0x52d16000 	C:\Program Files (x86)\Java\jdk1.8.0_25\jre\bin\awt.dll
0x755f0000 - 0x7567f000 	C:\Windows\syswow64\OLEAUT32.dll
0x734d0000 - 0x73550000 	C:\Windows\system32\uxtheme.dll
0x70260000 - 0x702b8000 	C:\Program Files (x86)\Common Files\microsoft shared\ink\tiptsf.dll
0x64f10000 - 0x64f50000 	C:\Program Files (x86)\TeamViewer\tv_w32.dll
0x74c60000 - 0x74c69000 	C:\Windows\system32\VERSION.dll
0x73460000 - 0x73473000 	C:\Windows\system32\dwmapi.dll
0x535d0000 - 0x53608000 	C:\Program Files (x86)\Java\jdk1.8.0_25\jre\bin\fontmanager.dll
0x535b0000 - 0x535c5000 	C:\Program Files (x86)\Java\jdk1.8.0_25\jre\bin\net.dll
0x70470000 - 0x704ac000 	C:\Windows\system32\mswsock.dll
0x70330000 - 0x70336000 	C:\Windows\System32\wship6.dll
0x629a0000 - 0x629af000 	C:\Program Files (x86)\Java\jdk1.8.0_25\jre\bin\nio.dll
0x762e0000 - 0x76363000 	C:\Windows\syswow64\CLBCatQ.DLL
0x63150000 - 0x6324b000 	C:\Windows\system32\WindowsCodecs.dll
0x74480000 - 0x744cb000 	C:\Windows\system32\apphelp.dll
0x63120000 - 0x63143000 	C:\Users\user\AppData\Roaming\Dropbox\bin\DropboxExt.24.dll
0x63320000 - 0x6340b000 	C:\Windows\system32\dbghelp.dll
0x6cff0000 - 0x6d07e000 	C:\Windows\WinSxS\x86_microsoft.vc90.crt_1fc8b3b9a1e18e3b_9.0.30729.6161_none_50934f2ebcb7eb57\MSVCP90.dll
0x69520000 - 0x695c3000 	C:\Windows\WinSxS\x86_microsoft.vc90.crt_1fc8b3b9a1e18e3b_9.0.30729.6161_none_50934f2ebcb7eb57\MSVCR90.dll
0x630a0000 - 0x630d1000 	C:\Windows\system32\EhStorShell.dll
0x75140000 - 0x752dd000 	C:\Windows\syswow64\SETUPAPI.dll
0x75360000 - 0x75387000 	C:\Windows\syswow64\CFGMGR32.dll
0x753c0000 - 0x753d2000 	C:\Windows\syswow64\DEVOBJ.dll
0x68fa0000 - 0x69095000 	C:\Windows\system32\PROPSYS.dll
0x67c50000 - 0x67cbf000 	C:\Windows\system32\ntshrui.dll
0x704f0000 - 0x70509000 	C:\Windows\system32\srvcli.dll
0x6d250000 - 0x6d25b000 	C:\Windows\system32\cscapi.dll
0x6d380000 - 0x6d38a000 	C:\Windows\system32\slc.dll
0x53580000 - 0x535b0000 	C:\Program Files (x86)\Java\jdk1.8.0_25\jre\bin\t2k.dll
0x741a0000 - 0x741b6000 	C:\Windows\system32\CRYPTSP.dll
0x74160000 - 0x7419b000 	C:\Windows\system32\rsaenh.dll
0x72680000 - 0x72697000 	C:\Windows\system32\USERENV.dll
0x746e0000 - 0x746fc000 	C:\Windows\system32\IPHLPAPI.DLL
0x74bd0000 - 0x74bd7000 	C:\Windows\system32\WINNSI.DLL
0x73270000 - 0x73282000 	C:\Windows\system32\dhcpcsvc.DLL
0x73260000 - 0x7326d000 	C:\Windows\system32\dhcpcsvc6.DLL
0x61f40000 - 0x61f47000 	C:\Program Files (x86)\Java\jdk1.8.0_25\jre\bin\jaas_nt.dll
0x153d0000 - 0x1540d000 	C:\Users\user\AppData\Local\Temp\jna-eufrik\jna5412348328609361443.dll
0x6c700000 - 0x6c784000 	C:\Windows\WinSxS\x86_microsoft.windows.common-controls_6595b64144ccf1df_5.82.7600.16661_none_ebfb56996c72aefc\comctl32.dll
0x52b70000 - 0x52b94000 	C:\Program Files (x86)\VideoLAN\VLC\libvlc.dll
0x50380000 - 0x505d1000 	C:\Program Files (x86)\VideoLAN\VLC\libvlccore.dll
0x52b20000 - 0x52b68000 	C:\Program Files (x86)\VideoLAN\VLC\plugins\access\libdshow_plugin.dll
0x61f80000 - 0x61f8f000 	C:\Program Files (x86)\VideoLAN\VLC\plugins\audio_output\libdirectsound_plugin.dll
0x5b110000 - 0x5b120000 	C:\Program Files (x86)\VideoLAN\VLC\plugins\audio_output\libwaveout_plugin.dll
0x52bb0000 - 0x52bc9000 	C:\Program Files (x86)\VideoLAN\VLC\plugins\video_output\libdirectdraw_plugin.dll
0x5c560000 - 0x5c566000 	C:\Program Files (x86)\Java\jdk1.8.0_25\jre\bin\jawt.dll
0x52a80000 - 0x52b15000 	C:\Program Files (x86)\VideoLAN\VLC\plugins\stream_out\libstream_out_rtp_plugin.dll
0x52a60000 - 0x52a80000 	C:\Program Files (x86)\VideoLAN\VLC\plugins\mux\libmux_ts_plugin.dll
0x70460000 - 0x70465000 	C:\Windows\System32\wshtcpip.dll
0x73590000 - 0x735a0000 	C:\Windows\system32\NLAapi.dll
0x744f0000 - 0x74534000 	C:\Windows\system32\DNSAPI.dll
0x73580000 - 0x73588000 	C:\Windows\System32\winrnr.dll
0x73570000 - 0x73580000 	C:\Windows\system32\napinsp.dll
0x73550000 - 0x73562000 	C:\Windows\system32\pnrpnsp.dll
0x74c20000 - 0x74c44000 	C:\Program Files (x86)\Common Files\Microsoft Shared\Windows Live\WLIDNSP.DLL
0x74bf0000 - 0x74c11000 	C:\Program Files (x86)\Bonjour\mdnsNSP.dll
0x52a40000 - 0x52a52000 	C:\Program Files (x86)\VideoLAN\VLC\plugins\stream_out\libstream_out_transcode_plugin.dll
0x529c0000 - 0x52a3c000 	C:\Program Files (x86)\VideoLAN\VLC\plugins\access\librtp_plugin.dll
0x52ba0000 - 0x52bad000 	C:\Program Files (x86)\VideoLAN\VLC\plugins\access\libscreen_plugin.dll
0x506c0000 - 0x5083a000 	C:\Program Files (x86)\VideoLAN\VLC\plugins\meta_engine\libtaglib_plugin.dll
0x52870000 - 0x528c0000 	C:\Program Files (x86)\VideoLAN\VLC\plugins\lua\liblua_plugin.dll
0x523c0000 - 0x5241a000 	C:\Program Files (x86)\VideoLAN\VLC\plugins\codec\libtheora_plugin.dll
0x59fb0000 - 0x59fbd000 	C:\Program Files (x86)\VideoLAN\VLC\plugins\codec\librawvideo_plugin.dll
0x528c0000 - 0x5290f000 	C:\Program Files (x86)\VideoLAN\VLC\plugins\codec\libpng_plugin.dll
0x529a0000 - 0x529ad000 	C:\Program Files (x86)\VideoLAN\VLC\plugins\codec\libcdg_plugin.dll
0x50230000 - 0x50371000 	C:\Program Files (x86)\VideoLAN\VLC\plugins\codec\libschroedinger_plugin.dll
0x529b0000 - 0x529bd000 	C:\Program Files (x86)\VideoLAN\VLC\plugins\codec\libdts_plugin.dll
0x52360000 - 0x523bc000 	C:\Program Files (x86)\VideoLAN\VLC\plugins\codec\libfaad_plugin.dll
0x52320000 - 0x52358000 	C:\Program Files (x86)\VideoLAN\VLC\plugins\codec\libflac_plugin.dll
0x52860000 - 0x5286f000 	C:\Program Files (x86)\VideoLAN\VLC\plugins\codec\libg711_plugin.dll
0x52990000 - 0x5299c000 	C:\Program Files (x86)\VideoLAN\VLC\plugins\codec\libaes3_plugin.dll
0x500d0000 - 0x5022c000 	C:\Program Files (x86)\VideoLAN\VLC\plugins\codec\liblibass_plugin.dll
0x522f0000 - 0x5231b000 	C:\Program Files (x86)\VideoLAN\VLC\plugins\codec\libspeex_plugin.dll
0x52850000 - 0x5285e000 	C:\Program Files (x86)\VideoLAN\VLC\plugins\codec\liblpcm_plugin.dll
0x50600000 - 0x506bb000 	C:\Program Files (x86)\VideoLAN\VLC\plugins\codec\libvorbis_plugin.dll
0x52840000 - 0x5284d000 	C:\Program Files (x86)\VideoLAN\VLC\plugins\codec\libmpeg_audio_plugin.dll
0x522d0000 - 0x522df000 	C:\Program Files (x86)\VideoLAN\VLC\plugins\codec\libaraw_plugin.dll
0x50090000 - 0x500c2000 	C:\Program Files (x86)\VideoLAN\VLC\plugins\codec\libopus_plugin.dll
0x522e0000 - 0x522ed000 	C:\Program Files (x86)\VideoLAN\VLC\plugins\codec\liba52_plugin.dll
0x522b0000 - 0x522bd000 	C:\Program Files (x86)\VideoLAN\VLC\plugins\codec\libspudec_plugin.dll
0x18f40000 - 0x19fbb000 	C:\Program Files (x86)\VideoLAN\VLC\plugins\codec\libavcodec_plugin.dll
0x77ce0000 - 0x77e63000 	C:\Program Files (x86)\VideoLAN\VLC\plugins\codec\libzvbi_plugin.dll
0x522c0000 - 0x522d0000 	C:\Program Files (x86)\VideoLAN\VLC\plugins\codec\libscte27_plugin.dll
0x50060000 - 0x50081000 	C:\Program Files (x86)\VideoLAN\VLC\plugins\codec\libkate_plugin.dll
0x505e0000 - 0x505f4000 	C:\Program Files (x86)\VideoLAN\VLC\plugins\codec\libsubsdec_plugin.dll
0x50000000 - 0x5002a000 	C:\Program Files (x86)\VideoLAN\VLC\plugins\codec\liblibmpeg2_plugin.dll
0x50050000 - 0x5005d000 	C:\Program Files (x86)\VideoLAN\VLC\plugins\codec\libsvcdsub_plugin.dll
0x77fd0000 - 0x77ff2000 	C:\Program Files (x86)\VideoLAN\VLC\plugins\codec\libdvbsub_plugin.dll
0x50040000 - 0x5004c000 	C:\Program Files (x86)\VideoLAN\VLC\plugins\codec\libuleaddvaudio_plugin.dll
0x77b30000 - 0x77cdb000 	C:\Program Files (x86)\VideoLAN\VLC\plugins\codec\libx264_plugin.dll
0x77fa0000 - 0x77fce000 	C:\Program Files (x86)\VideoLAN\VLC\plugins\codec\libtwolame_plugin.dll
0x50030000 - 0x5003f000 	C:\Program Files (x86)\VideoLAN\VLC\plugins\sse2\libi420_yuy2_sse2_plugin.dll
0x77f90000 - 0x77f9e000 	C:\Program Files (x86)\VideoLAN\VLC\plugins\mmx\libi420_yuy2_mmx_plugin.dll
0x77ef0000 - 0x77f90000 	C:\Program Files (x86)\VideoLAN\VLC\plugins\video_filter\libswscale_plugin.dll

VM Arguments:
jvm_args: -Dfile.encoding=UTF-8 
java_command: lancomms.LANCOMMS
java_class_path (initial): C:\Users\user\Documents\School Stuff\4th Year\Capstone\MockDef-262015\lancomms.it184\LANCOMMS\API\mysql-connector-java-5.1.34-bin.jar;C:\Users\user\Documents\School Stuff\4th Year\Capstone\MockDef-262015\lancomms.it184\LANCOMMS\API\jna-3.5.2.jar;C:\Users\user\Documents\School Stuff\4th Year\Capstone\MockDef-262015\lancomms.it184\LANCOMMS\API\platform-3.5.2.jar;C:\Users\user\Documents\School Stuff\4th Year\Capstone\MockDef-262015\lancomms.it184\LANCOMMS\API\vlcj-3.1.0.jar;C:\Users\user\Documents\School Stuff\4th Year\Capstone\MockDef-262015\lancomms.it184\LANCOMMS\API\json-rpc-1.0.jar;C:\Users\user\Documents\School Stuff\4th Year\Capstone\MockDef-262015\lancomms.it184\LANCOMMS\build\classes
Launcher Type: SUN_STANDARD

Environment Variables:
JAVA_HOME=C:\Program Files\Java\jdk1.7.0_51
CLASSPATH=.;.;C:\PROGRA~2\JMF21~1.1E\lib\sound.jar;C:\PROGRA~2\JMF21~1.1E\lib\jmf.jar;C:\PROGRA~2\JMF21~1.1E\lib;
PATH=C:\ProgramData\Oracle\Java\javapath;C:\Program Files (x86)\NVIDIA Corporation\PhysX\Common;C:\Program Files\Common Files\Microsoft Shared\Windows Live;C:\Windows\system32;C:\Windows;C:\Windows\System32\Wbem;C:\Windows\System32\WindowsPowerShell\v1.0\;C:\Program Files\Intel\Intel(R) Management Engine Components\DAL;C:\Program Files\Intel\Intel(R) Management Engine Components\IPT;C:\Program Files (x86)\Intel\Intel(R) Management Engine Components\DAL;C:\Program Files (x86)\Intel\Intel(R) Management Engine Components\IPT;C:\Program Files (x86)\QuickTime\QTSystem\;C:\Program Files\Java\jdk1.7.0_51/bin;C:\Grails\grails-2.3.7/bin;C:\Program Files (x86)\Intel\OpenCL SDK\3.0\bin\x86;C:\Program Files (x86)\Intel\OpenCL SDK\3.0\bin\x64;C:\PROGRA~2\JMF21~1.1E\lib;%CommonProgramFiles%\Microsoft Shared\Windows Live
USERNAME=eufrik
OS=Windows_NT
PROCESSOR_IDENTIFIER=Intel64 Family 6 Model 58 Stepping 9, GenuineIntel



---------------  S Y S T E M  ---------------

OS: Windows 7 , 64 bit Build 7600 

CPU:total 8 (4 cores per cpu, 2 threads per core) family 6 model 58 stepping 9, cmov, cx8, fxsr, mmx, sse, sse2, sse3, ssse3, sse4.1, sse4.2, popcnt, aes, clmul, erms, ht, tsc, tscinvbit, tscinv

Memory: 4k page, physical 8285028k(3188812k free), swap 16568148k(8989260k free)

vm_info: Java HotSpot(TM) Client VM (25.25-b02) for windows-x86 JRE (1.8.0_25-b18), built on Oct  7 2014 14:31:05 by "java_re" with MS VC++ 10.0 (VS2010)

time: Thu Feb 12 03:34:32 2015
elapsed time: 18 seconds (0d 0h 0m 18s)

