#
# A fatal error has been detected by the Java Runtime Environment:
#
#  EXCEPTION_INVALID_HANDLE (0xc0000008) at pc=0x77212625, pid=1072, tid=3204
#
# JRE version: Java(TM) SE Runtime Environment (8.0_25-b18) (build 1.8.0_25-b18)
# Java VM: Java HotSpot(TM) Client VM (25.25-b02 mixed mode windows-x86 )
# Problematic frame:
# C  [ntdll.dll+0x82625]
#
# Failed to write core dump. Minidumps are not enabled by default on client versions of Windows
#
# If you would like to submit a bug report, please visit:
#   http://bugreport.sun.com/bugreport/crash.jsp
# The crash happened outside the Java Virtual Machine in native code.
# See problematic frame for where to report the bug.
#

---------------  T H R E A D  ---------------

Current thread (0x156e9800):  JavaThread "Thread-7" [_thread_in_native, id=3204, stack(0x15d60000,0x15db0000)]

siginfo: ExceptionCode=0xc0000008

Registers:
EAX=0xc0000008, EBX=0x00000000, ECX=0x74c72e09, EDX=0x00000000
ESP=0x15daeb64, EBP=0x15daebb4, ESI=0x15440314, EDI=0x00000000
EIP=0x77212625, EFLAGS=0x00000282

Top of Stack: (sp=0x15daeb64)
0x15daeb64:   15440314 15440318 15440314 14803a40
0x15daeb74:   156e9800 14803a40 156e9800 00000001
0x15daeb84:   15daebb8 52d9a687 15daf0cc 14803a40
0x15daeb94:   156e9800 14806138 14e5fda8 00000000
0x15daeba4:   00000000 00000000 7ef8e000 153a3ef8
0x15daebb4:   15daebdc 771cb468 00000000 00000000
0x15daebc4:   15440314 15daf330 15440310 00000004
0x15daebd4:   15000000 00000001 15daebfc 50666653 

Instructions: (pc=0x77212625)
0x77212605:   08 68 b0 48 1b 77 6a 00 6a 65 89 45 0c e8 89 30
0x77212615:   ff ff 83 c4 0c e9 43 8f fb ff 50 e8 e0 92 fd ff
0x77212625:   cc 56 e8 79 fe 01 00 e9 cf 8f fb ff 81 67 14 00
0x77212635:   00 00 ff e9 1c 65 fd ff b8 f1 00 00 c0 8b e5 5d 


Register to memory mapping:

EAX=0xc0000008 is an unknown value
EBX=0x00000000 is an unknown value
ECX=0x74c72e09 is an unknown value
EDX=0x00000000 is an unknown value
ESP=0x15daeb64 is pointing into the stack for thread: 0x156e9800
EBP=0x15daebb4 is pointing into the stack for thread: 0x156e9800
ESI=0x15440314 is an unknown value
EDI=0x00000000 is an unknown value


Stack: [0x15d60000,0x15db0000],  sp=0x15daeb64,  free space=314k
Native frames: (J=compiled Java code, j=interpreted, Vv=VM code, C=native code)
C  [ntdll.dll+0x82625]
C  [ntdll.dll+0x3b468]
C  [libvlccore.dll+0x86653]
C  [libvlc.dll+0xab15]
C  [jna5154694007688425935.dll+0xd546]
C  [jna5154694007688425935.dll+0x2e5e]
C  [jna5154694007688425935.dll+0x554e]
j  com.sun.jna.Native.invokeVoid(JI[Ljava/lang/Object;)V+0
j  com.sun.jna.Function.invoke([Ljava/lang/Object;Ljava/lang/Class;Z)Ljava/lang/Object;+48
j  com.sun.jna.Function.invoke(Ljava/lang/Class;[Ljava/lang/Object;Ljava/util/Map;)Ljava/lang/Object;+214
j  com.sun.jna.Library$Handler.invoke(Ljava/lang/Object;Ljava/lang/reflect/Method;[Ljava/lang/Object;)Ljava/lang/Object;+341
j  com.sun.proxy.$Proxy0.libvlc_media_player_stop(Luk/co/caprica/vlcj/binding/internal/libvlc_media_player_t;)V+16
j  uk.co.caprica.vlcj.player.DefaultMediaPlayer.stop()V+17
j  LCControllers.Call.stopCall()V+4
j  LCControllers.Server$ClientThread.run()V+731
v  ~StubRoutines::call_stub
V  [jvm.dll+0x147285]
V  [jvm.dll+0x20d19e]
V  [jvm.dll+0x14731e]
V  [jvm.dll+0x1474a6]
V  [jvm.dll+0x147517]
V  [jvm.dll+0xf06bf]
V  [jvm.dll+0x1698cc]
V  [jvm.dll+0x16a15a]
V  [jvm.dll+0x1aee06]
C  [msvcr100.dll+0x5c556]
C  [msvcr100.dll+0x5c600]
C  [kernel32.dll+0x13677]
C  [ntdll.dll+0x3c002]
C  [ntdll.dll+0x3bfd5]
C  0x00000000

Java frames: (J=compiled Java code, j=interpreted, Vv=VM code)
j  com.sun.jna.Native.invokeVoid(JI[Ljava/lang/Object;)V+0
j  com.sun.jna.Function.invoke([Ljava/lang/Object;Ljava/lang/Class;Z)Ljava/lang/Object;+48
j  com.sun.jna.Function.invoke(Ljava/lang/Class;[Ljava/lang/Object;Ljava/util/Map;)Ljava/lang/Object;+214
j  com.sun.jna.Library$Handler.invoke(Ljava/lang/Object;Ljava/lang/reflect/Method;[Ljava/lang/Object;)Ljava/lang/Object;+341
j  com.sun.proxy.$Proxy0.libvlc_media_player_stop(Luk/co/caprica/vlcj/binding/internal/libvlc_media_player_t;)V+16
j  uk.co.caprica.vlcj.player.DefaultMediaPlayer.stop()V+17
j  LCControllers.Call.stopCall()V+4
j  LCControllers.Server$ClientThread.run()V+731
v  ~StubRoutines::call_stub

---------------  P R O C E S S  ---------------

Java Threads: ( => current thread )
=>0x156e9800 JavaThread "Thread-7" [_thread_in_native, id=3204, stack(0x15d60000,0x15db0000)]
  0x1581a400 JavaThread "Thread-4" [_thread_in_native, id=2876, stack(0x16a00000,0x16a50000)]
  0x15839800 JavaThread "Thread-5" [_thread_in_native, id=2492, stack(0x162d0000,0x16320000)]
  0x1582bc00 JavaThread "Thread-3" [_thread_in_native, id=1036, stack(0x16510000,0x16560000)]
  0x1582b800 JavaThread "Thread-2" [_thread_in_native, id=3212, stack(0x16420000,0x16470000)]
  0x15756400 JavaThread "Abandoned connection cleanup thread" daemon [_thread_blocked, id=4964, stack(0x16070000,0x160c0000)]
  0x1574b800 JavaThread "TimerQueue" daemon [_thread_blocked, id=2008, stack(0x151f0000,0x15240000)]
  0x00a4c800 JavaThread "DestroyJavaVM" [_thread_blocked, id=3548, stack(0x00a50000,0x00aa0000)]
  0x156a1000 JavaThread "AWT-EventQueue-0" [_thread_blocked, id=7980, stack(0x15c50000,0x15ca0000)]
  0x14e2c800 JavaThread "AWT-Windows" daemon [_thread_in_native, id=5876, stack(0x150d0000,0x15120000)]
  0x14e2b400 JavaThread "AWT-Shutdown" [_thread_blocked, id=7844, stack(0x046d0000,0x04720000)]
  0x14e28800 JavaThread "Java2D Disposer" daemon [_thread_blocked, id=4816, stack(0x15160000,0x151b0000)]
  0x14d01800 JavaThread "Service Thread" daemon [_thread_blocked, id=5264, stack(0x04750000,0x047a0000)]
  0x14ce0400 JavaThread "C1 CompilerThread0" daemon [_thread_blocked, id=2720, stack(0x14e60000,0x14eb0000)]
  0x14cdf000 JavaThread "Attach Listener" daemon [_thread_blocked, id=5552, stack(0x00370000,0x003c0000)]
  0x14cdc000 JavaThread "Signal Dispatcher" daemon [_thread_blocked, id=8176, stack(0x04660000,0x046b0000)]
  0x005aec00 JavaThread "Finalizer" daemon [_thread_blocked, id=4144, stack(0x00fd0000,0x01020000)]
  0x005a9400 JavaThread "Reference Handler" daemon [_thread_blocked, id=5324, stack(0x010f0000,0x01140000)]

Other Threads:
  0x005a4000 VMThread [stack: 0x00b10000,0x00b60000] [id=8012]
  0x14d02800 WatcherThread [stack: 0x15070000,0x150c0000] [id=7472]

VM state:not at safepoint (normal execution)

VM Mutex/Monitor currently owned by a thread: None

Heap:
 def new generation   total 5952K, used 4518K [0x04800000, 0x04e70000, 0x09d50000)
  eden space 5312K,  80% used [0x04800000, 0x04c31308, 0x04d30000)
  from space 640K,  35% used [0x04dd0000, 0x04e08848, 0x04e70000)
  to   space 640K,   0% used [0x04d30000, 0x04d30000, 0x04dd0000)
 tenured generation   total 13012K, used 7805K [0x09d50000, 0x0aa05000, 0x14800000)
   the space 13012K,  59% used [0x09d50000, 0x0a4ef618, 0x0a4ef800, 0x0aa05000)
 Metaspace       used 11606K, capacity 11743K, committed 11904K, reserved 12672K

Card table byte_map: [0x009b0000,0x00a40000] byte_map_base: 0x0098c000

Polling page: 0x000c0000

CodeCache: size=32768Kb used=1812Kb max_used=1812Kb free=30955Kb
 bounds [0x02660000, 0x02828000, 0x04660000]
 total_blobs=1057 nmethods=797 adapters=191
 compilation: enabled

Compilation events (10 events):
Event: 34.573 Thread 0x14ce0400  801             sun.awt.AWTAutoShutdown::notifyToolkitThreadBusy (8 bytes)
Event: 34.573 Thread 0x14ce0400 nmethod 801 0x02823f48 code [0x02824040, 0x028240cc]
Event: 34.574 Thread 0x14ce0400  802             sun.awt.AWTAutoShutdown::notifyToolkitThreadFree (8 bytes)
Event: 34.574 Thread 0x14ce0400 nmethod 802 0x02824148 code [0x02824240, 0x028242cc]
Event: 34.678 Thread 0x14ce0400  803             sun.awt.SunToolkit::getAppContext (42 bytes)
Event: 34.678 Thread 0x14ce0400 nmethod 803 0x02824348 code [0x02824490, 0x02824694]
Event: 34.678 Thread 0x14ce0400  804             sun.awt.SunToolkit::targetToAppContext (36 bytes)
Event: 34.678 Thread 0x14ce0400 nmethod 804 0x02824808 code [0x02824940, 0x02824c24]
Event: 35.329 Thread 0x14ce0400  805   !         java.lang.ThreadGroup::remove (94 bytes)
Event: 35.329 Thread 0x14ce0400 nmethod 805 0x02824e08 code [0x02824f20, 0x0282525c]

GC Heap History (10 events):
Event: 4.277 GC heap before
{Heap before GC invocations=3 (full 0):
 def new generation   total 4928K, used 4928K [0x04800000, 0x04d50000, 0x09d50000)
  eden space 4416K, 100% used [0x04800000, 0x04c50000, 0x04c50000)
  from space 512K, 100% used [0x04cd0000, 0x04d50000, 0x04d50000)
  to   space 512K,   0% used [0x04c50000, 0x04c50000, 0x04cd0000)
 tenured generation   total 10944K, used 4998K [0x09d50000, 0x0a800000, 0x14800000)
   the space 10944K,  45% used [0x09d50000, 0x0a231be0, 0x0a231c00, 0x0a800000)
 Metaspace       used 10414K, capacity 10521K, committed 10624K, reserved 10624K
Event: 4.283 GC heap after
Heap after GC invocations=4 (full 0):
 def new generation   total 4928K, used 512K [0x04800000, 0x04d50000, 0x09d50000)
  eden space 4416K,   0% used [0x04800000, 0x04800000, 0x04c50000)
  from space 512K, 100% used [0x04c50000, 0x04cd0000, 0x04cd0000)
  to   space 512K,   0% used [0x04cd0000, 0x04cd0000, 0x04d50000)
 tenured generation   total 10944K, used 7382K [0x09d50000, 0x0a800000, 0x14800000)
   the space 10944K,  67% used [0x09d50000, 0x0a485868, 0x0a485a00, 0x0a800000)
 Metaspace       used 10414K, capacity 10521K, committed 10624K, reserved 10624K
}
Event: 23.243 GC heap before
{Heap before GC invocations=4 (full 0):
 def new generation   total 4928K, used 4928K [0x04800000, 0x04d50000, 0x09d50000)
  eden space 4416K, 100% used [0x04800000, 0x04c50000, 0x04c50000)
  from space 512K, 100% used [0x04c50000, 0x04cd0000, 0x04cd0000)
  to   space 512K,   0% used [0x04cd0000, 0x04cd0000, 0x04d50000)
 tenured generation   total 10944K, used 7382K [0x09d50000, 0x0a800000, 0x14800000)
   the space 10944K,  67% used [0x09d50000, 0x0a485868, 0x0a485a00, 0x0a800000)
 Metaspace       used 11165K, capacity 11264K, committed 11392K, reserved 11648K
Event: 23.247 GC heap after
Heap after GC invocations=5 (full 0):
 def new generation   total 4928K, used 512K [0x04800000, 0x04d50000, 0x09d50000)
  eden space 4416K,   0% used [0x04800000, 0x04800000, 0x04c50000)
  from space 512K, 100% used [0x04cd0000, 0x04d50000, 0x04d50000)
  to   space 512K,   0% used [0x04c50000, 0x04c50000, 0x04cd0000)
 tenured generation   total 10944K, used 8990K [0x09d50000, 0x0a800000, 0x14800000)
   the space 10944K,  82% used [0x09d50000, 0x0a617938, 0x0a617a00, 0x0a800000)
 Metaspace       used 11165K, capacity 11264K, committed 11392K, reserved 11648K
}
Event: 23.385 GC heap before
{Heap before GC invocations=5 (full 0):
 def new generation   total 4928K, used 4298K [0x04800000, 0x04d50000, 0x09d50000)
  eden space 4416K,  85% used [0x04800000, 0x04bb2900, 0x04c50000)
  from space 512K, 100% used [0x04cd0000, 0x04d50000, 0x04d50000)
  to   space 512K,   0% used [0x04c50000, 0x04c50000, 0x04cd0000)
 tenured generation   total 10944K, used 10004K [0x09d50000, 0x0a800000, 0x14800000)
   the space 10944K,  91% used [0x09d50000, 0x0a7150d8, 0x0a715200, 0x0a800000)
 Metaspace       used 11490K, capacity 11619K, committed 11776K, reserved 12672K
Event: 23.388 GC heap after
Heap after GC invocations=6 (full 0):
 def new generation   total 4928K, used 443K [0x04800000, 0x04d50000, 0x09d50000)
  eden space 4416K,   0% used [0x04800000, 0x04800000, 0x04c50000)
  from space 512K,  86% used [0x04c50000, 0x04cbef60, 0x04cd0000)
  to   space 512K,   0% used [0x04cd0000, 0x04cd0000, 0x04d50000)
 tenured generation   total 10944K, used 10428K [0x09d50000, 0x0a800000, 0x14800000)
   the space 10944K,  95% used [0x09d50000, 0x0a77f080, 0x0a77f200, 0x0a800000)
 Metaspace       used 11490K, capacity 11619K, committed 11776K, reserved 12672K
}
Event: 26.625 GC heap before
{Heap before GC invocations=6 (full 0):
 def new generation   total 4928K, used 4859K [0x04800000, 0x04d50000, 0x09d50000)
  eden space 4416K, 100% used [0x04800000, 0x04c50000, 0x04c50000)
  from space 512K,  86% used [0x04c50000, 0x04cbef60, 0x04cd0000)
  to   space 512K,   0% used [0x04cd0000, 0x04cd0000, 0x04d50000)
 tenured generation   total 10944K, used 10428K [0x09d50000, 0x0a800000, 0x14800000)
   the space 10944K,  95% used [0x09d50000, 0x0a77f080, 0x0a77f200, 0x0a800000)
 Metaspace       used 11623K, capacity 11768K, committed 11904K, reserved 12672K
Event: 26.656 GC heap after
Heap after GC invocations=7 (full 1):
 def new generation   total 5952K, used 0K [0x04800000, 0x04e70000, 0x09d50000)
  eden space 5312K,   0% used [0x04800000, 0x04800000, 0x04d30000)
  from space 640K,   0% used [0x04d30000, 0x04d30000, 0x04dd0000)
  to   space 640K,   0% used [0x04dd0000, 0x04dd0000, 0x04e70000)
 tenured generation   total 13012K, used 7805K [0x09d50000, 0x0aa05000, 0x14800000)
   the space 13012K,  59% used [0x09d50000, 0x0a4ef618, 0x0a4ef800, 0x0aa05000)
 Metaspace       used 11603K, capacity 11740K, committed 11904K, reserved 12672K
}
Event: 31.314 GC heap before
{Heap before GC invocations=7 (full 1):
 def new generation   total 5952K, used 5312K [0x04800000, 0x04e70000, 0x09d50000)
  eden space 5312K, 100% used [0x04800000, 0x04d30000, 0x04d30000)
  from space 640K,   0% used [0x04d30000, 0x04d30000, 0x04dd0000)
  to   space 640K,   0% used [0x04dd0000, 0x04dd0000, 0x04e70000)
 tenured generation   total 13012K, used 7805K [0x09d50000, 0x0aa05000, 0x14800000)
   the space 13012K,  59% used [0x09d50000, 0x0a4ef618, 0x0a4ef800, 0x0aa05000)
 Metaspace       used 11603K, capacity 11740K, committed 11904K, reserved 12672K
Event: 31.316 GC heap after
Heap after GC invocations=8 (full 1):
 def new generation   total 5952K, used 226K [0x04800000, 0x04e70000, 0x09d50000)
  eden space 5312K,   0% used [0x04800000, 0x04800000, 0x04d30000)
  from space 640K,  35% used [0x04dd0000, 0x04e08848, 0x04e70000)
  to   space 640K,   0% used [0x04d30000, 0x04d30000, 0x04dd0000)
 tenured generation   total 13012K, used 7805K [0x09d50000, 0x0aa05000, 0x14800000)
   the space 13012K,  59% used [0x09d50000, 0x0a4ef618, 0x0a4ef800, 0x0aa05000)
 Metaspace       used 11603K, capacity 11740K, committed 11904K, reserved 12672K
}

Deoptimization events (0 events):
No events

Internal exceptions (10 events):
Event: 23.489 Thread 0x156eb000 Exception <a 'java/security/PrivilegedActionException'> (0x049b5a68) thrown at [C:\re\workspace\8-2-build-windows-i586-cygwin\jdk8u25\1677\hotspot\src\share\vm\prims\jvm.cpp, line 1312]
Event: 23.495 Thread 0x156eb000 Exception <a 'java/security/PrivilegedActionException'> (0x04a149e0) thrown at [C:\re\workspace\8-2-build-windows-i586-cygwin\jdk8u25\1677\hotspot\src\share\vm\prims\jvm.cpp, line 1312]
Event: 23.497 Thread 0x156eb000 Exception <a 'java/security/PrivilegedActionException'> (0x04a3d658) thrown at [C:\re\workspace\8-2-build-windows-i586-cygwin\jdk8u25\1677\hotspot\src\share\vm\prims\jvm.cpp, line 1312]
Event: 23.529 Thread 0x156eb000 Exception <a 'java/security/PrivilegedActionException'> (0x04a891c0) thrown at [C:\re\workspace\8-2-build-windows-i586-cygwin\jdk8u25\1677\hotspot\src\share\vm\prims\jvm.cpp, line 1312]
Event: 23.532 Thread 0x156eb000 Exception <a 'java/security/PrivilegedActionException'> (0x04af49f0) thrown at [C:\re\workspace\8-2-build-windows-i586-cygwin\jdk8u25\1677\hotspot\src\share\vm\prims\jvm.cpp, line 1312]
Event: 23.534 Thread 0x156eb000 Exception <a 'java/security/PrivilegedActionException'> (0x04b287c0) thrown at [C:\re\workspace\8-2-build-windows-i586-cygwin\jdk8u25\1677\hotspot\src\share\vm\prims\jvm.cpp, line 1312]
Event: 24.671 Thread 0x156eb000 Exception <a 'java/security/PrivilegedActionException'> (0x04bf0d70) thrown at [C:\re\workspace\8-2-build-windows-i586-cygwin\jdk8u25\1677\hotspot\src\share\vm\prims\jvm.cpp, line 1312]
Event: 24.675 Thread 0x156eb000 Exception <a 'java/security/PrivilegedActionException'> (0x04c070b8) thrown at [C:\re\workspace\8-2-build-windows-i586-cygwin\jdk8u25\1677\hotspot\src\share\vm\prims\jvm.cpp, line 1312]
Event: 26.692 Thread 0x156eac00 Exception <a 'java/security/PrivilegedActionException'> (0x0494a420) thrown at [C:\re\workspace\8-2-build-windows-i586-cygwin\jdk8u25\1677\hotspot\src\share\vm\prims\jvm.cpp, line 1312]
Event: 35.676 Thread 0x156a1000 Exception <a 'java/security/PrivilegedActionException'> (0x04bece68) thrown at [C:\re\workspace\8-2-build-windows-i586-cygwin\jdk8u25\1677\hotspot\src\share\vm\prims\jvm.cpp, line 1312]

Events (10 events):
Event: 35.579 Thread 0x156eac00 Thread added: 0x156eac00
Event: 35.580 Thread 0x156eac00 Thread exited: 0x156eac00
Event: 35.580 Thread 0x156eac00 Thread added: 0x156eac00
Event: 35.581 Thread 0x156eac00 Thread exited: 0x156eac00
Event: 35.676 loading class uk/co/caprica/vlcj/player/events/MediaPlayerStoppedEvent
Event: 35.676 loading class uk/co/caprica/vlcj/player/events/MediaPlayerStoppedEvent done
Event: 35.723 Thread 0x156ea400 Thread exited: 0x156ea400
Event: 35.723 Thread 0x156ea000 Thread exited: 0x156ea000
Event: 35.744 Executing VM operation: RevokeBias
Event: 35.745 Executing VM operation: RevokeBias done


Dynamic libraries:
0x01230000 - 0x01260000 	C:\Program Files (x86)\Java\jdk1.8.0_25\bin\java.exe
0x77190000 - 0x77310000 	C:\Windows\SysWOW64\ntdll.dll
0x76c80000 - 0x76d90000 	C:\Windows\syswow64\kernel32.dll
0x765a0000 - 0x765e7000 	C:\Windows\syswow64\KERNELBASE.dll
0x765f0000 - 0x76690000 	C:\Windows\syswow64\ADVAPI32.dll
0x754f0000 - 0x7559c000 	C:\Windows\syswow64\msvcrt.dll
0x769d0000 - 0x769e9000 	C:\Windows\SysWOW64\sechost.dll
0x764b0000 - 0x765a0000 	C:\Windows\syswow64\RPCRT4.dll
0x74cf0000 - 0x74d50000 	C:\Windows\syswow64\SspiCli.dll
0x74ce0000 - 0x74cec000 	C:\Windows\syswow64\CRYPTBASE.dll
0x753e0000 - 0x754e0000 	C:\Windows\syswow64\USER32.dll
0x76bc0000 - 0x76c50000 	C:\Windows\syswow64\GDI32.dll
0x762d0000 - 0x762da000 	C:\Windows\syswow64\LPK.dll
0x76370000 - 0x7640d000 	C:\Windows\syswow64\USP10.dll
0x73290000 - 0x7342e000 	C:\Windows\WinSxS\x86_microsoft.windows.common-controls_6595b64144ccf1df_6.0.7600.16661_none_420fe3fa2b8113bd\COMCTL32.dll
0x769f0000 - 0x76a47000 	C:\Windows\syswow64\SHLWAPI.dll
0x750a0000 - 0x75100000 	C:\Windows\system32\IMM32.DLL
0x74eb0000 - 0x74f7c000 	C:\Windows\syswow64\MSCTF.dll
0x53630000 - 0x536ef000 	C:\Program Files (x86)\Java\jdk1.8.0_25\jre\bin\msvcr100.dll
0x52d20000 - 0x530c4000 	C:\Program Files (x86)\Java\jdk1.8.0_25\jre\bin\client\jvm.dll
0x74be0000 - 0x74be7000 	C:\Windows\system32\WSOCK32.dll
0x75100000 - 0x75135000 	C:\Windows\syswow64\WS2_32.dll
0x754e0000 - 0x754e6000 	C:\Windows\syswow64\NSI.dll
0x71d70000 - 0x71da2000 	C:\Windows\system32\WINMM.dll
0x77160000 - 0x77165000 	C:\Windows\syswow64\PSAPI.DLL
0x6d3f0000 - 0x6d3fc000 	C:\Program Files (x86)\Java\jdk1.8.0_25\jre\bin\verify.dll
0x5c370000 - 0x5c391000 	C:\Program Files (x86)\Java\jdk1.8.0_25\jre\bin\java.dll
0x53610000 - 0x53623000 	C:\Program Files (x86)\Java\jdk1.8.0_25\jre\bin\zip.dll
0x75680000 - 0x762c9000 	C:\Windows\syswow64\SHELL32.dll
0x76a50000 - 0x76bac000 	C:\Windows\syswow64\ole32.dll
0x72670000 - 0x7267b000 	C:\Windows\system32\profapi.dll
0x52bd0000 - 0x52d16000 	C:\Program Files (x86)\Java\jdk1.8.0_25\jre\bin\awt.dll
0x755f0000 - 0x7567f000 	C:\Windows\syswow64\OLEAUT32.dll
0x734d0000 - 0x73550000 	C:\Windows\system32\uxtheme.dll
0x70260000 - 0x702b8000 	C:\Program Files (x86)\Common Files\microsoft shared\ink\tiptsf.dll
0x64f10000 - 0x64f50000 	C:\Program Files (x86)\TeamViewer\tv_w32.dll
0x74c60000 - 0x74c69000 	C:\Windows\system32\VERSION.dll
0x73460000 - 0x73473000 	C:\Windows\system32\dwmapi.dll
0x535d0000 - 0x53608000 	C:\Program Files (x86)\Java\jdk1.8.0_25\jre\bin\fontmanager.dll
0x535b0000 - 0x535c5000 	C:\Program Files (x86)\Java\jdk1.8.0_25\jre\bin\net.dll
0x70470000 - 0x704ac000 	C:\Windows\system32\mswsock.dll
0x70330000 - 0x70336000 	C:\Windows\System32\wship6.dll
0x629a0000 - 0x629af000 	C:\Program Files (x86)\Java\jdk1.8.0_25\jre\bin\nio.dll
0x762e0000 - 0x76363000 	C:\Windows\syswow64\CLBCatQ.DLL
0x63150000 - 0x6324b000 	C:\Windows\system32\WindowsCodecs.dll
0x74480000 - 0x744cb000 	C:\Windows\system32\apphelp.dll
0x63120000 - 0x63143000 	C:\Users\user\AppData\Roaming\Dropbox\bin\DropboxExt.24.dll
0x63320000 - 0x6340b000 	C:\Windows\system32\dbghelp.dll
0x6cff0000 - 0x6d07e000 	C:\Windows\WinSxS\x86_microsoft.vc90.crt_1fc8b3b9a1e18e3b_9.0.30729.6161_none_50934f2ebcb7eb57\MSVCP90.dll
0x69520000 - 0x695c3000 	C:\Windows\WinSxS\x86_microsoft.vc90.crt_1fc8b3b9a1e18e3b_9.0.30729.6161_none_50934f2ebcb7eb57\MSVCR90.dll
0x630a0000 - 0x630d1000 	C:\Windows\system32\EhStorShell.dll
0x75140000 - 0x752dd000 	C:\Windows\syswow64\SETUPAPI.dll
0x75360000 - 0x75387000 	C:\Windows\syswow64\CFGMGR32.dll
0x753c0000 - 0x753d2000 	C:\Windows\syswow64\DEVOBJ.dll
0x68fa0000 - 0x69095000 	C:\Windows\system32\PROPSYS.dll
0x67c50000 - 0x67cbf000 	C:\Windows\system32\ntshrui.dll
0x704f0000 - 0x70509000 	C:\Windows\system32\srvcli.dll
0x6d250000 - 0x6d25b000 	C:\Windows\system32\cscapi.dll
0x6d380000 - 0x6d38a000 	C:\Windows\system32\slc.dll
0x53580000 - 0x535b0000 	C:\Program Files (x86)\Java\jdk1.8.0_25\jre\bin\t2k.dll
0x741a0000 - 0x741b6000 	C:\Windows\system32\CRYPTSP.dll
0x74160000 - 0x7419b000 	C:\Windows\system32\rsaenh.dll
0x72680000 - 0x72697000 	C:\Windows\system32\USERENV.dll
0x746e0000 - 0x746fc000 	C:\Windows\system32\IPHLPAPI.DLL
0x74bd0000 - 0x74bd7000 	C:\Windows\system32\WINNSI.DLL
0x73270000 - 0x73282000 	C:\Windows\system32\dhcpcsvc.DLL
0x73260000 - 0x7326d000 	C:\Windows\system32\dhcpcsvc6.DLL
0x61f80000 - 0x61f87000 	C:\Program Files (x86)\Java\jdk1.8.0_25\jre\bin\jaas_nt.dll
0x15120000 - 0x1515d000 	C:\Users\user\AppData\Local\Temp\jna-eufrik\jna5154694007688425935.dll
0x6c700000 - 0x6c784000 	C:\Windows\WinSxS\x86_microsoft.windows.common-controls_6595b64144ccf1df_5.82.7600.16661_none_ebfb56996c72aefc\comctl32.dll
0x52ba0000 - 0x52bc4000 	C:\Program Files (x86)\VideoLAN\VLC\libvlc.dll
0x505e0000 - 0x50831000 	C:\Program Files (x86)\VideoLAN\VLC\libvlccore.dll
0x52b50000 - 0x52b98000 	C:\Program Files (x86)\VideoLAN\VLC\plugins\access\libdshow_plugin.dll
0x5c560000 - 0x5c56f000 	C:\Program Files (x86)\VideoLAN\VLC\plugins\audio_output\libdirectsound_plugin.dll
0x59fb0000 - 0x59fc0000 	C:\Program Files (x86)\VideoLAN\VLC\plugins\audio_output\libwaveout_plugin.dll
0x52b30000 - 0x52b49000 	C:\Program Files (x86)\VideoLAN\VLC\plugins\video_output\libdirectdraw_plugin.dll
0x5b110000 - 0x5b116000 	C:\Program Files (x86)\Java\jdk1.8.0_25\jre\bin\jawt.dll
0x52b10000 - 0x52b22000 	C:\Program Files (x86)\VideoLAN\VLC\plugins\stream_out\libstream_out_duplicate_plugin.dll
0x52a70000 - 0x52b05000 	C:\Program Files (x86)\VideoLAN\VLC\plugins\stream_out\libstream_out_rtp_plugin.dll
0x52a50000 - 0x52a70000 	C:\Program Files (x86)\VideoLAN\VLC\plugins\mux\libmux_ts_plugin.dll
0x70460000 - 0x70465000 	C:\Windows\System32\wshtcpip.dll
0x73590000 - 0x735a0000 	C:\Windows\system32\NLAapi.dll
0x744f0000 - 0x74534000 	C:\Windows\system32\DNSAPI.dll
0x73580000 - 0x73588000 	C:\Windows\System32\winrnr.dll
0x73570000 - 0x73580000 	C:\Windows\system32\napinsp.dll
0x73550000 - 0x73562000 	C:\Windows\system32\pnrpnsp.dll
0x74c20000 - 0x74c44000 	C:\Program Files (x86)\Common Files\Microsoft Shared\Windows Live\WLIDNSP.DLL
0x74bf0000 - 0x74c11000 	C:\Program Files (x86)\Bonjour\mdnsNSP.dll
0x52a40000 - 0x52a4c000 	C:\Program Files (x86)\VideoLAN\VLC\plugins\stream_out\libstream_out_display_plugin.dll
0x52a20000 - 0x52a32000 	C:\Program Files (x86)\VideoLAN\VLC\plugins\stream_out\libstream_out_transcode_plugin.dll
0x529a0000 - 0x52a1c000 	C:\Program Files (x86)\VideoLAN\VLC\plugins\access\librtp_plugin.dll
0x50460000 - 0x505da000 	C:\Program Files (x86)\VideoLAN\VLC\plugins\meta_engine\libtaglib_plugin.dll
0x528c0000 - 0x52910000 	C:\Program Files (x86)\VideoLAN\VLC\plugins\lua\liblua_plugin.dll
0x52990000 - 0x5299d000 	C:\Program Files (x86)\VideoLAN\VLC\plugins\access\libscreen_plugin.dll
0x52860000 - 0x528ba000 	C:\Program Files (x86)\VideoLAN\VLC\plugins\codec\libtheora_plugin.dll
0x52850000 - 0x5285d000 	C:\Program Files (x86)\VideoLAN\VLC\plugins\codec\librawvideo_plugin.dll
0x523d0000 - 0x5241f000 	C:\Program Files (x86)\VideoLAN\VLC\plugins\codec\libpng_plugin.dll
0x52840000 - 0x5284d000 	C:\Program Files (x86)\VideoLAN\VLC\plugins\codec\libcdg_plugin.dll
0x50310000 - 0x50451000 	C:\Program Files (x86)\VideoLAN\VLC\plugins\codec\libschroedinger_plugin.dll
0x523c0000 - 0x523cd000 	C:\Program Files (x86)\VideoLAN\VLC\plugins\codec\libdts_plugin.dll
0x52300000 - 0x5235c000 	C:\Program Files (x86)\VideoLAN\VLC\plugins\codec\libfaad_plugin.dll
0x52380000 - 0x523b8000 	C:\Program Files (x86)\VideoLAN\VLC\plugins\codec\libflac_plugin.dll
0x52370000 - 0x5237f000 	C:\Program Files (x86)\VideoLAN\VLC\plugins\codec\libg711_plugin.dll
0x52360000 - 0x5236c000 	C:\Program Files (x86)\VideoLAN\VLC\plugins\codec\libaes3_plugin.dll
0x501b0000 - 0x5030c000 	C:\Program Files (x86)\VideoLAN\VLC\plugins\codec\liblibass_plugin.dll
0x522d0000 - 0x522fb000 	C:\Program Files (x86)\VideoLAN\VLC\plugins\codec\libspeex_plugin.dll
0x522c0000 - 0x522ce000 	C:\Program Files (x86)\VideoLAN\VLC\plugins\codec\liblpcm_plugin.dll
0x500f0000 - 0x501ab000 	C:\Program Files (x86)\VideoLAN\VLC\plugins\codec\libvorbis_plugin.dll
0x522b0000 - 0x522bd000 	C:\Program Files (x86)\VideoLAN\VLC\plugins\codec\libmpeg_audio_plugin.dll
0x500e0000 - 0x500ef000 	C:\Program Files (x86)\VideoLAN\VLC\plugins\codec\libaraw_plugin.dll
0x500a0000 - 0x500d2000 	C:\Program Files (x86)\VideoLAN\VLC\plugins\codec\libopus_plugin.dll
0x50090000 - 0x5009d000 	C:\Program Files (x86)\VideoLAN\VLC\plugins\codec\liba52_plugin.dll
0x50080000 - 0x5008d000 	C:\Program Files (x86)\VideoLAN\VLC\plugins\codec\libspudec_plugin.dll
0x192b0000 - 0x1a32b000 	C:\Program Files (x86)\VideoLAN\VLC\plugins\codec\libavcodec_plugin.dll
0x77e70000 - 0x77ff3000 	C:\Program Files (x86)\VideoLAN\VLC\plugins\codec\libzvbi_plugin.dll
0x50070000 - 0x50080000 	C:\Program Files (x86)\VideoLAN\VLC\plugins\codec\libscte27_plugin.dll
0x50040000 - 0x50061000 	C:\Program Files (x86)\VideoLAN\VLC\plugins\codec\libkate_plugin.dll
0x50020000 - 0x50034000 	C:\Program Files (x86)\VideoLAN\VLC\plugins\codec\libsubsdec_plugin.dll
0x77e40000 - 0x77e6a000 	C:\Program Files (x86)\VideoLAN\VLC\plugins\codec\liblibmpeg2_plugin.dll
0x50010000 - 0x5001d000 	C:\Program Files (x86)\VideoLAN\VLC\plugins\codec\libsvcdsub_plugin.dll
0x77e10000 - 0x77e32000 	C:\Program Files (x86)\VideoLAN\VLC\plugins\codec\libdvbsub_plugin.dll
0x50000000 - 0x5000c000 	C:\Program Files (x86)\VideoLAN\VLC\plugins\codec\libuleaddvaudio_plugin.dll
0x77c60000 - 0x77e0b000 	C:\Program Files (x86)\VideoLAN\VLC\plugins\codec\libx264_plugin.dll
0x77c30000 - 0x77c5e000 	C:\Program Files (x86)\VideoLAN\VLC\plugins\codec\libtwolame_plugin.dll
0x77c20000 - 0x77c2f000 	C:\Program Files (x86)\VideoLAN\VLC\plugins\sse2\libi420_yuy2_sse2_plugin.dll
0x77c10000 - 0x77c1e000 	C:\Program Files (x86)\VideoLAN\VLC\plugins\mmx\libi420_yuy2_mmx_plugin.dll
0x77b70000 - 0x77c10000 	C:\Program Files (x86)\VideoLAN\VLC\plugins\video_filter\libswscale_plugin.dll
0x77ab0000 - 0x77b6f000 	C:\Program Files (x86)\VideoLAN\VLC\plugins\text_renderer\libfreetype_plugin.dll

VM Arguments:
jvm_args: -Dfile.encoding=UTF-8 
java_command: lancomms.LANCOMMS
java_class_path (initial): C:\Users\user\Documents\School Stuff\4th Year\Capstone\MockDef-262015\lancomms.it184\LANCOMMS\API\mysql-connector-java-5.1.34-bin.jar;C:\Users\user\Documents\School Stuff\4th Year\Capstone\MockDef-262015\lancomms.it184\LANCOMMS\API\jna-3.5.2.jar;C:\Users\user\Documents\School Stuff\4th Year\Capstone\MockDef-262015\lancomms.it184\LANCOMMS\API\platform-3.5.2.jar;C:\Users\user\Documents\School Stuff\4th Year\Capstone\MockDef-262015\lancomms.it184\LANCOMMS\API\vlcj-3.1.0.jar;C:\Users\user\Documents\School Stuff\4th Year\Capstone\MockDef-262015\lancomms.it184\LANCOMMS\API\json-rpc-1.0.jar;C:\Users\user\Documents\School Stuff\4th Year\Capstone\MockDef-262015\lancomms.it184\LANCOMMS\build\classes
Launcher Type: SUN_STANDARD

Environment Variables:
JAVA_HOME=C:\Program Files\Java\jdk1.7.0_51
CLASSPATH=.;.;C:\PROGRA~2\JMF21~1.1E\lib\sound.jar;C:\PROGRA~2\JMF21~1.1E\lib\jmf.jar;C:\PROGRA~2\JMF21~1.1E\lib;
PATH=C:\ProgramData\Oracle\Java\javapath;C:\Program Files (x86)\NVIDIA Corporation\PhysX\Common;C:\Program Files\Common Files\Microsoft Shared\Windows Live;C:\Windows\system32;C:\Windows;C:\Windows\System32\Wbem;C:\Windows\System32\WindowsPowerShell\v1.0\;C:\Program Files\Intel\Intel(R) Management Engine Components\DAL;C:\Program Files\Intel\Intel(R) Management Engine Components\IPT;C:\Program Files (x86)\Intel\Intel(R) Management Engine Components\DAL;C:\Program Files (x86)\Intel\Intel(R) Management Engine Components\IPT;C:\Program Files (x86)\QuickTime\QTSystem\;C:\Program Files\Java\jdk1.7.0_51/bin;C:\Grails\grails-2.3.7/bin;C:\Program Files (x86)\Intel\OpenCL SDK\3.0\bin\x86;C:\Program Files (x86)\Intel\OpenCL SDK\3.0\bin\x64;C:\PROGRA~2\JMF21~1.1E\lib;%CommonProgramFiles%\Microsoft Shared\Windows Live
USERNAME=eufrik
OS=Windows_NT
PROCESSOR_IDENTIFIER=Intel64 Family 6 Model 58 Stepping 9, GenuineIntel



---------------  S Y S T E M  ---------------

OS: Windows 7 , 64 bit Build 7600 

CPU:total 8 (4 cores per cpu, 2 threads per core) family 6 model 58 stepping 9, cmov, cx8, fxsr, mmx, sse, sse2, sse3, ssse3, sse4.1, sse4.2, popcnt, aes, clmul, erms, ht, tsc, tscinvbit, tscinv

Memory: 4k page, physical 8285028k(3104152k free), swap 16568148k(8813388k free)

vm_info: Java HotSpot(TM) Client VM (25.25-b02) for windows-x86 JRE (1.8.0_25-b18), built on Oct  7 2014 14:31:05 by "java_re" with MS VC++ 10.0 (VS2010)

time: Thu Feb 12 03:43:39 2015
elapsed time: 35 seconds (0d 0h 0m 35s)

