#
# A fatal error has been detected by the Java Runtime Environment:
#
#  EXCEPTION_INVALID_HANDLE (0xc0000008) at pc=0x77cc2625, pid=2304, tid=5524
#
# JRE version: Java(TM) SE Runtime Environment (8.0_25-b18) (build 1.8.0_25-b18)
# Java VM: Java HotSpot(TM) Client VM (25.25-b02 mixed mode windows-x86 )
# Problematic frame:
# C  [ntdll.dll+0x82625]
#
# Failed to write core dump. Minidumps are not enabled by default on client versions of Windows
#
# If you would like to submit a bug report, please visit:
#   http://bugreport.sun.com/bugreport/crash.jsp
# The crash happened outside the Java Virtual Machine in native code.
# See problematic frame for where to report the bug.
#

---------------  T H R E A D  ---------------

Current thread (0x14b50000):  JavaThread "Thread-7" [_thread_in_native, id=5524, stack(0x17500000,0x17550000)]

siginfo: ExceptionCode=0xc0000008

Registers:
EAX=0xc0000008, EBX=0x00000000, ECX=0x75682e09, EDX=0x00000000
ESP=0x1754ee04, EBP=0x1754ee54, ESI=0x15a00314, EDI=0x00000000
EIP=0x77cc2625, EFLAGS=0x00000282

Top of Stack: (sp=0x1754ee04)
0x1754ee04:   15a00314 15a00318 15a00314 1754f2cc
0x1754ee14:   14bce8d4 00dd3e10 14b50000 0000003e
0x1754ee24:   14b50000 14b50000 1754f050 548ca272
0x1754ee34:   1754f2cc 14bce8d4 00dd3e10 00000000
0x1754ee44:   00000000 00000000 7ef8e000 15963ef8
0x1754ee54:   1754ee7c 77c7b468 00000000 00000000
0x1754ee64:   15a00314 1754f5d0 15a00310 00000004
0x1754ee74:   15000000 00000001 1754ee9c 709f6653 

Instructions: (pc=0x77cc2625)
0x77cc2605:   08 68 b0 48 c6 77 6a 00 6a 65 89 45 0c e8 89 30
0x77cc2615:   ff ff 83 c4 0c e9 43 8f fb ff 50 e8 e0 92 fd ff
0x77cc2625:   cc 56 e8 79 fe 01 00 e9 cf 8f fb ff 81 67 14 00
0x77cc2635:   00 00 ff e9 1c 65 fd ff b8 f1 00 00 c0 8b e5 5d 


Register to memory mapping:

EAX=0xc0000008 is an unknown value
EBX=0x00000000 is an unknown value
ECX=0x75682e09 is an unknown value
EDX=0x00000000 is an unknown value
ESP=0x1754ee04 is pointing into the stack for thread: 0x14b50000
EBP=0x1754ee54 is pointing into the stack for thread: 0x14b50000
ESI=0x15a00314 is an unknown value
EDI=0x00000000 is an unknown value


Stack: [0x17500000,0x17550000],  sp=0x1754ee04,  free space=315k
Native frames: (J=compiled Java code, j=interpreted, Vv=VM code, C=native code)
C  [ntdll.dll+0x82625]
C  [ntdll.dll+0x3b468]
C  [libvlccore.dll+0x86653]
C  [libvlc.dll+0xab15]
C  [jna1823612602757780164.dll+0xd546]
C  [jna1823612602757780164.dll+0x2e5e]
C  [jna1823612602757780164.dll+0x554e]
j  com.sun.jna.Native.invokeVoid(JI[Ljava/lang/Object;)V+0
j  com.sun.jna.Function.invoke([Ljava/lang/Object;Ljava/lang/Class;Z)Ljava/lang/Object;+48
j  com.sun.jna.Function.invoke(Ljava/lang/Class;[Ljava/lang/Object;Ljava/util/Map;)Ljava/lang/Object;+214
j  com.sun.jna.Library$Handler.invoke(Ljava/lang/Object;Ljava/lang/reflect/Method;[Ljava/lang/Object;)Ljava/lang/Object;+341
j  com.sun.proxy.$Proxy0.libvlc_media_player_stop(Luk/co/caprica/vlcj/binding/internal/libvlc_media_player_t;)V+16
j  uk.co.caprica.vlcj.player.DefaultMediaPlayer.stop()V+17
j  LCControllers.Call.stopCall()V+4
j  LCControllers.Server$ClientThread.run()V+909
v  ~StubRoutines::call_stub
V  [jvm.dll+0x147285]
V  [jvm.dll+0x20d19e]
V  [jvm.dll+0x14731e]
V  [jvm.dll+0x1474a6]
V  [jvm.dll+0x147517]
V  [jvm.dll+0xf06bf]
V  [jvm.dll+0x1698cc]
V  [jvm.dll+0x16a15a]
V  [jvm.dll+0x1aee06]
C  [msvcr100.dll+0x5c556]
C  [msvcr100.dll+0x5c600]
C  [kernel32.dll+0x13677]
C  [ntdll.dll+0x3c002]
C  [ntdll.dll+0x3bfd5]
C  0x00000000

Java frames: (J=compiled Java code, j=interpreted, Vv=VM code)
j  com.sun.jna.Native.invokeVoid(JI[Ljava/lang/Object;)V+0
j  com.sun.jna.Function.invoke([Ljava/lang/Object;Ljava/lang/Class;Z)Ljava/lang/Object;+48
j  com.sun.jna.Function.invoke(Ljava/lang/Class;[Ljava/lang/Object;Ljava/util/Map;)Ljava/lang/Object;+214
j  com.sun.jna.Library$Handler.invoke(Ljava/lang/Object;Ljava/lang/reflect/Method;[Ljava/lang/Object;)Ljava/lang/Object;+341
j  com.sun.proxy.$Proxy0.libvlc_media_player_stop(Luk/co/caprica/vlcj/binding/internal/libvlc_media_player_t;)V+16
j  uk.co.caprica.vlcj.player.DefaultMediaPlayer.stop()V+17
j  LCControllers.Call.stopCall()V+4
j  LCControllers.Server$ClientThread.run()V+909
v  ~StubRoutines::call_stub

---------------  P R O C E S S  ---------------

Java Threads: ( => current thread )
=>0x14b50000 JavaThread "Thread-7" [_thread_in_native, id=5524, stack(0x17500000,0x17550000)]
  0x15878400 JavaThread "Thread-4" [_thread_in_native, id=4288, stack(0x169f0000,0x16a40000)]
  0x15830000 JavaThread "Thread-5" [_thread_in_native, id=1852, stack(0x169a0000,0x169f0000)]
  0x15769400 JavaThread "Thread-3" [_thread_in_native, id=1288, stack(0x16030000,0x16080000)]
  0x14aab000 JavaThread "Thread-2" [_thread_in_native, id=6108, stack(0x164e0000,0x16530000)]
  0x15756800 JavaThread "Abandoned connection cleanup thread" daemon [_thread_blocked, id=4584, stack(0x16590000,0x165e0000)]
  0x15720800 JavaThread "TimerQueue" daemon [_thread_blocked, id=3792, stack(0x16470000,0x164c0000)]
  0x0080c800 JavaThread "DestroyJavaVM" [_thread_blocked, id=2524, stack(0x00750000,0x007a0000)]
  0x15590800 JavaThread "AWT-EventQueue-0" [_thread_blocked, id=4552, stack(0x15390000,0x153e0000)]
  0x14b9a400 JavaThread "AWT-Windows" daemon [_thread_in_native, id=4452, stack(0x15260000,0x152b0000)]
  0x14b98c00 JavaThread "AWT-Shutdown" [_thread_blocked, id=6832, stack(0x01200000,0x01250000)]
  0x14b96000 JavaThread "Java2D Disposer" daemon [_thread_blocked, id=4936, stack(0x150d0000,0x15120000)]
  0x14a6f400 JavaThread "Service Thread" daemon [_thread_blocked, id=4892, stack(0x14fa0000,0x14ff0000)]
  0x14a4f400 JavaThread "C1 CompilerThread0" daemon [_thread_blocked, id=1628, stack(0x14ea0000,0x14ef0000)]
  0x14a4dc00 JavaThread "Attach Listener" daemon [_thread_blocked, id=6660, stack(0x14db0000,0x14e00000)]
  0x14a4b000 JavaThread "Signal Dispatcher" daemon [_thread_blocked, id=6728, stack(0x14940000,0x14990000)]
  0x009bec00 JavaThread "Finalizer" daemon [_thread_blocked, id=4300, stack(0x14cd0000,0x14d20000)]
  0x009b9400 JavaThread "Reference Handler" daemon [_thread_blocked, id=6444, stack(0x14c00000,0x14c50000)]

Other Threads:
  0x009b4000 VMThread [stack: 0x148e0000,0x14930000] [id=3200]
  0x14a70400 WatcherThread [stack: 0x14890000,0x148e0000] [id=6704]

VM state:not at safepoint (normal execution)

VM Mutex/Monitor currently owned by a thread: None

Heap:
 def new generation   total 6080K, used 3134K [0x04800000, 0x04e90000, 0x09d50000)
  eden space 5440K,  55% used [0x04800000, 0x04af6d40, 0x04d50000)
  from space 640K,  15% used [0x04df0000, 0x04e08c18, 0x04e90000)
  to   space 640K,   0% used [0x04d50000, 0x04d50000, 0x04df0000)
 tenured generation   total 13280K, used 7965K [0x09d50000, 0x0aa48000, 0x14800000)
   the space 13280K,  59% used [0x09d50000, 0x0a517670, 0x0a517800, 0x0aa48000)
 Metaspace       used 11625K, capacity 11750K, committed 11904K, reserved 12672K

Card table byte_map: [0x00d10000,0x00da0000] byte_map_base: 0x00cec000

Polling page: 0x00120000

CodeCache: size=32768Kb used=1787Kb max_used=1787Kb free=30980Kb
 bounds [0x02710000, 0x028d0000, 0x04710000]
 total_blobs=1037 nmethods=766 adapters=202
 compilation: enabled

Compilation events (10 events):
Event: 23.338 Thread 0x14a4f400  769             java.awt.EventQueue::postEvent (172 bytes)
Event: 23.338 Thread 0x14a4f400 nmethod 769 0x028ccf08 code [0x028cd0d0, 0x028cd600]
Event: 23.338 Thread 0x14a4f400  770             java.awt.EventQueue::coalesceEvent (86 bytes)
Event: 23.338 Thread 0x14a4f400 nmethod 770 0x028cdc08 code [0x028cdd50, 0x028ce000]
Event: 23.345 Thread 0x14a4f400  771             sun.awt.SunToolkit::targetToAppContext (36 bytes)
Event: 23.345 Thread 0x14a4f400 nmethod 771 0x028ce188 code [0x028ce2c0, 0x028ce5a4]
Event: 23.385 Thread 0x14a4f400  772             java.awt.EventQueue::cacheEQItem (60 bytes)
Event: 23.385 Thread 0x14a4f400 nmethod 772 0x028ce788 code [0x028ce8a0, 0x028ceaec]
Event: 23.385 Thread 0x14a4f400  773             java.awt.EventQueue::uncacheEQItem (53 bytes)
Event: 23.385 Thread 0x14a4f400 nmethod 773 0x028cecc8 code [0x028cede0, 0x028cef3c]

GC Heap History (10 events):
Event: 3.263 GC heap before
{Heap before GC invocations=3 (full 0):
 def new generation   total 4928K, used 4928K [0x04800000, 0x04d50000, 0x09d50000)
  eden space 4416K, 100% used [0x04800000, 0x04c50000, 0x04c50000)
  from space 512K, 100% used [0x04cd0000, 0x04d50000, 0x04d50000)
  to   space 512K,   0% used [0x04c50000, 0x04c50000, 0x04cd0000)
 tenured generation   total 10944K, used 4970K [0x09d50000, 0x0a800000, 0x14800000)
   the space 10944K,  45% used [0x09d50000, 0x0a22aaf0, 0x0a22ac00, 0x0a800000)
 Metaspace       used 10415K, capacity 10521K, committed 10624K, reserved 10624K
Event: 3.269 GC heap after
Heap after GC invocations=4 (full 0):
 def new generation   total 4928K, used 512K [0x04800000, 0x04d50000, 0x09d50000)
  eden space 4416K,   0% used [0x04800000, 0x04800000, 0x04c50000)
  from space 512K, 100% used [0x04c50000, 0x04cd0000, 0x04cd0000)
  to   space 512K,   0% used [0x04cd0000, 0x04cd0000, 0x04d50000)
 tenured generation   total 10944K, used 7322K [0x09d50000, 0x0a800000, 0x14800000)
   the space 10944K,  66% used [0x09d50000, 0x0a476970, 0x0a476a00, 0x0a800000)
 Metaspace       used 10415K, capacity 10521K, committed 10624K, reserved 10624K
}
Event: 12.187 GC heap before
{Heap before GC invocations=4 (full 0):
 def new generation   total 4928K, used 4928K [0x04800000, 0x04d50000, 0x09d50000)
  eden space 4416K, 100% used [0x04800000, 0x04c50000, 0x04c50000)
  from space 512K, 100% used [0x04c50000, 0x04cd0000, 0x04cd0000)
  to   space 512K,   0% used [0x04cd0000, 0x04cd0000, 0x04d50000)
 tenured generation   total 10944K, used 7322K [0x09d50000, 0x0a800000, 0x14800000)
   the space 10944K,  66% used [0x09d50000, 0x0a476970, 0x0a476a00, 0x0a800000)
 Metaspace       used 11127K, capacity 11232K, committed 11392K, reserved 11648K
Event: 12.191 GC heap after
Heap after GC invocations=5 (full 0):
 def new generation   total 4928K, used 512K [0x04800000, 0x04d50000, 0x09d50000)
  eden space 4416K,   0% used [0x04800000, 0x04800000, 0x04c50000)
  from space 512K, 100% used [0x04cd0000, 0x04d50000, 0x04d50000)
  to   space 512K,   0% used [0x04c50000, 0x04c50000, 0x04cd0000)
 tenured generation   total 10944K, used 9052K [0x09d50000, 0x0a800000, 0x14800000)
   the space 10944K,  82% used [0x09d50000, 0x0a6270f0, 0x0a627200, 0x0a800000)
 Metaspace       used 11127K, capacity 11232K, committed 11392K, reserved 11648K
}
Event: 12.345 GC heap before
{Heap before GC invocations=5 (full 0):
 def new generation   total 4928K, used 4873K [0x04800000, 0x04d50000, 0x09d50000)
  eden space 4416K,  98% used [0x04800000, 0x04c42640, 0x04c50000)
  from space 512K, 100% used [0x04cd0000, 0x04d50000, 0x04d50000)
  to   space 512K,   0% used [0x04c50000, 0x04c50000, 0x04cd0000)
 tenured generation   total 10944K, used 9052K [0x09d50000, 0x0a800000, 0x14800000)
   the space 10944K,  82% used [0x09d50000, 0x0a6270f0, 0x0a627200, 0x0a800000)
 Metaspace       used 11479K, capacity 11587K, committed 11776K, reserved 12672K
Event: 12.352 GC heap after
Heap after GC invocations=6 (full 0):
 def new generation   total 4928K, used 495K [0x04800000, 0x04d50000, 0x09d50000)
  eden space 4416K,   0% used [0x04800000, 0x04800000, 0x04c50000)
  from space 512K,  96% used [0x04c50000, 0x04ccbd40, 0x04cd0000)
  to   space 512K,   0% used [0x04cd0000, 0x04cd0000, 0x04d50000)
 tenured generation   total 10944K, used 10451K [0x09d50000, 0x0a800000, 0x14800000)
   the space 10944K,  95% used [0x09d50000, 0x0a784c40, 0x0a784e00, 0x0a800000)
 Metaspace       used 11479K, capacity 11587K, committed 11776K, reserved 12672K
}
Event: 14.536 GC heap before
{Heap before GC invocations=6 (full 0):
 def new generation   total 4928K, used 4911K [0x04800000, 0x04d50000, 0x09d50000)
  eden space 4416K, 100% used [0x04800000, 0x04c50000, 0x04c50000)
  from space 512K,  96% used [0x04c50000, 0x04ccbd40, 0x04cd0000)
  to   space 512K,   0% used [0x04cd0000, 0x04cd0000, 0x04d50000)
 tenured generation   total 10944K, used 10451K [0x09d50000, 0x0a800000, 0x14800000)
   the space 10944K,  95% used [0x09d50000, 0x0a784c40, 0x0a784e00, 0x0a800000)
 Metaspace       used 11574K, capacity 11726K, committed 11776K, reserved 12672K
Event: 14.571 GC heap after
Heap after GC invocations=7 (full 1):
 def new generation   total 6080K, used 0K [0x04800000, 0x04e90000, 0x09d50000)
  eden space 5440K,   0% used [0x04800000, 0x04800000, 0x04d50000)
  from space 640K,   0% used [0x04d50000, 0x04d50000, 0x04df0000)
  to   space 640K,   0% used [0x04df0000, 0x04df0000, 0x04e90000)
 tenured generation   total 13280K, used 7965K [0x09d50000, 0x0aa48000, 0x14800000)
   the space 13280K,  59% used [0x09d50000, 0x0a517670, 0x0a517800, 0x0aa48000)
 Metaspace       used 11567K, capacity 11716K, committed 11776K, reserved 12672K
}
Event: 20.160 GC heap before
{Heap before GC invocations=7 (full 1):
 def new generation   total 6080K, used 5440K [0x04800000, 0x04e90000, 0x09d50000)
  eden space 5440K, 100% used [0x04800000, 0x04d50000, 0x04d50000)
  from space 640K,   0% used [0x04d50000, 0x04d50000, 0x04df0000)
  to   space 640K,   0% used [0x04df0000, 0x04df0000, 0x04e90000)
 tenured generation   total 13280K, used 7965K [0x09d50000, 0x0aa48000, 0x14800000)
   the space 13280K,  59% used [0x09d50000, 0x0a517670, 0x0a517800, 0x0aa48000)
 Metaspace       used 11620K, capacity 11748K, committed 11904K, reserved 12672K
Event: 20.162 GC heap after
Heap after GC invocations=8 (full 1):
 def new generation   total 6080K, used 99K [0x04800000, 0x04e90000, 0x09d50000)
  eden space 5440K,   0% used [0x04800000, 0x04800000, 0x04d50000)
  from space 640K,  15% used [0x04df0000, 0x04e08c18, 0x04e90000)
  to   space 640K,   0% used [0x04d50000, 0x04d50000, 0x04df0000)
 tenured generation   total 13280K, used 7965K [0x09d50000, 0x0aa48000, 0x14800000)
   the space 13280K,  59% used [0x09d50000, 0x0a517670, 0x0a517800, 0x0aa48000)
 Metaspace       used 11620K, capacity 11748K, committed 11904K, reserved 12672K
}

Deoptimization events (0 events):
No events

Internal exceptions (10 events):
Event: 12.411 Thread 0x14b51400 Exception <a 'java/security/PrivilegedActionException'> (0x049781d8) thrown at [C:\re\workspace\8-2-build-windows-i586-cygwin\jdk8u25\1677\hotspot\src\share\vm\prims\jvm.cpp, line 1312]
Event: 12.415 Thread 0x14b51400 Exception <a 'java/security/PrivilegedActionException'> (0x0498e5d0) thrown at [C:\re\workspace\8-2-build-windows-i586-cygwin\jdk8u25\1677\hotspot\src\share\vm\prims\jvm.cpp, line 1312]
Event: 12.421 Thread 0x14b51400 Exception <a 'java/security/PrivilegedActionException'> (0x049f7140) thrown at [C:\re\workspace\8-2-build-windows-i586-cygwin\jdk8u25\1677\hotspot\src\share\vm\prims\jvm.cpp, line 1312]
Event: 12.460 Thread 0x14b51400 Exception <a 'java/security/PrivilegedActionException'> (0x04a71620) thrown at [C:\re\workspace\8-2-build-windows-i586-cygwin\jdk8u25\1677\hotspot\src\share\vm\prims\jvm.cpp, line 1312]
Event: 12.464 Thread 0x14b51400 Exception <a 'java/security/PrivilegedActionException'> (0x04ae44c0) thrown at [C:\re\workspace\8-2-build-windows-i586-cygwin\jdk8u25\1677\hotspot\src\share\vm\prims\jvm.cpp, line 1312]
Event: 12.466 Thread 0x14b51400 Exception <a 'java/security/PrivilegedActionException'> (0x04afa8b8) thrown at [C:\re\workspace\8-2-build-windows-i586-cygwin\jdk8u25\1677\hotspot\src\share\vm\prims\jvm.cpp, line 1312]
Event: 13.544 Thread 0x14b51400 Exception <a 'java/security/PrivilegedActionException'> (0x04bf1448) thrown at [C:\re\workspace\8-2-build-windows-i586-cygwin\jdk8u25\1677\hotspot\src\share\vm\prims\jvm.cpp, line 1312]
Event: 13.546 Thread 0x14b51400 Exception <a 'java/security/PrivilegedActionException'> (0x04c07790) thrown at [C:\re\workspace\8-2-build-windows-i586-cygwin\jdk8u25\1677\hotspot\src\share\vm\prims\jvm.cpp, line 1312]
Event: 15.642 Thread 0x14b51400 Exception <a 'java/security/PrivilegedActionException'> (0x04969db8) thrown at [C:\re\workspace\8-2-build-windows-i586-cygwin\jdk8u25\1677\hotspot\src\share\vm\prims\jvm.cpp, line 1312]
Event: 22.558 Thread 0x15590800 Exception <a 'java/security/PrivilegedActionException'> (0x04aa8970) thrown at [C:\re\workspace\8-2-build-windows-i586-cygwin\jdk8u25\1677\hotspot\src\share\vm\prims\jvm.cpp, line 1312]

Events (10 events):
Event: 22.504 Thread 0x14b51400 Thread added: 0x14b51400
Event: 22.504 Thread 0x14b51400 Thread exited: 0x14b51400
Event: 22.558 loading class uk/co/caprica/vlcj/player/events/MediaPlayerStoppedEvent
Event: 22.558 loading class uk/co/caprica/vlcj/player/events/MediaPlayerStoppedEvent done
Event: 22.615 Thread 0x14b50800 Thread exited: 0x14b50800
Event: 22.615 Thread 0x14b50c00 Thread exited: 0x14b50c00
Event: 22.623 Executing VM operation: BulkRevokeBias
Event: 22.623 Executing VM operation: BulkRevokeBias done
Event: 23.569 Executing VM operation: RevokeBias
Event: 23.569 Executing VM operation: RevokeBias done


Dynamic libraries:
0x012e0000 - 0x01310000 	C:\Program Files (x86)\Java\jdk1.8.0_25\bin\java.exe
0x77c40000 - 0x77dc0000 	C:\Windows\SysWOW64\ntdll.dll
0x75800000 - 0x75910000 	C:\Windows\syswow64\kernel32.dll
0x75cf0000 - 0x75d37000 	C:\Windows\syswow64\KERNELBASE.dll
0x75a30000 - 0x75ad0000 	C:\Windows\syswow64\ADVAPI32.dll
0x77790000 - 0x7783c000 	C:\Windows\syswow64\msvcrt.dll
0x76330000 - 0x76349000 	C:\Windows\SysWOW64\sechost.dll
0x75ad0000 - 0x75bc0000 	C:\Windows\syswow64\RPCRT4.dll
0x757a0000 - 0x75800000 	C:\Windows\syswow64\SspiCli.dll
0x75790000 - 0x7579c000 	C:\Windows\syswow64\CRYPTBASE.dll
0x76490000 - 0x76590000 	C:\Windows\syswow64\USER32.dll
0x759a0000 - 0x75a30000 	C:\Windows\syswow64\GDI32.dll
0x75c40000 - 0x75c4a000 	C:\Windows\syswow64\LPK.dll
0x75d40000 - 0x75ddd000 	C:\Windows\syswow64\USP10.dll
0x742d0000 - 0x7446e000 	C:\Windows\WinSxS\x86_microsoft.windows.common-controls_6595b64144ccf1df_6.0.7600.16661_none_420fe3fa2b8113bd\COMCTL32.dll
0x771e0000 - 0x77237000 	C:\Windows\syswow64\SHLWAPI.dll
0x75de0000 - 0x75e40000 	C:\Windows\system32\IMM32.DLL
0x77640000 - 0x7770c000 	C:\Windows\syswow64\MSCTF.dll
0x559c0000 - 0x55a7f000 	C:\Program Files (x86)\Java\jdk1.8.0_25\jre\bin\msvcr100.dll
0x54770000 - 0x54b14000 	C:\Program Files (x86)\Java\jdk1.8.0_25\jre\bin\client\jvm.dll
0x73d80000 - 0x73d87000 	C:\Windows\system32\WSOCK32.dll
0x77440000 - 0x77475000 	C:\Windows\syswow64\WS2_32.dll
0x75ce0000 - 0x75ce6000 	C:\Windows\syswow64\NSI.dll
0x75360000 - 0x75392000 	C:\Windows\system32\WINMM.dll
0x77c10000 - 0x77c15000 	C:\Windows\syswow64\PSAPI.DLL
0x55b30000 - 0x55b3c000 	C:\Program Files (x86)\Java\jdk1.8.0_25\jre\bin\verify.dll
0x55b00000 - 0x55b21000 	C:\Program Files (x86)\Java\jdk1.8.0_25\jre\bin\java.dll
0x55ae0000 - 0x55af3000 	C:\Program Files (x86)\Java\jdk1.8.0_25\jre\bin\zip.dll
0x76590000 - 0x771d9000 	C:\Windows\syswow64\SHELL32.dll
0x76020000 - 0x7617c000 	C:\Windows\syswow64\ole32.dll
0x73550000 - 0x7355b000 	C:\Windows\system32\profapi.dll
0x55870000 - 0x559b6000 	C:\Program Files (x86)\Java\jdk1.8.0_25\jre\bin\awt.dll
0x761a0000 - 0x7622f000 	C:\Windows\syswow64\OLEAUT32.dll
0x71900000 - 0x71980000 	C:\Windows\system32\uxtheme.dll
0x74180000 - 0x741d8000 	C:\Program Files (x86)\Common Files\microsoft shared\ink\tiptsf.dll
0x6e950000 - 0x6e990000 	C:\Program Files (x86)\TeamViewer\tv_w32.dll
0x75670000 - 0x75679000 	C:\Windows\system32\VERSION.dll
0x71350000 - 0x71363000 	C:\Windows\system32\dwmapi.dll
0x55aa0000 - 0x55ad8000 	C:\Program Files (x86)\Java\jdk1.8.0_25\jre\bin\fontmanager.dll
0x55a80000 - 0x55a95000 	C:\Program Files (x86)\Java\jdk1.8.0_25\jre\bin\net.dll
0x75030000 - 0x7506c000 	C:\Windows\system32\mswsock.dll
0x74980000 - 0x74986000 	C:\Windows\System32\wship6.dll
0x55860000 - 0x5586f000 	C:\Program Files (x86)\Java\jdk1.8.0_25\jre\bin\nio.dll
0x75910000 - 0x75993000 	C:\Windows\syswow64\CLBCatQ.DLL
0x570c0000 - 0x571bb000 	C:\Windows\system32\WindowsCodecs.dll
0x73ad0000 - 0x73b1b000 	C:\Windows\system32\apphelp.dll
0x55800000 - 0x55823000 	C:\Users\user\AppData\Roaming\Dropbox\bin\DropboxExt.24.dll
0x711b0000 - 0x7129b000 	C:\Windows\system32\dbghelp.dll
0x71dc0000 - 0x71e4e000 	C:\Windows\WinSxS\x86_microsoft.vc90.crt_1fc8b3b9a1e18e3b_9.0.30729.6161_none_50934f2ebcb7eb57\MSVCP90.dll
0x71d10000 - 0x71db3000 	C:\Windows\WinSxS\x86_microsoft.vc90.crt_1fc8b3b9a1e18e3b_9.0.30729.6161_none_50934f2ebcb7eb57\MSVCR90.dll
0x55780000 - 0x557b1000 	C:\Windows\system32\EhStorShell.dll
0x75e50000 - 0x75fed000 	C:\Windows\syswow64\SETUPAPI.dll
0x75ff0000 - 0x76017000 	C:\Windows\syswow64\CFGMGR32.dll
0x76180000 - 0x76192000 	C:\Windows\syswow64\DEVOBJ.dll
0x71800000 - 0x718f5000 	C:\Windows\system32\PROPSYS.dll
0x54df0000 - 0x54e5f000 	C:\Windows\system32\ntshrui.dll
0x712b0000 - 0x712c9000 	C:\Windows\system32\srvcli.dll
0x71190000 - 0x7119b000 	C:\Windows\system32\cscapi.dll
0x557f0000 - 0x557fa000 	C:\Windows\system32\slc.dll
0x55830000 - 0x55860000 	C:\Program Files (x86)\Java\jdk1.8.0_25\jre\bin\t2k.dll
0x737f0000 - 0x73806000 	C:\Windows\system32\CRYPTSP.dll
0x73510000 - 0x7354b000 	C:\Windows\system32\rsaenh.dll
0x73400000 - 0x73417000 	C:\Windows\system32\USERENV.dll
0x73d40000 - 0x73d5c000 	C:\Windows\system32\IPHLPAPI.DLL
0x73d30000 - 0x73d37000 	C:\Windows\system32\WINNSI.DLL
0x701b0000 - 0x701c2000 	C:\Windows\system32\dhcpcsvc.DLL
0x6de20000 - 0x6de2d000 	C:\Windows\system32\dhcpcsvc6.DLL
0x71b30000 - 0x71b37000 	C:\Program Files (x86)\Java\jdk1.8.0_25\jre\bin\jaas_nt.dll
0x14990000 - 0x149cd000 	C:\Users\user\AppData\Local\Temp\jna-eufrik\jna1823612602757780164.dll
0x6fa30000 - 0x6fab4000 	C:\Windows\WinSxS\x86_microsoft.windows.common-controls_6595b64144ccf1df_5.82.7600.16661_none_ebfb56996c72aefc\comctl32.dll
0x71b00000 - 0x71b24000 	C:\Program Files (x86)\VideoLAN\VLC\libvlc.dll
0x70970000 - 0x70bc1000 	C:\Program Files (x86)\VideoLAN\VLC\libvlccore.dll
0x71ab0000 - 0x71af8000 	C:\Program Files (x86)\VideoLAN\VLC\plugins\access\libdshow_plugin.dll
0x71aa0000 - 0x71aaf000 	C:\Program Files (x86)\VideoLAN\VLC\plugins\audio_output\libdirectsound_plugin.dll
0x71a80000 - 0x71a90000 	C:\Program Files (x86)\VideoLAN\VLC\plugins\audio_output\libwaveout_plugin.dll
0x71a60000 - 0x71a79000 	C:\Program Files (x86)\VideoLAN\VLC\plugins\video_output\libdirectdraw_plugin.dll
0x71a90000 - 0x71a96000 	C:\Program Files (x86)\Java\jdk1.8.0_25\jre\bin\jawt.dll
0x71a20000 - 0x71a32000 	C:\Program Files (x86)\VideoLAN\VLC\plugins\stream_out\libstream_out_duplicate_plugin.dll
0x71980000 - 0x71a15000 	C:\Program Files (x86)\VideoLAN\VLC\plugins\stream_out\libstream_out_rtp_plugin.dll
0x71a40000 - 0x71a60000 	C:\Program Files (x86)\VideoLAN\VLC\plugins\mux\libmux_ts_plugin.dll
0x75020000 - 0x75025000 	C:\Windows\System32\wshtcpip.dll
0x6db70000 - 0x6db80000 	C:\Windows\system32\NLAapi.dll
0x73b40000 - 0x73b84000 	C:\Windows\system32\DNSAPI.dll
0x6d990000 - 0x6d998000 	C:\Windows\System32\winrnr.dll
0x6d980000 - 0x6d990000 	C:\Windows\system32\napinsp.dll
0x6d960000 - 0x6d972000 	C:\Windows\system32\pnrpnsp.dll
0x74950000 - 0x74974000 	C:\Program Files (x86)\Common Files\Microsoft Shared\Windows Live\WLIDNSP.DLL
0x74920000 - 0x74941000 	C:\Program Files (x86)\Bonjour\mdnsNSP.dll
0x71690000 - 0x7170c000 	C:\Program Files (x86)\VideoLAN\VLC\plugins\access\librtp_plugin.dll
0x717e0000 - 0x717ec000 	C:\Program Files (x86)\VideoLAN\VLC\plugins\stream_out\libstream_out_display_plugin.dll
0x717c0000 - 0x717d2000 	C:\Program Files (x86)\VideoLAN\VLC\plugins\stream_out\libstream_out_transcode_plugin.dll
0x70ff0000 - 0x7116a000 	C:\Program Files (x86)\VideoLAN\VLC\plugins\meta_engine\libtaglib_plugin.dll
0x713b0000 - 0x71400000 	C:\Program Files (x86)\VideoLAN\VLC\plugins\lua\liblua_plugin.dll
0x717b0000 - 0x717bd000 	C:\Program Files (x86)\VideoLAN\VLC\plugins\access\libscreen_plugin.dll
0x70910000 - 0x7096a000 	C:\Program Files (x86)\VideoLAN\VLC\plugins\codec\libtheora_plugin.dll
0x717a0000 - 0x717ad000 	C:\Program Files (x86)\VideoLAN\VLC\plugins\codec\librawvideo_plugin.dll
0x708c0000 - 0x7090f000 	C:\Program Files (x86)\VideoLAN\VLC\plugins\codec\libpng_plugin.dll
0x71650000 - 0x7165d000 	C:\Program Files (x86)\VideoLAN\VLC\plugins\codec\libcdg_plugin.dll
0x63850000 - 0x63991000 	C:\Program Files (x86)\VideoLAN\VLC\plugins\codec\libschroedinger_plugin.dll
0x713a0000 - 0x713ad000 	C:\Program Files (x86)\VideoLAN\VLC\plugins\codec\libdts_plugin.dll
0x70860000 - 0x708bc000 	C:\Program Files (x86)\VideoLAN\VLC\plugins\codec\libfaad_plugin.dll
0x63810000 - 0x63848000 	C:\Program Files (x86)\VideoLAN\VLC\plugins\codec\libflac_plugin.dll
0x71390000 - 0x7139f000 	C:\Program Files (x86)\VideoLAN\VLC\plugins\codec\libg711_plugin.dll
0x70fe0000 - 0x70fec000 	C:\Program Files (x86)\VideoLAN\VLC\plugins\codec\libaes3_plugin.dll
0x636b0000 - 0x6380c000 	C:\Program Files (x86)\VideoLAN\VLC\plugins\codec\liblibass_plugin.dll
0x70490000 - 0x704bb000 	C:\Program Files (x86)\VideoLAN\VLC\plugins\codec\libspeex_plugin.dll
0x70850000 - 0x7085e000 	C:\Program Files (x86)\VideoLAN\VLC\plugins\codec\liblpcm_plugin.dll
0x635f0000 - 0x636ab000 	C:\Program Files (x86)\VideoLAN\VLC\plugins\codec\libvorbis_plugin.dll
0x70840000 - 0x7084d000 	C:\Program Files (x86)\VideoLAN\VLC\plugins\codec\libmpeg_audio_plugin.dll
0x6d850000 - 0x6d85f000 	C:\Program Files (x86)\VideoLAN\VLC\plugins\codec\libaraw_plugin.dll
0x635b0000 - 0x635e2000 	C:\Program Files (x86)\VideoLAN\VLC\plugins\codec\libopus_plugin.dll
0x6d840000 - 0x6d84d000 	C:\Program Files (x86)\VideoLAN\VLC\plugins\codec\liba52_plugin.dll
0x6d830000 - 0x6d83d000 	C:\Program Files (x86)\VideoLAN\VLC\plugins\codec\libspudec_plugin.dll
0x5c330000 - 0x5d3ab000 	C:\Program Files (x86)\VideoLAN\VLC\plugins\codec\libavcodec_plugin.dll
0x63420000 - 0x635a3000 	C:\Program Files (x86)\VideoLAN\VLC\plugins\codec\libzvbi_plugin.dll
0x6c9e0000 - 0x6c9f0000 	C:\Program Files (x86)\VideoLAN\VLC\plugins\codec\libscte27_plugin.dll
0x633f0000 - 0x63411000 	C:\Program Files (x86)\VideoLAN\VLC\plugins\codec\libkate_plugin.dll
0x6a440000 - 0x6a454000 	C:\Program Files (x86)\VideoLAN\VLC\plugins\codec\libsubsdec_plugin.dll
0x633c0000 - 0x633ea000 	C:\Program Files (x86)\VideoLAN\VLC\plugins\codec\liblibmpeg2_plugin.dll
0x683b0000 - 0x683bd000 	C:\Program Files (x86)\VideoLAN\VLC\plugins\codec\libsvcdsub_plugin.dll
0x63390000 - 0x633b2000 	C:\Program Files (x86)\VideoLAN\VLC\plugins\codec\libdvbsub_plugin.dll
0x683a0000 - 0x683ac000 	C:\Program Files (x86)\VideoLAN\VLC\plugins\codec\libuleaddvaudio_plugin.dll
0x631e0000 - 0x6338b000 	C:\Program Files (x86)\VideoLAN\VLC\plugins\codec\libx264_plugin.dll
0x631b0000 - 0x631de000 	C:\Program Files (x86)\VideoLAN\VLC\plugins\codec\libtwolame_plugin.dll
0x631a0000 - 0x631af000 	C:\Program Files (x86)\VideoLAN\VLC\plugins\sse2\libi420_yuy2_sse2_plugin.dll
0x63190000 - 0x6319e000 	C:\Program Files (x86)\VideoLAN\VLC\plugins\mmx\libi420_yuy2_mmx_plugin.dll
0x630f0000 - 0x63190000 	C:\Program Files (x86)\VideoLAN\VLC\plugins\video_filter\libswscale_plugin.dll
0x63030000 - 0x630ef000 	C:\Program Files (x86)\VideoLAN\VLC\plugins\text_renderer\libfreetype_plugin.dll

VM Arguments:
jvm_args: -Dfile.encoding=UTF-8 
java_command: lancomms.LANCOMMS
java_class_path (initial): C:\Users\user\Documents\School Stuff\4th Year\Capstone\MockDef-262015\lancomms.it184\LANCOMMS\API\mysql-connector-java-5.1.34-bin.jar;C:\Users\user\Documents\School Stuff\4th Year\Capstone\MockDef-262015\lancomms.it184\LANCOMMS\API\jna-3.5.2.jar;C:\Users\user\Documents\School Stuff\4th Year\Capstone\MockDef-262015\lancomms.it184\LANCOMMS\API\platform-3.5.2.jar;C:\Users\user\Documents\School Stuff\4th Year\Capstone\MockDef-262015\lancomms.it184\LANCOMMS\API\vlcj-3.1.0.jar;C:\Users\user\Documents\School Stuff\4th Year\Capstone\MockDef-262015\lancomms.it184\LANCOMMS\API\json-rpc-1.0.jar;C:\Users\user\Documents\School Stuff\4th Year\Capstone\MockDef-262015\lancomms.it184\LANCOMMS\build\classes
Launcher Type: SUN_STANDARD

Environment Variables:
JAVA_HOME=C:\Program Files\Java\jdk1.7.0_51
CLASSPATH=.;.;C:\PROGRA~2\JMF21~1.1E\lib\sound.jar;C:\PROGRA~2\JMF21~1.1E\lib\jmf.jar;C:\PROGRA~2\JMF21~1.1E\lib;
PATH=C:\ProgramData\Oracle\Java\javapath;C:\Program Files (x86)\NVIDIA Corporation\PhysX\Common;C:\Program Files\Common Files\Microsoft Shared\Windows Live;C:\Windows\system32;C:\Windows;C:\Windows\System32\Wbem;C:\Windows\System32\WindowsPowerShell\v1.0\;C:\Program Files\Intel\Intel(R) Management Engine Components\DAL;C:\Program Files\Intel\Intel(R) Management Engine Components\IPT;C:\Program Files (x86)\Intel\Intel(R) Management Engine Components\DAL;C:\Program Files (x86)\Intel\Intel(R) Management Engine Components\IPT;C:\Program Files (x86)\QuickTime\QTSystem\;C:\Program Files\Java\jdk1.7.0_51/bin;C:\Grails\grails-2.3.7/bin;C:\Program Files (x86)\Intel\OpenCL SDK\3.0\bin\x86;C:\Program Files (x86)\Intel\OpenCL SDK\3.0\bin\x64;C:\PROGRA~2\JMF21~1.1E\lib;%CommonProgramFiles%\Microsoft Shared\Windows Live
USERNAME=eufrik
OS=Windows_NT
PROCESSOR_IDENTIFIER=Intel64 Family 6 Model 58 Stepping 9, GenuineIntel



---------------  S Y S T E M  ---------------

OS: Windows 7 , 64 bit Build 7600 

CPU:total 8 (4 cores per cpu, 2 threads per core) family 6 model 58 stepping 9, cmov, cx8, fxsr, mmx, sse, sse2, sse3, ssse3, sse4.1, sse4.2, popcnt, aes, clmul, erms, ht, tsc, tscinvbit, tscinv

Memory: 4k page, physical 8285028k(3722036k free), swap 16568148k(9639964k free)

vm_info: Java HotSpot(TM) Client VM (25.25-b02) for windows-x86 JRE (1.8.0_25-b18), built on Oct  7 2014 14:31:05 by "java_re" with MS VC++ 10.0 (VS2010)

time: Thu Feb 12 12:47:20 2015
elapsed time: 23 seconds (0d 0h 0m 23s)

