#
# A fatal error has been detected by the Java Runtime Environment:
#
#  EXCEPTION_INVALID_HANDLE (0xc0000008) at pc=0x77cc2625, pid=6708, tid=5788
#
# JRE version: Java(TM) SE Runtime Environment (8.0_25-b18) (build 1.8.0_25-b18)
# Java VM: Java HotSpot(TM) Client VM (25.25-b02 mixed mode windows-x86 )
# Problematic frame:
# C  [ntdll.dll+0x82625]
#
# Failed to write core dump. Minidumps are not enabled by default on client versions of Windows
#
# If you would like to submit a bug report, please visit:
#   http://bugreport.sun.com/bugreport/crash.jsp
# The crash happened outside the Java Virtual Machine in native code.
# See problematic frame for where to report the bug.
#

---------------  T H R E A D  ---------------

Current thread (0x15cdf000):  JavaThread "AWT-EventQueue-0" [_thread_in_native, id=5788, stack(0x155b0000,0x15600000)]

siginfo: ExceptionCode=0xc0000008

Registers:
EAX=0xc0000008, EBX=0x00000000, ECX=0x75682e09, EDX=0x00000000
ESP=0x155fdf64, EBP=0x155fdfb4, ESI=0x16130904, EDI=0x00000000
EIP=0x77cc2625, EFLAGS=0x00000282

Top of Stack: (sp=0x155fdf64)
0x155fdf64:   16130904 16130908 16130904 155fe194
0x155fdf74:   548ca272 155fe40c 15d5fc0c 16abf318
0x155fdf84:   15cdf000 0000002a 155fe444 548ca2ac
0x155fdf94:   15cdf000 15c70bf0 548ca2bb 00000000
0x155fdfa4:   00000000 00000000 7ef8b000 170209c8
0x155fdfb4:   155fdfdc 77c7b468 00000000 00000000
0x155fdfc4:   16130904 155fe730 16130900 00000004
0x155fdfd4:   17000000 00000001 155fdffc 709f6653 

Instructions: (pc=0x77cc2625)
0x77cc2605:   08 68 b0 48 c6 77 6a 00 6a 65 89 45 0c e8 89 30
0x77cc2615:   ff ff 83 c4 0c e9 43 8f fb ff 50 e8 e0 92 fd ff
0x77cc2625:   cc 56 e8 79 fe 01 00 e9 cf 8f fb ff 81 67 14 00
0x77cc2635:   00 00 ff e9 1c 65 fd ff b8 f1 00 00 c0 8b e5 5d 


Register to memory mapping:

EAX=0xc0000008 is an unknown value
EBX=0x00000000 is an unknown value
ECX=0x75682e09 is an unknown value
EDX=0x00000000 is an unknown value
ESP=0x155fdf64 is pointing into the stack for thread: 0x15cdf000
EBP=0x155fdfb4 is pointing into the stack for thread: 0x15cdf000
ESI=0x16130904 is an unknown value
EDI=0x00000000 is an unknown value


Stack: [0x155b0000,0x15600000],  sp=0x155fdf64,  free space=311k
Native frames: (J=compiled Java code, j=interpreted, Vv=VM code, C=native code)
C  [ntdll.dll+0x82625]
C  [ntdll.dll+0x3b468]
C  [libvlccore.dll+0x86653]
C  [libvlc.dll+0xab15]
C  [jna3831512805930654678.dll+0xd546]
C  [jna3831512805930654678.dll+0x2e5e]
C  [jna3831512805930654678.dll+0x554e]
j  com.sun.jna.Native.invokeVoid(JI[Ljava/lang/Object;)V+0
j  com.sun.jna.Function.invoke([Ljava/lang/Object;Ljava/lang/Class;Z)Ljava/lang/Object;+48
J 755 C1 com.sun.jna.Function.invoke(Ljava/lang/Class;[Ljava/lang/Object;Ljava/util/Map;)Ljava/lang/Object; (526 bytes) @ 0x028c6220 [0x028c5d90+0x490]
j  com.sun.jna.Library$Handler.invoke(Ljava/lang/Object;Ljava/lang/reflect/Method;[Ljava/lang/Object;)Ljava/lang/Object;+341
j  com.sun.proxy.$Proxy0.libvlc_media_player_stop(Luk/co/caprica/vlcj/binding/internal/libvlc_media_player_t;)V+16
j  uk.co.caprica.vlcj.player.DefaultMediaPlayer.stop()V+17
j  LCControllers.Call.stopCall()V+4
j  LCControllers.Call$2.windowClosing(Ljava/awt/event/WindowEvent;)V+4
j  java.awt.Window.processWindowEvent(Ljava/awt/event/WindowEvent;)V+68
j  javax.swing.JFrame.processWindowEvent(Ljava/awt/event/WindowEvent;)V+2
j  java.awt.Window.processEvent(Ljava/awt/AWTEvent;)V+69
j  java.awt.Component.dispatchEventImpl(Ljava/awt/AWTEvent;)V+589
j  java.awt.Container.dispatchEventImpl(Ljava/awt/AWTEvent;)V+42
j  java.awt.Window.dispatchEventImpl(Ljava/awt/AWTEvent;)V+19
j  java.awt.Component.dispatchEvent(Ljava/awt/AWTEvent;)V+2
j  java.awt.EventQueue.dispatchEventImpl(Ljava/awt/AWTEvent;Ljava/lang/Object;)V+41
j  java.awt.EventQueue.access$400(Ljava/awt/EventQueue;Ljava/awt/AWTEvent;Ljava/lang/Object;)V+3
j  java.awt.EventQueue$3.run()Ljava/lang/Void;+32
j  java.awt.EventQueue$3.run()Ljava/lang/Object;+1
v  ~StubRoutines::call_stub
V  [jvm.dll+0x147285]
V  [jvm.dll+0x20d19e]
V  [jvm.dll+0x14731e]
V  [jvm.dll+0xfc4df]
C  [java.dll+0x102f]
J 609 C1 java.security.ProtectionDomain$1.doIntersectionPrivilege(Ljava/security/PrivilegedAction;Ljava/security/AccessControlContext;Ljava/security/AccessControlContext;)Ljava/lang/Object; (32 bytes) @ 0x0288d794 [0x0288d6f0+0xa4]
j  java.security.ProtectionDomain$1.doIntersectionPrivilege(Ljava/security/PrivilegedAction;Ljava/security/AccessControlContext;)Ljava/lang/Object;+6
j  java.awt.EventQueue$4.run()Ljava/lang/Void;+11
j  java.awt.EventQueue$4.run()Ljava/lang/Object;+1
v  ~StubRoutines::call_stub
V  [jvm.dll+0x147285]
V  [jvm.dll+0x20d19e]
V  [jvm.dll+0x14731e]
V  [jvm.dll+0xfc4df]
C  [java.dll+0x102f]
J 609 C1 java.security.ProtectionDomain$1.doIntersectionPrivilege(Ljava/security/PrivilegedAction;Ljava/security/AccessControlContext;Ljava/security/AccessControlContext;)Ljava/lang/Object; (32 bytes) @ 0x0288d794 [0x0288d6f0+0xa4]
j  java.awt.EventQueue.dispatchEvent(Ljava/awt/AWTEvent;)V+73
J 473 C1 java.awt.EventDispatchThread.pumpOneEventForFilters(I)V (295 bytes) @ 0x02864014 [0x02863980+0x694]
j  java.awt.EventDispatchThread.pumpEventsForFilter(ILjava/awt/Conditional;Ljava/awt/EventFilter;)V+35
j  java.awt.EventDispatchThread.pumpEventsForHierarchy(ILjava/awt/Conditional;Ljava/awt/Component;)V+11
j  java.awt.EventDispatchThread.pumpEvents(ILjava/awt/Conditional;)V+4
j  java.awt.EventDispatchThread.pumpEvents(Ljava/awt/Conditional;)V+3
j  java.awt.EventDispatchThread.run()V+9
v  ~StubRoutines::call_stub
V  [jvm.dll+0x147285]
V  [jvm.dll+0x20d19e]
V  [jvm.dll+0x14731e]
V  [jvm.dll+0x1474a6]
V  [jvm.dll+0x147517]
V  [jvm.dll+0xf06bf]
V  [jvm.dll+0x1698cc]
V  [jvm.dll+0x16a15a]
V  [jvm.dll+0x1aee06]
C  [msvcr100.dll+0x5c556]
C  [msvcr100.dll+0x5c600]
C  [kernel32.dll+0x13677]
C  [ntdll.dll+0x3c002]
C  [ntdll.dll+0x3bfd5]
C  0x00000000

Java frames: (J=compiled Java code, j=interpreted, Vv=VM code)
j  com.sun.jna.Native.invokeVoid(JI[Ljava/lang/Object;)V+0
j  com.sun.jna.Function.invoke([Ljava/lang/Object;Ljava/lang/Class;Z)Ljava/lang/Object;+48
J 755 C1 com.sun.jna.Function.invoke(Ljava/lang/Class;[Ljava/lang/Object;Ljava/util/Map;)Ljava/lang/Object; (526 bytes) @ 0x028c6220 [0x028c5d90+0x490]
j  com.sun.jna.Library$Handler.invoke(Ljava/lang/Object;Ljava/lang/reflect/Method;[Ljava/lang/Object;)Ljava/lang/Object;+341
j  com.sun.proxy.$Proxy0.libvlc_media_player_stop(Luk/co/caprica/vlcj/binding/internal/libvlc_media_player_t;)V+16
j  uk.co.caprica.vlcj.player.DefaultMediaPlayer.stop()V+17
j  LCControllers.Call.stopCall()V+4
j  LCControllers.Call$2.windowClosing(Ljava/awt/event/WindowEvent;)V+4
j  java.awt.Window.processWindowEvent(Ljava/awt/event/WindowEvent;)V+68
j  javax.swing.JFrame.processWindowEvent(Ljava/awt/event/WindowEvent;)V+2
j  java.awt.Window.processEvent(Ljava/awt/AWTEvent;)V+69
j  java.awt.Component.dispatchEventImpl(Ljava/awt/AWTEvent;)V+589
j  java.awt.Container.dispatchEventImpl(Ljava/awt/AWTEvent;)V+42
j  java.awt.Window.dispatchEventImpl(Ljava/awt/AWTEvent;)V+19
j  java.awt.Component.dispatchEvent(Ljava/awt/AWTEvent;)V+2
j  java.awt.EventQueue.dispatchEventImpl(Ljava/awt/AWTEvent;Ljava/lang/Object;)V+41
j  java.awt.EventQueue.access$400(Ljava/awt/EventQueue;Ljava/awt/AWTEvent;Ljava/lang/Object;)V+3
j  java.awt.EventQueue$3.run()Ljava/lang/Void;+32
j  java.awt.EventQueue$3.run()Ljava/lang/Object;+1
v  ~StubRoutines::call_stub
J 655  java.security.AccessController.doPrivileged(Ljava/security/PrivilegedAction;Ljava/security/AccessControlContext;)Ljava/lang/Object; (0 bytes) @ 0x028a0247 [0x028a01e0+0x67]
J 609 C1 java.security.ProtectionDomain$1.doIntersectionPrivilege(Ljava/security/PrivilegedAction;Ljava/security/AccessControlContext;Ljava/security/AccessControlContext;)Ljava/lang/Object; (32 bytes) @ 0x0288d794 [0x0288d6f0+0xa4]
j  java.security.ProtectionDomain$1.doIntersectionPrivilege(Ljava/security/PrivilegedAction;Ljava/security/AccessControlContext;)Ljava/lang/Object;+6
j  java.awt.EventQueue$4.run()Ljava/lang/Void;+11
j  java.awt.EventQueue$4.run()Ljava/lang/Object;+1
v  ~StubRoutines::call_stub
J 655  java.security.AccessController.doPrivileged(Ljava/security/PrivilegedAction;Ljava/security/AccessControlContext;)Ljava/lang/Object; (0 bytes) @ 0x028a0247 [0x028a01e0+0x67]
J 609 C1 java.security.ProtectionDomain$1.doIntersectionPrivilege(Ljava/security/PrivilegedAction;Ljava/security/AccessControlContext;Ljava/security/AccessControlContext;)Ljava/lang/Object; (32 bytes) @ 0x0288d794 [0x0288d6f0+0xa4]
j  java.awt.EventQueue.dispatchEvent(Ljava/awt/AWTEvent;)V+73
J 473 C1 java.awt.EventDispatchThread.pumpOneEventForFilters(I)V (295 bytes) @ 0x02864014 [0x02863980+0x694]
j  java.awt.EventDispatchThread.pumpEventsForFilter(ILjava/awt/Conditional;Ljava/awt/EventFilter;)V+35
j  java.awt.EventDispatchThread.pumpEventsForHierarchy(ILjava/awt/Conditional;Ljava/awt/Component;)V+11
j  java.awt.EventDispatchThread.pumpEvents(ILjava/awt/Conditional;)V+4
j  java.awt.EventDispatchThread.pumpEvents(Ljava/awt/Conditional;)V+3
j  java.awt.EventDispatchThread.run()V+9
v  ~StubRoutines::call_stub

---------------  P R O C E S S  ---------------

Java Threads: ( => current thread )
  0x15cd3c00 JavaThread "pool-2-thread-1" [_thread_blocked, id=4580, stack(0x16da0000,0x16df0000)]
  0x15cd3800 JavaThread "pool-1-thread-1" [_thread_blocked, id=6928, stack(0x16c70000,0x16cc0000)]
  0x15cd3000 JavaThread "Thread-7" [_thread_in_native, id=4268, stack(0x16c20000,0x16c70000)]
  0x15fbd800 JavaThread "Thread-4" [_thread_in_native, id=6868, stack(0x16890000,0x168e0000)]
  0x15fbd400 JavaThread "Thread-5" [_thread_in_native, id=4300, stack(0x16790000,0x167e0000)]
  0x15f14000 JavaThread "Thread-3" [_thread_in_native, id=3264, stack(0x16730000,0x16780000)]
  0x15ec9000 JavaThread "Thread-2" [_thread_in_native, id=4924, stack(0x15be0000,0x15c30000)]
  0x15e6d800 JavaThread "Abandoned connection cleanup thread" daemon [_thread_blocked, id=1988, stack(0x15aa0000,0x15af0000)]
  0x15e4a800 JavaThread "TimerQueue" daemon [_thread_blocked, id=6420, stack(0x162e0000,0x16330000)]
  0x00a5c800 JavaThread "DestroyJavaVM" [_thread_blocked, id=4688, stack(0x008c0000,0x00910000)]
=>0x15cdf000 JavaThread "AWT-EventQueue-0" [_thread_in_native, id=5788, stack(0x155b0000,0x15600000)]
  0x14b9ac00 JavaThread "AWT-Windows" daemon [_thread_in_native, id=6916, stack(0x151a0000,0x151f0000)]
  0x14b99400 JavaThread "AWT-Shutdown" [_thread_blocked, id=5792, stack(0x15150000,0x151a0000)]
  0x14b96800 JavaThread "Java2D Disposer" daemon [_thread_blocked, id=6380, stack(0x150d0000,0x15120000)]
  0x14a4dc00 JavaThread "Service Thread" daemon [_thread_blocked, id=3516, stack(0x14bf0000,0x14c40000)]
  0x14a44800 JavaThread "C1 CompilerThread0" daemon [_thread_blocked, id=6904, stack(0x14e90000,0x14ee0000)]
  0x14a51800 JavaThread "Attach Listener" daemon [_thread_blocked, id=6804, stack(0x14d30000,0x14d80000)]
  0x14a50800 JavaThread "Signal Dispatcher" daemon [_thread_blocked, id=4660, stack(0x14dd0000,0x14e20000)]
  0x00a3ec00 JavaThread "Finalizer" daemon [_thread_blocked, id=4560, stack(0x04720000,0x04770000)]
  0x00a39400 JavaThread "Reference Handler" daemon [_thread_blocked, id=6764, stack(0x14890000,0x148e0000)]

Other Threads:
  0x00a34000 VMThread [stack: 0x04780000,0x047d0000] [id=1164]
  0x14a6b800 WatcherThread [stack: 0x14900000,0x14950000] [id=5256]

VM state:not at safepoint (normal execution)

VM Mutex/Monitor currently owned by a thread: None

Heap:
 def new generation   total 5888K, used 2595K [0x04800000, 0x04e60000, 0x09d50000)
  eden space 5248K,  47% used [0x04800000, 0x04a6b9a8, 0x04d20000)
  from space 640K,  18% used [0x04dc0000, 0x04ddd2b0, 0x04e60000)
  to   space 640K,   0% used [0x04d20000, 0x04d20000, 0x04dc0000)
 tenured generation   total 12976K, used 7784K [0x09d50000, 0x0a9fc000, 0x14800000)
   the space 12976K,  59% used [0x09d50000, 0x0a4ea1b0, 0x0a4ea200, 0x0a9fc000)
 Metaspace       used 11370K, capacity 11521K, committed 11648K, reserved 11648K

Card table byte_map: [0x00d30000,0x00dc0000] byte_map_base: 0x00d0c000

Polling page: 0x00130000

CodeCache: size=32768Kb used=1764Kb max_used=1764Kb free=31003Kb
 bounds [0x02710000, 0x028d0000, 0x04710000]
 total_blobs=1008 nmethods=749 adapters=190
 compilation: enabled

Compilation events (10 events):
Event: 37.590 Thread 0x14a44800  753             com.sun.jna.Structure$2$StructureSet::contains (15 bytes)
Event: 37.590 Thread 0x14a44800 nmethod 753 0x028c5648 code [0x028c5740, 0x028c57dc]
Event: 37.649 Thread 0x14a44800  754             java.lang.reflect.Method::getDeclaringClass (5 bytes)
Event: 37.649 Thread 0x14a44800 nmethod 754 0x028c5848 code [0x028c5940, 0x028c59c0]
Event: 37.650 Thread 0x14a44800  755             com.sun.jna.Function::invoke (526 bytes)
Event: 37.652 Thread 0x14a44800 nmethod 755 0x028c5a08 code [0x028c5d90, 0x028c6e48]
Event: 37.656 Thread 0x14a44800  756             java.awt.Container::getComponentCount (5 bytes)
Event: 37.657 Thread 0x14a44800 nmethod 756 0x028c8a08 code [0x028c8b10, 0x028c8bac]
Event: 37.837 Thread 0x14a44800  757             java.util.concurrent.locks.AbstractQueuedSynchronizer$ConditionObject::await (98 bytes)
Event: 37.837 Thread 0x14a44800 nmethod 757 0x028c8c08 code [0x028c8da0, 0x028c91d4]

GC Heap History (10 events):
Event: 3.912 GC heap before
{Heap before GC invocations=3 (full 0):
 def new generation   total 4928K, used 4928K [0x04800000, 0x04d50000, 0x09d50000)
  eden space 4416K, 100% used [0x04800000, 0x04c50000, 0x04c50000)
  from space 512K, 100% used [0x04cd0000, 0x04d50000, 0x04d50000)
  to   space 512K,   0% used [0x04c50000, 0x04c50000, 0x04cd0000)
 tenured generation   total 10944K, used 5011K [0x09d50000, 0x0a800000, 0x14800000)
   the space 10944K,  45% used [0x09d50000, 0x0a234c70, 0x0a234e00, 0x0a800000)
 Metaspace       used 10414K, capacity 10521K, committed 10624K, reserved 10624K
Event: 3.921 GC heap after
Heap after GC invocations=4 (full 0):
 def new generation   total 4928K, used 512K [0x04800000, 0x04d50000, 0x09d50000)
  eden space 4416K,   0% used [0x04800000, 0x04800000, 0x04c50000)
  from space 512K, 100% used [0x04c50000, 0x04cd0000, 0x04cd0000)
  to   space 512K,   0% used [0x04cd0000, 0x04cd0000, 0x04d50000)
 tenured generation   total 10944K, used 7385K [0x09d50000, 0x0a800000, 0x14800000)
   the space 10944K,  67% used [0x09d50000, 0x0a4866b8, 0x0a486800, 0x0a800000)
 Metaspace       used 10414K, capacity 10521K, committed 10624K, reserved 10624K
}
Event: 31.407 GC heap before
{Heap before GC invocations=4 (full 0):
 def new generation   total 4928K, used 4928K [0x04800000, 0x04d50000, 0x09d50000)
  eden space 4416K, 100% used [0x04800000, 0x04c50000, 0x04c50000)
  from space 512K, 100% used [0x04c50000, 0x04cd0000, 0x04cd0000)
  to   space 512K,   0% used [0x04cd0000, 0x04cd0000, 0x04d50000)
 tenured generation   total 10944K, used 7385K [0x09d50000, 0x0a800000, 0x14800000)
   the space 10944K,  67% used [0x09d50000, 0x0a4866b8, 0x0a486800, 0x0a800000)
 Metaspace       used 10889K, capacity 11006K, committed 11136K, reserved 11648K
Event: 31.411 GC heap after
Heap after GC invocations=5 (full 0):
 def new generation   total 4928K, used 512K [0x04800000, 0x04d50000, 0x09d50000)
  eden space 4416K,   0% used [0x04800000, 0x04800000, 0x04c50000)
  from space 512K, 100% used [0x04cd0000, 0x04d50000, 0x04d50000)
  to   space 512K,   0% used [0x04c50000, 0x04c50000, 0x04cd0000)
 tenured generation   total 10944K, used 9037K [0x09d50000, 0x0a800000, 0x14800000)
   the space 10944K,  82% used [0x09d50000, 0x0a623790, 0x0a623800, 0x0a800000)
 Metaspace       used 10889K, capacity 11006K, committed 11136K, reserved 11648K
}
Event: 31.538 GC heap before
{Heap before GC invocations=5 (full 0):
 def new generation   total 4928K, used 4597K [0x04800000, 0x04d50000, 0x09d50000)
  eden space 4416K,  92% used [0x04800000, 0x04bfd7e8, 0x04c50000)
  from space 512K, 100% used [0x04cd0000, 0x04d50000, 0x04d50000)
  to   space 512K,   0% used [0x04c50000, 0x04c50000, 0x04cd0000)
 tenured generation   total 10944K, used 9037K [0x09d50000, 0x0a800000, 0x14800000)
   the space 10944K,  82% used [0x09d50000, 0x0a623790, 0x0a623800, 0x0a800000)
 Metaspace       used 11282K, capacity 11395K, committed 11520K, reserved 11648K
Event: 31.540 GC heap after
Heap after GC invocations=6 (full 0):
 def new generation   total 4928K, used 458K [0x04800000, 0x04d50000, 0x09d50000)
  eden space 4416K,   0% used [0x04800000, 0x04800000, 0x04c50000)
  from space 512K,  89% used [0x04c50000, 0x04cc2ba0, 0x04cd0000)
  to   space 512K,   0% used [0x04cd0000, 0x04cd0000, 0x04d50000)
 tenured generation   total 10944K, used 9381K [0x09d50000, 0x0a800000, 0x14800000)
   the space 10944K,  85% used [0x09d50000, 0x0a679520, 0x0a679600, 0x0a800000)
 Metaspace       used 11282K, capacity 11395K, committed 11520K, reserved 11648K
}
Event: 31.914 GC heap before
{Heap before GC invocations=6 (full 0):
 def new generation   total 4928K, used 4874K [0x04800000, 0x04d50000, 0x09d50000)
  eden space 4416K, 100% used [0x04800000, 0x04c50000, 0x04c50000)
  from space 512K,  89% used [0x04c50000, 0x04cc2ba0, 0x04cd0000)
  to   space 512K,   0% used [0x04cd0000, 0x04cd0000, 0x04d50000)
 tenured generation   total 10944K, used 9381K [0x09d50000, 0x0a800000, 0x14800000)
   the space 10944K,  85% used [0x09d50000, 0x0a679520, 0x0a679600, 0x0a800000)
 Metaspace       used 11393K, capacity 11554K, committed 11648K, reserved 11648K
Event: 31.931 GC heap after
Heap after GC invocations=7 (full 1):
 def new generation   total 5888K, used 0K [0x04800000, 0x04e60000, 0x09d50000)
  eden space 5248K,   0% used [0x04800000, 0x04800000, 0x04d20000)
  from space 640K,   0% used [0x04d20000, 0x04d20000, 0x04dc0000)
  to   space 640K,   0% used [0x04dc0000, 0x04dc0000, 0x04e60000)
 tenured generation   total 12976K, used 7784K [0x09d50000, 0x0a9fc000, 0x14800000)
   the space 12976K,  59% used [0x09d50000, 0x0a4ea1b0, 0x0a4ea200, 0x0a9fc000)
 Metaspace       used 11364K, capacity 11516K, committed 11648K, reserved 11648K
}
Event: 36.743 GC heap before
{Heap before GC invocations=7 (full 1):
 def new generation   total 5888K, used 5248K [0x04800000, 0x04e60000, 0x09d50000)
  eden space 5248K, 100% used [0x04800000, 0x04d20000, 0x04d20000)
  from space 640K,   0% used [0x04d20000, 0x04d20000, 0x04dc0000)
  to   space 640K,   0% used [0x04dc0000, 0x04dc0000, 0x04e60000)
 tenured generation   total 12976K, used 7784K [0x09d50000, 0x0a9fc000, 0x14800000)
   the space 12976K,  59% used [0x09d50000, 0x0a4ea1b0, 0x0a4ea200, 0x0a9fc000)
 Metaspace       used 11365K, capacity 11516K, committed 11648K, reserved 11648K
Event: 36.745 GC heap after
Heap after GC invocations=8 (full 1):
 def new generation   total 5888K, used 116K [0x04800000, 0x04e60000, 0x09d50000)
  eden space 5248K,   0% used [0x04800000, 0x04800000, 0x04d20000)
  from space 640K,  18% used [0x04dc0000, 0x04ddd2b0, 0x04e60000)
  to   space 640K,   0% used [0x04d20000, 0x04d20000, 0x04dc0000)
 tenured generation   total 12976K, used 7784K [0x09d50000, 0x0a9fc000, 0x14800000)
   the space 12976K,  59% used [0x09d50000, 0x0a4ea1b0, 0x0a4ea200, 0x0a9fc000)
 Metaspace       used 11365K, capacity 11516K, committed 11648K, reserved 11648K
}

Deoptimization events (0 events):
No events

Internal exceptions (10 events):
Event: 31.550 Thread 0x15cd4400 Exception <a 'java/security/PrivilegedActionException'> (0x04aa75e0) thrown at [C:\re\workspace\8-2-build-windows-i586-cygwin\jdk8u25\1677\hotspot\src\share\vm\prims\jvm.cpp, line 1312]
Event: 31.552 Thread 0x15cd4400 Exception <a 'java/security/PrivilegedActionException'> (0x04ad7998) thrown at [C:\re\workspace\8-2-build-windows-i586-cygwin\jdk8u25\1677\hotspot\src\share\vm\prims\jvm.cpp, line 1312]
Event: 31.553 Thread 0x15cd4400 Exception <a 'java/security/PrivilegedActionException'> (0x04b0f1b8) thrown at [C:\re\workspace\8-2-build-windows-i586-cygwin\jdk8u25\1677\hotspot\src\share\vm\prims\jvm.cpp, line 1312]
Event: 31.559 Thread 0x15cd4800 Exception <a 'java/security/PrivilegedActionException'> (0x04b57128) thrown at [C:\re\workspace\8-2-build-windows-i586-cygwin\jdk8u25\1677\hotspot\src\share\vm\prims\jvm.cpp, line 1312]
Event: 31.561 Thread 0x15cd4400 Exception <a 'java/security/PrivilegedActionException'> (0x04bb7720) thrown at [C:\re\workspace\8-2-build-windows-i586-cygwin\jdk8u25\1677\hotspot\src\share\vm\prims\jvm.cpp, line 1312]
Event: 31.563 Thread 0x15cd4800 Exception <a 'java/security/PrivilegedActionException'> (0x04be0360) thrown at [C:\re\workspace\8-2-build-windows-i586-cygwin\jdk8u25\1677\hotspot\src\share\vm\prims\jvm.cpp, line 1312]
Event: 32.624 Thread 0x15cd4800 Exception <a 'java/security/PrivilegedActionException'> (0x04866b90) thrown at [C:\re\workspace\8-2-build-windows-i586-cygwin\jdk8u25\1677\hotspot\src\share\vm\prims\jvm.cpp, line 1312]
Event: 32.626 Thread 0x15cd4800 Exception <a 'java/security/PrivilegedActionException'> (0x0487d630) thrown at [C:\re\workspace\8-2-build-windows-i586-cygwin\jdk8u25\1677\hotspot\src\share\vm\prims\jvm.cpp, line 1312]
Event: 36.764 Thread 0x15cd5800 Exception <a 'java/security/PrivilegedActionException'> (0x048fd1e0) thrown at [C:\re\workspace\8-2-build-windows-i586-cygwin\jdk8u25\1677\hotspot\src\share\vm\prims\jvm.cpp, line 1312]
Event: 37.590 Thread 0x15cdf000 Exception <a 'java/security/PrivilegedActionException'> (0x049d2728) thrown at [C:\re\workspace\8-2-build-windows-i586-cygwin\jdk8u25\1677\hotspot\src\share\vm\prims\jvm.cpp, line 1312]

Events (10 events):
Event: 37.655 Executing VM operation: RevokeBias
Event: 37.655 Executing VM operation: RevokeBias done
Event: 37.655 Executing VM operation: RevokeBias
Event: 37.655 Executing VM operation: RevokeBias done
Event: 37.655 Executing VM operation: RevokeBias
Event: 37.655 Executing VM operation: RevokeBias done
Event: 37.836 Thread 0x15cd4400 Thread added: 0x15cd4400
Event: 37.837 Thread 0x15cd4400 Thread exited: 0x15cd4400
Event: 37.837 Thread 0x15cd4400 Thread added: 0x15cd4400
Event: 37.837 Thread 0x15cd4400 Thread exited: 0x15cd4400


Dynamic libraries:
0x012e0000 - 0x01310000 	C:\Program Files (x86)\Java\jdk1.8.0_25\bin\java.exe
0x77c40000 - 0x77dc0000 	C:\Windows\SysWOW64\ntdll.dll
0x75800000 - 0x75910000 	C:\Windows\syswow64\kernel32.dll
0x75cf0000 - 0x75d37000 	C:\Windows\syswow64\KERNELBASE.dll
0x75a30000 - 0x75ad0000 	C:\Windows\syswow64\ADVAPI32.dll
0x77790000 - 0x7783c000 	C:\Windows\syswow64\msvcrt.dll
0x76330000 - 0x76349000 	C:\Windows\SysWOW64\sechost.dll
0x75ad0000 - 0x75bc0000 	C:\Windows\syswow64\RPCRT4.dll
0x757a0000 - 0x75800000 	C:\Windows\syswow64\SspiCli.dll
0x75790000 - 0x7579c000 	C:\Windows\syswow64\CRYPTBASE.dll
0x76490000 - 0x76590000 	C:\Windows\syswow64\USER32.dll
0x759a0000 - 0x75a30000 	C:\Windows\syswow64\GDI32.dll
0x75c40000 - 0x75c4a000 	C:\Windows\syswow64\LPK.dll
0x75d40000 - 0x75ddd000 	C:\Windows\syswow64\USP10.dll
0x742d0000 - 0x7446e000 	C:\Windows\WinSxS\x86_microsoft.windows.common-controls_6595b64144ccf1df_6.0.7600.16661_none_420fe3fa2b8113bd\COMCTL32.dll
0x771e0000 - 0x77237000 	C:\Windows\syswow64\SHLWAPI.dll
0x75de0000 - 0x75e40000 	C:\Windows\system32\IMM32.DLL
0x77640000 - 0x7770c000 	C:\Windows\syswow64\MSCTF.dll
0x559c0000 - 0x55a7f000 	C:\Program Files (x86)\Java\jdk1.8.0_25\jre\bin\msvcr100.dll
0x54770000 - 0x54b14000 	C:\Program Files (x86)\Java\jdk1.8.0_25\jre\bin\client\jvm.dll
0x73d80000 - 0x73d87000 	C:\Windows\system32\WSOCK32.dll
0x77440000 - 0x77475000 	C:\Windows\syswow64\WS2_32.dll
0x75ce0000 - 0x75ce6000 	C:\Windows\syswow64\NSI.dll
0x75360000 - 0x75392000 	C:\Windows\system32\WINMM.dll
0x77c10000 - 0x77c15000 	C:\Windows\syswow64\PSAPI.DLL
0x55b30000 - 0x55b3c000 	C:\Program Files (x86)\Java\jdk1.8.0_25\jre\bin\verify.dll
0x55b00000 - 0x55b21000 	C:\Program Files (x86)\Java\jdk1.8.0_25\jre\bin\java.dll
0x55ae0000 - 0x55af3000 	C:\Program Files (x86)\Java\jdk1.8.0_25\jre\bin\zip.dll
0x76590000 - 0x771d9000 	C:\Windows\syswow64\SHELL32.dll
0x76020000 - 0x7617c000 	C:\Windows\syswow64\ole32.dll
0x73550000 - 0x7355b000 	C:\Windows\system32\profapi.dll
0x55870000 - 0x559b6000 	C:\Program Files (x86)\Java\jdk1.8.0_25\jre\bin\awt.dll
0x761a0000 - 0x7622f000 	C:\Windows\syswow64\OLEAUT32.dll
0x71900000 - 0x71980000 	C:\Windows\system32\uxtheme.dll
0x74180000 - 0x741d8000 	C:\Program Files (x86)\Common Files\microsoft shared\ink\tiptsf.dll
0x6e950000 - 0x6e990000 	C:\Program Files (x86)\TeamViewer\tv_w32.dll
0x75670000 - 0x75679000 	C:\Windows\system32\VERSION.dll
0x71350000 - 0x71363000 	C:\Windows\system32\dwmapi.dll
0x55aa0000 - 0x55ad8000 	C:\Program Files (x86)\Java\jdk1.8.0_25\jre\bin\fontmanager.dll
0x55a80000 - 0x55a95000 	C:\Program Files (x86)\Java\jdk1.8.0_25\jre\bin\net.dll
0x75030000 - 0x7506c000 	C:\Windows\system32\mswsock.dll
0x74980000 - 0x74986000 	C:\Windows\System32\wship6.dll
0x55860000 - 0x5586f000 	C:\Program Files (x86)\Java\jdk1.8.0_25\jre\bin\nio.dll
0x75910000 - 0x75993000 	C:\Windows\syswow64\CLBCatQ.DLL
0x570c0000 - 0x571bb000 	C:\Windows\system32\WindowsCodecs.dll
0x73ad0000 - 0x73b1b000 	C:\Windows\system32\apphelp.dll
0x55800000 - 0x55823000 	C:\Users\user\AppData\Roaming\Dropbox\bin\DropboxExt.24.dll
0x711b0000 - 0x7129b000 	C:\Windows\system32\dbghelp.dll
0x71dc0000 - 0x71e4e000 	C:\Windows\WinSxS\x86_microsoft.vc90.crt_1fc8b3b9a1e18e3b_9.0.30729.6161_none_50934f2ebcb7eb57\MSVCP90.dll
0x71d10000 - 0x71db3000 	C:\Windows\WinSxS\x86_microsoft.vc90.crt_1fc8b3b9a1e18e3b_9.0.30729.6161_none_50934f2ebcb7eb57\MSVCR90.dll
0x55780000 - 0x557b1000 	C:\Windows\system32\EhStorShell.dll
0x75e50000 - 0x75fed000 	C:\Windows\syswow64\SETUPAPI.dll
0x75ff0000 - 0x76017000 	C:\Windows\syswow64\CFGMGR32.dll
0x76180000 - 0x76192000 	C:\Windows\syswow64\DEVOBJ.dll
0x71800000 - 0x718f5000 	C:\Windows\system32\PROPSYS.dll
0x54df0000 - 0x54e5f000 	C:\Windows\system32\ntshrui.dll
0x712b0000 - 0x712c9000 	C:\Windows\system32\srvcli.dll
0x71190000 - 0x7119b000 	C:\Windows\system32\cscapi.dll
0x557f0000 - 0x557fa000 	C:\Windows\system32\slc.dll
0x55830000 - 0x55860000 	C:\Program Files (x86)\Java\jdk1.8.0_25\jre\bin\t2k.dll
0x737f0000 - 0x73806000 	C:\Windows\system32\CRYPTSP.dll
0x73510000 - 0x7354b000 	C:\Windows\system32\rsaenh.dll
0x73400000 - 0x73417000 	C:\Windows\system32\USERENV.dll
0x73d40000 - 0x73d5c000 	C:\Windows\system32\IPHLPAPI.DLL
0x73d30000 - 0x73d37000 	C:\Windows\system32\WINNSI.DLL
0x701b0000 - 0x701c2000 	C:\Windows\system32\dhcpcsvc.DLL
0x6de20000 - 0x6de2d000 	C:\Windows\system32\dhcpcsvc6.DLL
0x71b30000 - 0x71b37000 	C:\Program Files (x86)\Java\jdk1.8.0_25\jre\bin\jaas_nt.dll
0x15560000 - 0x1559d000 	C:\Users\user\AppData\Local\Temp\jna-eufrik\jna3831512805930654678.dll
0x71ad0000 - 0x71af4000 	C:\Program Files (x86)\VideoLAN\VLC\libvlc.dll
0x70970000 - 0x70bc1000 	C:\Program Files (x86)\VideoLAN\VLC\libvlccore.dll
0x71a80000 - 0x71ac8000 	C:\Program Files (x86)\VideoLAN\VLC\plugins\access\libdshow_plugin.dll
0x71b20000 - 0x71b2f000 	C:\Program Files (x86)\VideoLAN\VLC\plugins\audio_output\libdirectsound_plugin.dll
0x71b10000 - 0x71b20000 	C:\Program Files (x86)\VideoLAN\VLC\plugins\audio_output\libwaveout_plugin.dll
0x71a40000 - 0x71a59000 	C:\Program Files (x86)\VideoLAN\VLC\plugins\video_output\libdirectdraw_plugin.dll
0x71b00000 - 0x71b06000 	C:\Program Files (x86)\Java\jdk1.8.0_25\jre\bin\jawt.dll
0x71a60000 - 0x71a72000 	C:\Program Files (x86)\VideoLAN\VLC\plugins\stream_out\libstream_out_duplicate_plugin.dll
0x719a0000 - 0x71a35000 	C:\Program Files (x86)\VideoLAN\VLC\plugins\stream_out\libstream_out_rtp_plugin.dll
0x71980000 - 0x719a0000 	C:\Program Files (x86)\VideoLAN\VLC\plugins\mux\libmux_ts_plugin.dll
0x75020000 - 0x75025000 	C:\Windows\System32\wshtcpip.dll
0x6db70000 - 0x6db80000 	C:\Windows\system32\NLAapi.dll
0x73b40000 - 0x73b84000 	C:\Windows\system32\DNSAPI.dll
0x6d990000 - 0x6d998000 	C:\Windows\System32\winrnr.dll
0x6d980000 - 0x6d990000 	C:\Windows\system32\napinsp.dll
0x6d960000 - 0x6d972000 	C:\Windows\system32\pnrpnsp.dll
0x74950000 - 0x74974000 	C:\Program Files (x86)\Common Files\Microsoft Shared\Windows Live\WLIDNSP.DLL
0x74920000 - 0x74941000 	C:\Program Files (x86)\Bonjour\mdnsNSP.dll
0x717e0000 - 0x717ec000 	C:\Program Files (x86)\VideoLAN\VLC\plugins\stream_out\libstream_out_display_plugin.dll
0x717c0000 - 0x717d2000 	C:\Program Files (x86)\VideoLAN\VLC\plugins\stream_out\libstream_out_transcode_plugin.dll
0x717b0000 - 0x717bd000 	C:\Program Files (x86)\VideoLAN\VLC\plugins\access\libscreen_plugin.dll
0x71690000 - 0x7170c000 	C:\Program Files (x86)\VideoLAN\VLC\plugins\access\librtp_plugin.dll
0x71110000 - 0x7116a000 	C:\Program Files (x86)\VideoLAN\VLC\plugins\codec\libtheora_plugin.dll
0x717a0000 - 0x717ad000 	C:\Program Files (x86)\VideoLAN\VLC\plugins\codec\librawvideo_plugin.dll
0x63750000 - 0x638ca000 	C:\Program Files (x86)\VideoLAN\VLC\plugins\meta_engine\libtaglib_plugin.dll
0x713b0000 - 0x71400000 	C:\Program Files (x86)\VideoLAN\VLC\plugins\lua\liblua_plugin.dll
0x710c0000 - 0x7110f000 	C:\Program Files (x86)\VideoLAN\VLC\plugins\codec\libpng_plugin.dll
0x71650000 - 0x7165d000 	C:\Program Files (x86)\VideoLAN\VLC\plugins\codec\libcdg_plugin.dll
0x63600000 - 0x63741000 	C:\Program Files (x86)\VideoLAN\VLC\plugins\codec\libschroedinger_plugin.dll
0x713a0000 - 0x713ad000 	C:\Program Files (x86)\VideoLAN\VLC\plugins\codec\libdts_plugin.dll
0x71060000 - 0x710bc000 	C:\Program Files (x86)\VideoLAN\VLC\plugins\codec\libfaad_plugin.dll
0x71020000 - 0x71058000 	C:\Program Files (x86)\VideoLAN\VLC\plugins\codec\libflac_plugin.dll
0x71390000 - 0x7139f000 	C:\Program Files (x86)\VideoLAN\VLC\plugins\codec\libg711_plugin.dll
0x71010000 - 0x7101c000 	C:\Program Files (x86)\VideoLAN\VLC\plugins\codec\libaes3_plugin.dll
0x634a0000 - 0x635fc000 	C:\Program Files (x86)\VideoLAN\VLC\plugins\codec\liblibass_plugin.dll
0x70fe0000 - 0x7100b000 	C:\Program Files (x86)\VideoLAN\VLC\plugins\codec\libspeex_plugin.dll
0x70960000 - 0x7096e000 	C:\Program Files (x86)\VideoLAN\VLC\plugins\codec\liblpcm_plugin.dll
0x708a0000 - 0x7095b000 	C:\Program Files (x86)\VideoLAN\VLC\plugins\codec\libvorbis_plugin.dll
0x70890000 - 0x7089d000 	C:\Program Files (x86)\VideoLAN\VLC\plugins\codec\libmpeg_audio_plugin.dll
0x70880000 - 0x7088f000 	C:\Program Files (x86)\VideoLAN\VLC\plugins\codec\libaraw_plugin.dll
0x70840000 - 0x70872000 	C:\Program Files (x86)\VideoLAN\VLC\plugins\codec\libopus_plugin.dll
0x704b0000 - 0x704bd000 	C:\Program Files (x86)\VideoLAN\VLC\plugins\codec\liba52_plugin.dll
0x704a0000 - 0x704ad000 	C:\Program Files (x86)\VideoLAN\VLC\plugins\codec\libspudec_plugin.dll
0x5c330000 - 0x5d3ab000 	C:\Program Files (x86)\VideoLAN\VLC\plugins\codec\libavcodec_plugin.dll
0x63310000 - 0x63493000 	C:\Program Files (x86)\VideoLAN\VLC\plugins\codec\libzvbi_plugin.dll
0x70490000 - 0x704a0000 	C:\Program Files (x86)\VideoLAN\VLC\plugins\codec\libscte27_plugin.dll
0x632e0000 - 0x63301000 	C:\Program Files (x86)\VideoLAN\VLC\plugins\codec\libkate_plugin.dll
0x6d840000 - 0x6d854000 	C:\Program Files (x86)\VideoLAN\VLC\plugins\codec\libsubsdec_plugin.dll
0x632b0000 - 0x632da000 	C:\Program Files (x86)\VideoLAN\VLC\plugins\codec\liblibmpeg2_plugin.dll
0x6d830000 - 0x6d83d000 	C:\Program Files (x86)\VideoLAN\VLC\plugins\codec\libsvcdsub_plugin.dll
0x63280000 - 0x632a2000 	C:\Program Files (x86)\VideoLAN\VLC\plugins\codec\libdvbsub_plugin.dll
0x6c9e0000 - 0x6c9ec000 	C:\Program Files (x86)\VideoLAN\VLC\plugins\codec\libuleaddvaudio_plugin.dll
0x62fa0000 - 0x6314b000 	C:\Program Files (x86)\VideoLAN\VLC\plugins\codec\libx264_plugin.dll
0x63250000 - 0x6327e000 	C:\Program Files (x86)\VideoLAN\VLC\plugins\codec\libtwolame_plugin.dll
0x6a450000 - 0x6a45f000 	C:\Program Files (x86)\VideoLAN\VLC\plugins\sse2\libi420_yuy2_sse2_plugin.dll
0x6a440000 - 0x6a44e000 	C:\Program Files (x86)\VideoLAN\VLC\plugins\mmx\libi420_yuy2_mmx_plugin.dll
0x62f00000 - 0x62fa0000 	C:\Program Files (x86)\VideoLAN\VLC\plugins\video_filter\libswscale_plugin.dll
0x62e40000 - 0x62eff000 	C:\Program Files (x86)\VideoLAN\VLC\plugins\text_renderer\libfreetype_plugin.dll
0x62e10000 - 0x62e34000 	C:\Program Files (x86)\VideoLAN\VLC\plugins\sse2\libi420_rgb_sse2_plugin.dll

VM Arguments:
jvm_args: -Dfile.encoding=UTF-8 
java_command: lancomms.LANCOMMS
java_class_path (initial): C:\Users\user\Documents\School Stuff\4th Year\Capstone\MockDef-262015\lancomms.it184\LANCOMMS\API\mysql-connector-java-5.1.34-bin.jar;C:\Users\user\Documents\School Stuff\4th Year\Capstone\MockDef-262015\lancomms.it184\LANCOMMS\API\jna-3.5.2.jar;C:\Users\user\Documents\School Stuff\4th Year\Capstone\MockDef-262015\lancomms.it184\LANCOMMS\API\platform-3.5.2.jar;C:\Users\user\Documents\School Stuff\4th Year\Capstone\MockDef-262015\lancomms.it184\LANCOMMS\API\vlcj-3.1.0.jar;C:\Users\user\Documents\School Stuff\4th Year\Capstone\MockDef-262015\lancomms.it184\LANCOMMS\API\json-rpc-1.0.jar;C:\Users\user\Documents\School Stuff\4th Year\Capstone\MockDef-262015\lancomms.it184\LANCOMMS\build\classes
Launcher Type: SUN_STANDARD

Environment Variables:
JAVA_HOME=C:\Program Files\Java\jdk1.7.0_51
CLASSPATH=.;.;C:\PROGRA~2\JMF21~1.1E\lib\sound.jar;C:\PROGRA~2\JMF21~1.1E\lib\jmf.jar;C:\PROGRA~2\JMF21~1.1E\lib;
PATH=C:\ProgramData\Oracle\Java\javapath;C:\Program Files (x86)\NVIDIA Corporation\PhysX\Common;C:\Program Files\Common Files\Microsoft Shared\Windows Live;C:\Windows\system32;C:\Windows;C:\Windows\System32\Wbem;C:\Windows\System32\WindowsPowerShell\v1.0\;C:\Program Files\Intel\Intel(R) Management Engine Components\DAL;C:\Program Files\Intel\Intel(R) Management Engine Components\IPT;C:\Program Files (x86)\Intel\Intel(R) Management Engine Components\DAL;C:\Program Files (x86)\Intel\Intel(R) Management Engine Components\IPT;C:\Program Files (x86)\QuickTime\QTSystem\;C:\Program Files\Java\jdk1.7.0_51/bin;C:\Grails\grails-2.3.7/bin;C:\Program Files (x86)\Intel\OpenCL SDK\3.0\bin\x86;C:\Program Files (x86)\Intel\OpenCL SDK\3.0\bin\x64;C:\PROGRA~2\JMF21~1.1E\lib;%CommonProgramFiles%\Microsoft Shared\Windows Live
USERNAME=eufrik
OS=Windows_NT
PROCESSOR_IDENTIFIER=Intel64 Family 6 Model 58 Stepping 9, GenuineIntel



---------------  S Y S T E M  ---------------

OS: Windows 7 , 64 bit Build 7600 

CPU:total 8 (4 cores per cpu, 2 threads per core) family 6 model 58 stepping 9, cmov, cx8, fxsr, mmx, sse, sse2, sse3, ssse3, sse4.1, sse4.2, popcnt, aes, clmul, erms, ht, tsc, tscinvbit, tscinv

Memory: 4k page, physical 8285028k(3554296k free), swap 16568148k(9396544k free)

vm_info: Java HotSpot(TM) Client VM (25.25-b02) for windows-x86 JRE (1.8.0_25-b18), built on Oct  7 2014 14:31:05 by "java_re" with MS VC++ 10.0 (VS2010)

time: Thu Feb 12 12:21:22 2015
elapsed time: 38 seconds (0d 0h 0m 38s)

