#
# A fatal error has been detected by the Java Runtime Environment:
#
#  EXCEPTION_INVALID_HANDLE (0xc0000008) at pc=0x77cc2625, pid=4580, tid=6048
#
# JRE version: Java(TM) SE Runtime Environment (8.0_25-b18) (build 1.8.0_25-b18)
# Java VM: Java HotSpot(TM) Client VM (25.25-b02 mixed mode windows-x86 )
# Problematic frame:
# C  [ntdll.dll+0x82625]
#
# Failed to write core dump. Minidumps are not enabled by default on client versions of Windows
#
# If you would like to submit a bug report, please visit:
#   http://bugreport.sun.com/bugreport/crash.jsp
# The crash happened outside the Java Virtual Machine in native code.
# See problematic frame for where to report the bug.
#

---------------  T H R E A D  ---------------

Current thread (0x1549d400):  JavaThread "Thread-7" [_thread_in_native, id=6048, stack(0x16db0000,0x16e00000)]

siginfo: ExceptionCode=0xc0000008

Registers:
EAX=0xc0000008, EBX=0x00000000, ECX=0x75682e09, EDX=0x00000000
ESP=0x16dfe844, EBP=0x16dfe894, ESI=0x15926bac, EDI=0x00000000
EIP=0x77cc2625, EFLAGS=0x00000282

Top of Stack: (sp=0x16dfe844)
0x16dfe844:   15926bac 15926bb0 15926bac 000017d8
0x16dfe854:   01c40003 00000124 157c8c63 157999c0
0x16dfe864:   00a82ba8 0123c818 00a80000 00a80150
0x16dfe874:   00a80000 00a80150 00a82ba8 00000000
0x16dfe884:   00000000 00000000 7ef73000 15883ea0
0x16dfe894:   16dfe8bc 77c7b468 00000000 00000000
0x16dfe8a4:   15926bac 16dff010 15926ba8 00000004
0x16dfe8b4:   15000000 00000001 16dfe8dc 709f6653 

Instructions: (pc=0x77cc2625)
0x77cc2605:   08 68 b0 48 c6 77 6a 00 6a 65 89 45 0c e8 89 30
0x77cc2615:   ff ff 83 c4 0c e9 43 8f fb ff 50 e8 e0 92 fd ff
0x77cc2625:   cc 56 e8 79 fe 01 00 e9 cf 8f fb ff 81 67 14 00
0x77cc2635:   00 00 ff e9 1c 65 fd ff b8 f1 00 00 c0 8b e5 5d 


Register to memory mapping:

EAX=0xc0000008 is an unknown value
EBX=0x00000000 is an unknown value
ECX=0x75682e09 is an unknown value
EDX=0x00000000 is an unknown value
ESP=0x16dfe844 is pointing into the stack for thread: 0x1549d400
EBP=0x16dfe894 is pointing into the stack for thread: 0x1549d400
ESI=0x15926bac is an unknown value
EDI=0x00000000 is an unknown value


Stack: [0x16db0000,0x16e00000],  sp=0x16dfe844,  free space=314k
Native frames: (J=compiled Java code, j=interpreted, Vv=VM code, C=native code)
C  [ntdll.dll+0x82625]
C  [ntdll.dll+0x3b468]
C  [libvlccore.dll+0x86653]
C  [libvlc.dll+0xab15]
C  [jna5045566010215777396.dll+0xd546]
C  [jna5045566010215777396.dll+0x2e5e]
C  [jna5045566010215777396.dll+0x554e]
j  com.sun.jna.Native.invokeVoid(JI[Ljava/lang/Object;)V+0
j  com.sun.jna.Function.invoke([Ljava/lang/Object;Ljava/lang/Class;Z)Ljava/lang/Object;+48
j  com.sun.jna.Function.invoke(Ljava/lang/Class;[Ljava/lang/Object;Ljava/util/Map;)Ljava/lang/Object;+214
j  com.sun.jna.Library$Handler.invoke(Ljava/lang/Object;Ljava/lang/reflect/Method;[Ljava/lang/Object;)Ljava/lang/Object;+341
j  com.sun.proxy.$Proxy0.libvlc_media_player_stop(Luk/co/caprica/vlcj/binding/internal/libvlc_media_player_t;)V+16
j  uk.co.caprica.vlcj.player.DefaultMediaPlayer.stop()V+17
j  LCControllers.Call.stopCall()V+4
j  LCControllers.Server$ClientThread.run()V+925
v  ~StubRoutines::call_stub
V  [jvm.dll+0x147285]
V  [jvm.dll+0x20d19e]
V  [jvm.dll+0x14731e]
V  [jvm.dll+0x1474a6]
V  [jvm.dll+0x147517]
V  [jvm.dll+0xf06bf]
V  [jvm.dll+0x1698cc]
V  [jvm.dll+0x16a15a]
V  [jvm.dll+0x1aee06]
C  [msvcr100.dll+0x5c556]
C  [msvcr100.dll+0x5c600]
C  [kernel32.dll+0x13677]
C  [ntdll.dll+0x3c002]
C  [ntdll.dll+0x3bfd5]
C  0x00000000

Java frames: (J=compiled Java code, j=interpreted, Vv=VM code)
j  com.sun.jna.Native.invokeVoid(JI[Ljava/lang/Object;)V+0
j  com.sun.jna.Function.invoke([Ljava/lang/Object;Ljava/lang/Class;Z)Ljava/lang/Object;+48
j  com.sun.jna.Function.invoke(Ljava/lang/Class;[Ljava/lang/Object;Ljava/util/Map;)Ljava/lang/Object;+214
j  com.sun.jna.Library$Handler.invoke(Ljava/lang/Object;Ljava/lang/reflect/Method;[Ljava/lang/Object;)Ljava/lang/Object;+341
j  com.sun.proxy.$Proxy0.libvlc_media_player_stop(Luk/co/caprica/vlcj/binding/internal/libvlc_media_player_t;)V+16
j  uk.co.caprica.vlcj.player.DefaultMediaPlayer.stop()V+17
j  LCControllers.Call.stopCall()V+4
j  LCControllers.Server$ClientThread.run()V+925
v  ~StubRoutines::call_stub

---------------  P R O C E S S  ---------------

Java Threads: ( => current thread )
=>0x1549d400 JavaThread "Thread-7" [_thread_in_native, id=6048, stack(0x16db0000,0x16e00000)]
  0x157ad000 JavaThread "Thread-4" [_thread_in_native, id=7072, stack(0x161b0000,0x16200000)]
  0x156bfc00 JavaThread "Thread-5" [_thread_in_native, id=4184, stack(0x16480000,0x164d0000)]
  0x15728400 JavaThread "Thread-3" [_thread_in_native, id=1744, stack(0x16590000,0x165e0000)]
  0x157a4400 JavaThread "Thread-2" [_thread_in_native, id=7152, stack(0x16420000,0x16470000)]
  0x1566fc00 JavaThread "Abandoned connection cleanup thread" daemon [_thread_blocked, id=2180, stack(0x16270000,0x162c0000)]
  0x1563ac00 JavaThread "TimerQueue" daemon [_thread_blocked, id=736, stack(0x16150000,0x161a0000)]
  0x00a8c800 JavaThread "DestroyJavaVM" [_thread_blocked, id=1840, stack(0x00aa0000,0x00af0000)]
  0x1554e800 JavaThread "AWT-EventQueue-0" [_thread_blocked, id=4840, stack(0x15dc0000,0x15e10000)]
  0x01299000 JavaThread "AWT-Windows" daemon [_thread_in_native, id=6760, stack(0x14fc0000,0x15010000)]
  0x01297800 JavaThread "AWT-Shutdown" [_thread_blocked, id=1628, stack(0x15140000,0x15190000)]
  0x01294c00 JavaThread "Java2D Disposer" daemon [_thread_blocked, id=7004, stack(0x151d0000,0x15220000)]
  0x01171800 JavaThread "Service Thread" daemon [_thread_blocked, id=7040, stack(0x14f20000,0x14f70000)]
  0x01150400 JavaThread "C1 CompilerThread0" daemon [_thread_blocked, id=6464, stack(0x00a30000,0x00a80000)]
  0x0114f000 JavaThread "Attach Listener" daemon [_thread_blocked, id=6540, stack(0x00f10000,0x00f60000)]
  0x0114c000 JavaThread "Signal Dispatcher" daemon [_thread_blocked, id=6716, stack(0x14d20000,0x14d70000)]
  0x0084ec00 JavaThread "Finalizer" daemon [_thread_blocked, id=5724, stack(0x01060000,0x010b0000)]
  0x00849400 JavaThread "Reference Handler" daemon [_thread_blocked, id=6828, stack(0x00b30000,0x00b80000)]

Other Threads:
  0x00844000 VMThread [stack: 0x00fa0000,0x00ff0000] [id=6736]
  0x01172c00 WatcherThread [stack: 0x14c90000,0x14ce0000] [id=6700]

VM state:not at safepoint (normal execution)

VM Mutex/Monitor currently owned by a thread: None

Heap:
 def new generation   total 5952K, used 715K [0x04800000, 0x04e70000, 0x09d50000)
  eden space 5312K,  13% used [0x04800000, 0x048b2d38, 0x04d30000)
  from space 640K,   0% used [0x04d30000, 0x04d30000, 0x04dd0000)
  to   space 640K,   0% used [0x04dd0000, 0x04dd0000, 0x04e70000)
 tenured generation   total 13012K, used 7806K [0x09d50000, 0x0aa05000, 0x14800000)
   the space 13012K,  59% used [0x09d50000, 0x0a4ef880, 0x0a4efa00, 0x0aa05000)
 Metaspace       used 11565K, capacity 11716K, committed 11776K, reserved 12672K

Card table byte_map: [0x00940000,0x009d0000] byte_map_base: 0x0091c000

Polling page: 0x00180000

CodeCache: size=32768Kb used=1921Kb max_used=1921Kb free=30846Kb
 bounds [0x02710000, 0x028f8000, 0x04710000]
 total_blobs=1172 nmethods=912 adapters=191
 compilation: enabled

Compilation events (10 events):
Event: 34.117 Thread 0x01150400  915   !         java.lang.ref.Finalizer::remove (94 bytes)
Event: 34.117 Thread 0x01150400 nmethod 915 0x028ef708 code [0x028ef810, 0x028efab0]
Event: 34.117 Thread 0x01150400  916             java.lang.ref.Finalizer::access$000 (4 bytes)
Event: 34.117 Thread 0x01150400 nmethod 916 0x028efbc8 code [0x028efcc0, 0x028efd30]
Event: 34.117 Thread 0x01150400  917             java.lang.ref.Reference::clear (6 bytes)
Event: 34.117 Thread 0x01150400 nmethod 917 0x028efd88 code [0x028efe80, 0x028eff10]
Event: 34.129 Thread 0x01150400  918             javax.swing.text.html.CSSBorder::getBorderWidth (82 bytes)
Event: 34.129 Thread 0x01150400 nmethod 918 0x028eff48 code [0x028f00b0, 0x028f0344]
Event: 43.899 Thread 0x01150400  919             java.nio.Buffer::limit (5 bytes)
Event: 43.899 Thread 0x01150400 nmethod 919 0x028f06c8 code [0x028f07c0, 0x028f0840]

GC Heap History (10 events):
Event: 2.944 GC heap before
{Heap before GC invocations=3 (full 0):
 def new generation   total 4928K, used 4928K [0x04800000, 0x04d50000, 0x09d50000)
  eden space 4416K, 100% used [0x04800000, 0x04c50000, 0x04c50000)
  from space 512K, 100% used [0x04cd0000, 0x04d50000, 0x04d50000)
  to   space 512K,   0% used [0x04c50000, 0x04c50000, 0x04cd0000)
 tenured generation   total 10944K, used 4981K [0x09d50000, 0x0a800000, 0x14800000)
   the space 10944K,  45% used [0x09d50000, 0x0a22d798, 0x0a22d800, 0x0a800000)
 Metaspace       used 10419K, capacity 10521K, committed 10624K, reserved 10624K
Event: 2.949 GC heap after
Heap after GC invocations=4 (full 0):
 def new generation   total 4928K, used 512K [0x04800000, 0x04d50000, 0x09d50000)
  eden space 4416K,   0% used [0x04800000, 0x04800000, 0x04c50000)
  from space 512K, 100% used [0x04c50000, 0x04cd0000, 0x04cd0000)
  to   space 512K,   0% used [0x04cd0000, 0x04cd0000, 0x04d50000)
 tenured generation   total 10944K, used 7326K [0x09d50000, 0x0a800000, 0x14800000)
   the space 10944K,  66% used [0x09d50000, 0x0a477b78, 0x0a477c00, 0x0a800000)
 Metaspace       used 10419K, capacity 10521K, committed 10624K, reserved 10624K
}
Event: 19.547 GC heap before
{Heap before GC invocations=4 (full 0):
 def new generation   total 4928K, used 4928K [0x04800000, 0x04d50000, 0x09d50000)
  eden space 4416K, 100% used [0x04800000, 0x04c50000, 0x04c50000)
  from space 512K, 100% used [0x04c50000, 0x04cd0000, 0x04cd0000)
  to   space 512K,   0% used [0x04cd0000, 0x04cd0000, 0x04d50000)
 tenured generation   total 10944K, used 7326K [0x09d50000, 0x0a800000, 0x14800000)
   the space 10944K,  66% used [0x09d50000, 0x0a477b78, 0x0a477c00, 0x0a800000)
 Metaspace       used 10979K, capacity 11104K, committed 11264K, reserved 11648K
Event: 19.551 GC heap after
Heap after GC invocations=5 (full 0):
 def new generation   total 4928K, used 458K [0x04800000, 0x04d50000, 0x09d50000)
  eden space 4416K,   0% used [0x04800000, 0x04800000, 0x04c50000)
  from space 512K,  89% used [0x04cd0000, 0x04d428b0, 0x04d50000)
  to   space 512K,   0% used [0x04c50000, 0x04c50000, 0x04cd0000)
 tenured generation   total 10944K, used 8779K [0x09d50000, 0x0a800000, 0x14800000)
   the space 10944K,  80% used [0x09d50000, 0x0a5e2f80, 0x0a5e3000, 0x0a800000)
 Metaspace       used 10979K, capacity 11104K, committed 11264K, reserved 11648K
}
Event: 23.704 GC heap before
{Heap before GC invocations=5 (full 0):
 def new generation   total 4928K, used 4874K [0x04800000, 0x04d50000, 0x09d50000)
  eden space 4416K, 100% used [0x04800000, 0x04c50000, 0x04c50000)
  from space 512K,  89% used [0x04cd0000, 0x04d428b0, 0x04d50000)
  to   space 512K,   0% used [0x04c50000, 0x04c50000, 0x04cd0000)
 tenured generation   total 10944K, used 8779K [0x09d50000, 0x0a800000, 0x14800000)
   the space 10944K,  80% used [0x09d50000, 0x0a5e2f80, 0x0a5e3000, 0x0a800000)
 Metaspace       used 11344K, capacity 11456K, committed 11648K, reserved 11648K
Event: 23.707 GC heap after
Heap after GC invocations=6 (full 0):
 def new generation   total 4928K, used 460K [0x04800000, 0x04d50000, 0x09d50000)
  eden space 4416K,   0% used [0x04800000, 0x04800000, 0x04c50000)
  from space 512K,  89% used [0x04c50000, 0x04cc30d0, 0x04cd0000)
  to   space 512K,   0% used [0x04cd0000, 0x04cd0000, 0x04d50000)
 tenured generation   total 10944K, used 9084K [0x09d50000, 0x0a800000, 0x14800000)
   the space 10944K,  83% used [0x09d50000, 0x0a62f048, 0x0a62f200, 0x0a800000)
 Metaspace       used 11344K, capacity 11456K, committed 11648K, reserved 11648K
}
Event: 23.805 GC heap before
{Heap before GC invocations=6 (full 0):
 def new generation   total 4928K, used 4876K [0x04800000, 0x04d50000, 0x09d50000)
  eden space 4416K, 100% used [0x04800000, 0x04c50000, 0x04c50000)
  from space 512K,  89% used [0x04c50000, 0x04cc30d0, 0x04cd0000)
  to   space 512K,   0% used [0x04cd0000, 0x04cd0000, 0x04d50000)
 tenured generation   total 10944K, used 9084K [0x09d50000, 0x0a800000, 0x14800000)
   the space 10944K,  83% used [0x09d50000, 0x0a62f048, 0x0a62f200, 0x0a800000)
 Metaspace       used 11585K, capacity 11697K, committed 11776K, reserved 12672K
Event: 23.810 GC heap after
Heap after GC invocations=7 (full 0):
 def new generation   total 4928K, used 472K [0x04800000, 0x04d50000, 0x09d50000)
  eden space 4416K,   0% used [0x04800000, 0x04800000, 0x04c50000)
  from space 512K,  92% used [0x04cd0000, 0x04d46268, 0x04d50000)
  to   space 512K,   0% used [0x04c50000, 0x04c50000, 0x04cd0000)
 tenured generation   total 10944K, used 10714K [0x09d50000, 0x0a800000, 0x14800000)
   the space 10944K,  97% used [0x09d50000, 0x0a7c6b08, 0x0a7c6c00, 0x0a800000)
 Metaspace       used 11585K, capacity 11697K, committed 11776K, reserved 12672K
}
Event: 34.097 GC heap before
{Heap before GC invocations=7 (full 0):
 def new generation   total 4928K, used 4888K [0x04800000, 0x04d50000, 0x09d50000)
  eden space 4416K, 100% used [0x04800000, 0x04c50000, 0x04c50000)
  from space 512K,  92% used [0x04cd0000, 0x04d46268, 0x04d50000)
  to   space 512K,   0% used [0x04c50000, 0x04c50000, 0x04cd0000)
 tenured generation   total 10944K, used 10714K [0x09d50000, 0x0a800000, 0x14800000)
   the space 10944K,  97% used [0x09d50000, 0x0a7c6b08, 0x0a7c6c00, 0x0a800000)
 Metaspace       used 11603K, capacity 11766K, committed 11776K, reserved 12672K
Event: 34.114 GC heap after
Heap after GC invocations=8 (full 1):
 def new generation   total 5952K, used 0K [0x04800000, 0x04e70000, 0x09d50000)
  eden space 5312K,   0% used [0x04800000, 0x04800000, 0x04d30000)
  from space 640K,   0% used [0x04d30000, 0x04d30000, 0x04dd0000)
  to   space 640K,   0% used [0x04dd0000, 0x04dd0000, 0x04e70000)
 tenured generation   total 13012K, used 7806K [0x09d50000, 0x0aa05000, 0x14800000)
   the space 13012K,  59% used [0x09d50000, 0x0a4ef880, 0x0a4efa00, 0x0aa05000)
 Metaspace       used 11563K, capacity 11713K, committed 11776K, reserved 12672K
}

Deoptimization events (0 events):
No events

Internal exceptions (10 events):
Event: 23.804 Thread 0x1549ec00 Exception <a 'java/security/PrivilegedActionException'> (0x04c34c58) thrown at [C:\re\workspace\8-2-build-windows-i586-cygwin\jdk8u25\1677\hotspot\src\share\vm\prims\jvm.cpp, line 1312]
Event: 23.811 Thread 0x1549ec00 Exception <a 'java/security/PrivilegedActionException'> (0x048187e0) thrown at [C:\re\workspace\8-2-build-windows-i586-cygwin\jdk8u25\1677\hotspot\src\share\vm\prims\jvm.cpp, line 1312]
Event: 23.843 Thread 0x1549ec00 Exception <a 'java/security/PrivilegedActionException'> (0x048b04f0) thrown at [C:\re\workspace\8-2-build-windows-i586-cygwin\jdk8u25\1677\hotspot\src\share\vm\prims\jvm.cpp, line 1312]
Event: 23.847 Thread 0x1549ec00 Exception <a 'java/security/PrivilegedActionException'> (0x048efbc8) thrown at [C:\re\workspace\8-2-build-windows-i586-cygwin\jdk8u25\1677\hotspot\src\share\vm\prims\jvm.cpp, line 1312]
Event: 23.848 Thread 0x1549ec00 Exception <a 'java/security/PrivilegedActionException'> (0x04905ec0) thrown at [C:\re\workspace\8-2-build-windows-i586-cygwin\jdk8u25\1677\hotspot\src\share\vm\prims\jvm.cpp, line 1312]
Event: 24.916 Thread 0x1549ec00 Exception <a 'java/security/PrivilegedActionException'> (0x049f83e8) thrown at [C:\re\workspace\8-2-build-windows-i586-cygwin\jdk8u25\1677\hotspot\src\share\vm\prims\jvm.cpp, line 1312]
Event: 24.918 Thread 0x1549ec00 Exception <a 'java/security/PrivilegedActionException'> (0x04a0e750) thrown at [C:\re\workspace\8-2-build-windows-i586-cygwin\jdk8u25\1677\hotspot\src\share\vm\prims\jvm.cpp, line 1312]
Event: 29.917 Thread 0x1554e800 Exception <a 'java/security/PrivilegedActionException'> (0x04b891d0) thrown at [C:\re\workspace\8-2-build-windows-i586-cygwin\jdk8u25\1677\hotspot\src\share\vm\prims\jvm.cpp, line 1312]
Event: 45.430 Thread 0x1549d400 Exception <a 'sun/net/ConnectionResetException': > (0x048a9d28) thrown at [C:\re\workspace\8-2-build-windows-i586-cygwin\jdk8u25\1677\hotspot\src\share\vm\prims\jni.cpp, line 742]
Event: 45.431 Thread 0x1549d400 Exception <a 'sun/net/ConnectionResetException': > (0x048a9ef8) thrown at [C:\re\workspace\8-2-build-windows-i586-cygwin\jdk8u25\1677\hotspot\src\share\vm\prims\jni.cpp, line 742]

Events (10 events):
Event: 29.956 Executing VM operation: RevokeBias
Event: 29.956 Executing VM operation: RevokeBias done
Event: 32.158 Executing VM operation: BulkRevokeBias
Event: 32.158 Executing VM operation: BulkRevokeBias done
Event: 34.097 Executing VM operation: GenCollectForAllocation
Event: 34.114 Executing VM operation: GenCollectForAllocation done
Event: 34.379 Executing VM operation: BulkRevokeBias
Event: 34.379 Executing VM operation: BulkRevokeBias done
Event: 45.430 loading class sun/net/ConnectionResetException
Event: 45.430 loading class sun/net/ConnectionResetException done


Dynamic libraries:
0x012e0000 - 0x01310000 	C:\Program Files (x86)\Java\jdk1.8.0_25\bin\java.exe
0x77c40000 - 0x77dc0000 	C:\Windows\SysWOW64\ntdll.dll
0x75800000 - 0x75910000 	C:\Windows\syswow64\kernel32.dll
0x75cf0000 - 0x75d37000 	C:\Windows\syswow64\KERNELBASE.dll
0x75a30000 - 0x75ad0000 	C:\Windows\syswow64\ADVAPI32.dll
0x77790000 - 0x7783c000 	C:\Windows\syswow64\msvcrt.dll
0x76330000 - 0x76349000 	C:\Windows\SysWOW64\sechost.dll
0x75ad0000 - 0x75bc0000 	C:\Windows\syswow64\RPCRT4.dll
0x757a0000 - 0x75800000 	C:\Windows\syswow64\SspiCli.dll
0x75790000 - 0x7579c000 	C:\Windows\syswow64\CRYPTBASE.dll
0x76490000 - 0x76590000 	C:\Windows\syswow64\USER32.dll
0x759a0000 - 0x75a30000 	C:\Windows\syswow64\GDI32.dll
0x75c40000 - 0x75c4a000 	C:\Windows\syswow64\LPK.dll
0x75d40000 - 0x75ddd000 	C:\Windows\syswow64\USP10.dll
0x742d0000 - 0x7446e000 	C:\Windows\WinSxS\x86_microsoft.windows.common-controls_6595b64144ccf1df_6.0.7600.16661_none_420fe3fa2b8113bd\COMCTL32.dll
0x771e0000 - 0x77237000 	C:\Windows\syswow64\SHLWAPI.dll
0x75de0000 - 0x75e40000 	C:\Windows\system32\IMM32.DLL
0x77640000 - 0x7770c000 	C:\Windows\syswow64\MSCTF.dll
0x559c0000 - 0x55a7f000 	C:\Program Files (x86)\Java\jdk1.8.0_25\jre\bin\msvcr100.dll
0x54770000 - 0x54b14000 	C:\Program Files (x86)\Java\jdk1.8.0_25\jre\bin\client\jvm.dll
0x73d80000 - 0x73d87000 	C:\Windows\system32\WSOCK32.dll
0x77440000 - 0x77475000 	C:\Windows\syswow64\WS2_32.dll
0x75ce0000 - 0x75ce6000 	C:\Windows\syswow64\NSI.dll
0x75360000 - 0x75392000 	C:\Windows\system32\WINMM.dll
0x77c10000 - 0x77c15000 	C:\Windows\syswow64\PSAPI.DLL
0x55b30000 - 0x55b3c000 	C:\Program Files (x86)\Java\jdk1.8.0_25\jre\bin\verify.dll
0x55b00000 - 0x55b21000 	C:\Program Files (x86)\Java\jdk1.8.0_25\jre\bin\java.dll
0x55ae0000 - 0x55af3000 	C:\Program Files (x86)\Java\jdk1.8.0_25\jre\bin\zip.dll
0x76590000 - 0x771d9000 	C:\Windows\syswow64\SHELL32.dll
0x76020000 - 0x7617c000 	C:\Windows\syswow64\ole32.dll
0x73550000 - 0x7355b000 	C:\Windows\system32\profapi.dll
0x55870000 - 0x559b6000 	C:\Program Files (x86)\Java\jdk1.8.0_25\jre\bin\awt.dll
0x761a0000 - 0x7622f000 	C:\Windows\syswow64\OLEAUT32.dll
0x71900000 - 0x71980000 	C:\Windows\system32\uxtheme.dll
0x74180000 - 0x741d8000 	C:\Program Files (x86)\Common Files\microsoft shared\ink\tiptsf.dll
0x6e950000 - 0x6e990000 	C:\Program Files (x86)\TeamViewer\tv_w32.dll
0x75670000 - 0x75679000 	C:\Windows\system32\VERSION.dll
0x71350000 - 0x71363000 	C:\Windows\system32\dwmapi.dll
0x55aa0000 - 0x55ad8000 	C:\Program Files (x86)\Java\jdk1.8.0_25\jre\bin\fontmanager.dll
0x55a80000 - 0x55a95000 	C:\Program Files (x86)\Java\jdk1.8.0_25\jre\bin\net.dll
0x75030000 - 0x7506c000 	C:\Windows\system32\mswsock.dll
0x74980000 - 0x74986000 	C:\Windows\System32\wship6.dll
0x55860000 - 0x5586f000 	C:\Program Files (x86)\Java\jdk1.8.0_25\jre\bin\nio.dll
0x75910000 - 0x75993000 	C:\Windows\syswow64\CLBCatQ.DLL
0x570c0000 - 0x571bb000 	C:\Windows\system32\WindowsCodecs.dll
0x73ad0000 - 0x73b1b000 	C:\Windows\system32\apphelp.dll
0x55800000 - 0x55823000 	C:\Users\user\AppData\Roaming\Dropbox\bin\DropboxExt.24.dll
0x711b0000 - 0x7129b000 	C:\Windows\system32\dbghelp.dll
0x71dc0000 - 0x71e4e000 	C:\Windows\WinSxS\x86_microsoft.vc90.crt_1fc8b3b9a1e18e3b_9.0.30729.6161_none_50934f2ebcb7eb57\MSVCP90.dll
0x71d10000 - 0x71db3000 	C:\Windows\WinSxS\x86_microsoft.vc90.crt_1fc8b3b9a1e18e3b_9.0.30729.6161_none_50934f2ebcb7eb57\MSVCR90.dll
0x55780000 - 0x557b1000 	C:\Windows\system32\EhStorShell.dll
0x75e50000 - 0x75fed000 	C:\Windows\syswow64\SETUPAPI.dll
0x75ff0000 - 0x76017000 	C:\Windows\syswow64\CFGMGR32.dll
0x76180000 - 0x76192000 	C:\Windows\syswow64\DEVOBJ.dll
0x71800000 - 0x718f5000 	C:\Windows\system32\PROPSYS.dll
0x54df0000 - 0x54e5f000 	C:\Windows\system32\ntshrui.dll
0x712b0000 - 0x712c9000 	C:\Windows\system32\srvcli.dll
0x71190000 - 0x7119b000 	C:\Windows\system32\cscapi.dll
0x557f0000 - 0x557fa000 	C:\Windows\system32\slc.dll
0x55830000 - 0x55860000 	C:\Program Files (x86)\Java\jdk1.8.0_25\jre\bin\t2k.dll
0x737f0000 - 0x73806000 	C:\Windows\system32\CRYPTSP.dll
0x73510000 - 0x7354b000 	C:\Windows\system32\rsaenh.dll
0x73400000 - 0x73417000 	C:\Windows\system32\USERENV.dll
0x73d40000 - 0x73d5c000 	C:\Windows\system32\IPHLPAPI.DLL
0x73d30000 - 0x73d37000 	C:\Windows\system32\WINNSI.DLL
0x701b0000 - 0x701c2000 	C:\Windows\system32\dhcpcsvc.DLL
0x6de20000 - 0x6de2d000 	C:\Windows\system32\dhcpcsvc6.DLL
0x71b30000 - 0x71b37000 	C:\Program Files (x86)\Java\jdk1.8.0_25\jre\bin\jaas_nt.dll
0x14dc0000 - 0x14dfd000 	C:\Users\user\AppData\Local\Temp\jna-eufrik\jna5045566010215777396.dll
0x6fa30000 - 0x6fab4000 	C:\Windows\WinSxS\x86_microsoft.windows.common-controls_6595b64144ccf1df_5.82.7600.16661_none_ebfb56996c72aefc\comctl32.dll
0x71b00000 - 0x71b24000 	C:\Program Files (x86)\VideoLAN\VLC\libvlc.dll
0x70970000 - 0x70bc1000 	C:\Program Files (x86)\VideoLAN\VLC\libvlccore.dll
0x71ab0000 - 0x71af8000 	C:\Program Files (x86)\VideoLAN\VLC\plugins\access\libdshow_plugin.dll
0x71aa0000 - 0x71aaf000 	C:\Program Files (x86)\VideoLAN\VLC\plugins\audio_output\libdirectsound_plugin.dll
0x71a80000 - 0x71a90000 	C:\Program Files (x86)\VideoLAN\VLC\plugins\audio_output\libwaveout_plugin.dll
0x71a60000 - 0x71a79000 	C:\Program Files (x86)\VideoLAN\VLC\plugins\video_output\libdirectdraw_plugin.dll
0x71a90000 - 0x71a96000 	C:\Program Files (x86)\Java\jdk1.8.0_25\jre\bin\jawt.dll
0x71a20000 - 0x71a32000 	C:\Program Files (x86)\VideoLAN\VLC\plugins\stream_out\libstream_out_duplicate_plugin.dll
0x71980000 - 0x71a15000 	C:\Program Files (x86)\VideoLAN\VLC\plugins\stream_out\libstream_out_rtp_plugin.dll
0x71a40000 - 0x71a60000 	C:\Program Files (x86)\VideoLAN\VLC\plugins\mux\libmux_ts_plugin.dll
0x75020000 - 0x75025000 	C:\Windows\System32\wshtcpip.dll
0x6db70000 - 0x6db80000 	C:\Windows\system32\NLAapi.dll
0x73b40000 - 0x73b84000 	C:\Windows\system32\DNSAPI.dll
0x6d990000 - 0x6d998000 	C:\Windows\System32\winrnr.dll
0x6d980000 - 0x6d990000 	C:\Windows\system32\napinsp.dll
0x6d960000 - 0x6d972000 	C:\Windows\system32\pnrpnsp.dll
0x74950000 - 0x74974000 	C:\Program Files (x86)\Common Files\Microsoft Shared\Windows Live\WLIDNSP.DLL
0x74920000 - 0x74941000 	C:\Program Files (x86)\Bonjour\mdnsNSP.dll
0x717e0000 - 0x717ec000 	C:\Program Files (x86)\VideoLAN\VLC\plugins\stream_out\libstream_out_display_plugin.dll
0x717c0000 - 0x717d2000 	C:\Program Files (x86)\VideoLAN\VLC\plugins\stream_out\libstream_out_transcode_plugin.dll
0x71690000 - 0x7170c000 	C:\Program Files (x86)\VideoLAN\VLC\plugins\access\librtp_plugin.dll
0x717b0000 - 0x717bd000 	C:\Program Files (x86)\VideoLAN\VLC\plugins\access\libscreen_plugin.dll
0x70ff0000 - 0x7116a000 	C:\Program Files (x86)\VideoLAN\VLC\plugins\meta_engine\libtaglib_plugin.dll
0x713b0000 - 0x71400000 	C:\Program Files (x86)\VideoLAN\VLC\plugins\lua\liblua_plugin.dll
0x70910000 - 0x7096a000 	C:\Program Files (x86)\VideoLAN\VLC\plugins\codec\libtheora_plugin.dll
0x717a0000 - 0x717ad000 	C:\Program Files (x86)\VideoLAN\VLC\plugins\codec\librawvideo_plugin.dll
0x708c0000 - 0x7090f000 	C:\Program Files (x86)\VideoLAN\VLC\plugins\codec\libpng_plugin.dll
0x71650000 - 0x7165d000 	C:\Program Files (x86)\VideoLAN\VLC\plugins\codec\libcdg_plugin.dll
0x63780000 - 0x638c1000 	C:\Program Files (x86)\VideoLAN\VLC\plugins\codec\libschroedinger_plugin.dll
0x713a0000 - 0x713ad000 	C:\Program Files (x86)\VideoLAN\VLC\plugins\codec\libdts_plugin.dll
0x70860000 - 0x708bc000 	C:\Program Files (x86)\VideoLAN\VLC\plugins\codec\libfaad_plugin.dll
0x63740000 - 0x63778000 	C:\Program Files (x86)\VideoLAN\VLC\plugins\codec\libflac_plugin.dll
0x71390000 - 0x7139f000 	C:\Program Files (x86)\VideoLAN\VLC\plugins\codec\libg711_plugin.dll
0x70fe0000 - 0x70fec000 	C:\Program Files (x86)\VideoLAN\VLC\plugins\codec\libaes3_plugin.dll
0x635e0000 - 0x6373c000 	C:\Program Files (x86)\VideoLAN\VLC\plugins\codec\liblibass_plugin.dll
0x70490000 - 0x704bb000 	C:\Program Files (x86)\VideoLAN\VLC\plugins\codec\libspeex_plugin.dll
0x70850000 - 0x7085e000 	C:\Program Files (x86)\VideoLAN\VLC\plugins\codec\liblpcm_plugin.dll
0x63520000 - 0x635db000 	C:\Program Files (x86)\VideoLAN\VLC\plugins\codec\libvorbis_plugin.dll
0x70840000 - 0x7084d000 	C:\Program Files (x86)\VideoLAN\VLC\plugins\codec\libmpeg_audio_plugin.dll
0x6d850000 - 0x6d85f000 	C:\Program Files (x86)\VideoLAN\VLC\plugins\codec\libaraw_plugin.dll
0x634e0000 - 0x63512000 	C:\Program Files (x86)\VideoLAN\VLC\plugins\codec\libopus_plugin.dll
0x6d840000 - 0x6d84d000 	C:\Program Files (x86)\VideoLAN\VLC\plugins\codec\liba52_plugin.dll
0x6d830000 - 0x6d83d000 	C:\Program Files (x86)\VideoLAN\VLC\plugins\codec\libspudec_plugin.dll
0x5c330000 - 0x5d3ab000 	C:\Program Files (x86)\VideoLAN\VLC\plugins\codec\libavcodec_plugin.dll
0x63350000 - 0x634d3000 	C:\Program Files (x86)\VideoLAN\VLC\plugins\codec\libzvbi_plugin.dll
0x6c9e0000 - 0x6c9f0000 	C:\Program Files (x86)\VideoLAN\VLC\plugins\codec\libscte27_plugin.dll
0x63320000 - 0x63341000 	C:\Program Files (x86)\VideoLAN\VLC\plugins\codec\libkate_plugin.dll
0x6a440000 - 0x6a454000 	C:\Program Files (x86)\VideoLAN\VLC\plugins\codec\libsubsdec_plugin.dll
0x632f0000 - 0x6331a000 	C:\Program Files (x86)\VideoLAN\VLC\plugins\codec\liblibmpeg2_plugin.dll
0x683b0000 - 0x683bd000 	C:\Program Files (x86)\VideoLAN\VLC\plugins\codec\libsvcdsub_plugin.dll
0x632c0000 - 0x632e2000 	C:\Program Files (x86)\VideoLAN\VLC\plugins\codec\libdvbsub_plugin.dll
0x683a0000 - 0x683ac000 	C:\Program Files (x86)\VideoLAN\VLC\plugins\codec\libuleaddvaudio_plugin.dll
0x62fa0000 - 0x6314b000 	C:\Program Files (x86)\VideoLAN\VLC\plugins\codec\libx264_plugin.dll
0x63290000 - 0x632be000 	C:\Program Files (x86)\VideoLAN\VLC\plugins\codec\libtwolame_plugin.dll
0x63280000 - 0x6328f000 	C:\Program Files (x86)\VideoLAN\VLC\plugins\sse2\libi420_yuy2_sse2_plugin.dll
0x63270000 - 0x6327e000 	C:\Program Files (x86)\VideoLAN\VLC\plugins\mmx\libi420_yuy2_mmx_plugin.dll
0x62f00000 - 0x62fa0000 	C:\Program Files (x86)\VideoLAN\VLC\plugins\video_filter\libswscale_plugin.dll
0x62e40000 - 0x62eff000 	C:\Program Files (x86)\VideoLAN\VLC\plugins\text_renderer\libfreetype_plugin.dll

VM Arguments:
jvm_args: -Dfile.encoding=UTF-8 
java_command: lancomms.LANCOMMS
java_class_path (initial): C:\Users\user\Documents\School Stuff\4th Year\Capstone\MockDef-262015\lancomms.it184\LANCOMMS\API\mysql-connector-java-5.1.34-bin.jar;C:\Users\user\Documents\School Stuff\4th Year\Capstone\MockDef-262015\lancomms.it184\LANCOMMS\API\jna-3.5.2.jar;C:\Users\user\Documents\School Stuff\4th Year\Capstone\MockDef-262015\lancomms.it184\LANCOMMS\API\platform-3.5.2.jar;C:\Users\user\Documents\School Stuff\4th Year\Capstone\MockDef-262015\lancomms.it184\LANCOMMS\API\vlcj-3.1.0.jar;C:\Users\user\Documents\School Stuff\4th Year\Capstone\MockDef-262015\lancomms.it184\LANCOMMS\API\json-rpc-1.0.jar;C:\Users\user\Documents\School Stuff\4th Year\Capstone\MockDef-262015\lancomms.it184\LANCOMMS\build\classes
Launcher Type: SUN_STANDARD

Environment Variables:
JAVA_HOME=C:\Program Files\Java\jdk1.7.0_51
CLASSPATH=.;.;C:\PROGRA~2\JMF21~1.1E\lib\sound.jar;C:\PROGRA~2\JMF21~1.1E\lib\jmf.jar;C:\PROGRA~2\JMF21~1.1E\lib;
PATH=C:\ProgramData\Oracle\Java\javapath;C:\Program Files (x86)\NVIDIA Corporation\PhysX\Common;C:\Program Files\Common Files\Microsoft Shared\Windows Live;C:\Windows\system32;C:\Windows;C:\Windows\System32\Wbem;C:\Windows\System32\WindowsPowerShell\v1.0\;C:\Program Files\Intel\Intel(R) Management Engine Components\DAL;C:\Program Files\Intel\Intel(R) Management Engine Components\IPT;C:\Program Files (x86)\Intel\Intel(R) Management Engine Components\DAL;C:\Program Files (x86)\Intel\Intel(R) Management Engine Components\IPT;C:\Program Files (x86)\QuickTime\QTSystem\;C:\Program Files\Java\jdk1.7.0_51/bin;C:\Grails\grails-2.3.7/bin;C:\Program Files (x86)\Intel\OpenCL SDK\3.0\bin\x86;C:\Program Files (x86)\Intel\OpenCL SDK\3.0\bin\x64;C:\PROGRA~2\JMF21~1.1E\lib;%CommonProgramFiles%\Microsoft Shared\Windows Live
USERNAME=eufrik
OS=Windows_NT
PROCESSOR_IDENTIFIER=Intel64 Family 6 Model 58 Stepping 9, GenuineIntel



---------------  S Y S T E M  ---------------

OS: Windows 7 , 64 bit Build 7600 

CPU:total 8 (4 cores per cpu, 2 threads per core) family 6 model 58 stepping 9, cmov, cx8, fxsr, mmx, sse, sse2, sse3, ssse3, sse4.1, sse4.2, popcnt, aes, clmul, erms, ht, tsc, tscinvbit, tscinv

Memory: 4k page, physical 8285028k(3689672k free), swap 16568148k(9627872k free)

vm_info: Java HotSpot(TM) Client VM (25.25-b02) for windows-x86 JRE (1.8.0_25-b18), built on Oct  7 2014 14:31:05 by "java_re" with MS VC++ 10.0 (VS2010)

time: Thu Feb 12 12:27:45 2015
elapsed time: 45 seconds (0d 0h 0m 45s)

