#
# A fatal error has been detected by the Java Runtime Environment:
#
#  EXCEPTION_INVALID_HANDLE (0xc0000008) at pc=0x77cc2625, pid=604, tid=1012
#
# JRE version: Java(TM) SE Runtime Environment (8.0_25-b18) (build 1.8.0_25-b18)
# Java VM: Java HotSpot(TM) Client VM (25.25-b02 mixed mode windows-x86 )
# Problematic frame:
# C  [ntdll.dll+0x82625]
#
# Failed to write core dump. Minidumps are not enabled by default on client versions of Windows
#
# If you would like to submit a bug report, please visit:
#   http://bugreport.sun.com/bugreport/crash.jsp
# The crash happened outside the Java Virtual Machine in native code.
# See problematic frame for where to report the bug.
#

---------------  T H R E A D  ---------------

Current thread (0x158e9800):  JavaThread "Thread-7" [_thread_in_native, id=1012, stack(0x164c0000,0x16510000)]

siginfo: ExceptionCode=0xc0000008

Registers:
EAX=0xc0000008, EBX=0x00000000, ECX=0x75682e09, EDX=0x00000000
ESP=0x1650ea44, EBP=0x1650ea94, ESI=0x15490244, EDI=0x00000000
EIP=0x77cc2625, EFLAGS=0x00000282

Top of Stack: (sp=0x1650ea44)
0x1650ea44:   15490244 15490248 15490244 00ea60f8
0x1650ea54:   00ea55c8 1650ea7c 547eb49d 1650ef1c
0x1650ea64:   156f58bc 00ea3e10 158e9800 0000003e
0x1650ea74:   158e9800 158e9800 1650eca0 00000000
0x1650ea84:   00000000 00000000 7ef76000 153f3ea0
0x1650ea94:   1650eabc 77c7b468 00000000 00000000
0x1650eaa4:   15490244 1650f210 15490240 00000004
0x1650eab4:   15000000 00000001 1650eadc 709f6653 

Instructions: (pc=0x77cc2625)
0x77cc2605:   08 68 b0 48 c6 77 6a 00 6a 65 89 45 0c e8 89 30
0x77cc2615:   ff ff 83 c4 0c e9 43 8f fb ff 50 e8 e0 92 fd ff
0x77cc2625:   cc 56 e8 79 fe 01 00 e9 cf 8f fb ff 81 67 14 00
0x77cc2635:   00 00 ff e9 1c 65 fd ff b8 f1 00 00 c0 8b e5 5d 


Register to memory mapping:

EAX=0xc0000008 is an unknown value
EBX=0x00000000 is an unknown value
ECX=0x75682e09 is an unknown value
EDX=0x00000000 is an unknown value
ESP=0x1650ea44 is pointing into the stack for thread: 0x158e9800
EBP=0x1650ea94 is pointing into the stack for thread: 0x158e9800
ESI=0x15490244 is an unknown value
EDI=0x00000000 is an unknown value


Stack: [0x164c0000,0x16510000],  sp=0x1650ea44,  free space=314k
Native frames: (J=compiled Java code, j=interpreted, Vv=VM code, C=native code)
C  [ntdll.dll+0x82625]
C  [ntdll.dll+0x3b468]
C  [libvlccore.dll+0x86653]
C  [libvlc.dll+0xab15]
C  [jna6889116312848578656.dll+0xd546]
C  [jna6889116312848578656.dll+0x2e5e]
C  [jna6889116312848578656.dll+0x554e]
j  com.sun.jna.Native.invokeVoid(JI[Ljava/lang/Object;)V+0
j  com.sun.jna.Function.invoke([Ljava/lang/Object;Ljava/lang/Class;Z)Ljava/lang/Object;+48
j  com.sun.jna.Function.invoke(Ljava/lang/Class;[Ljava/lang/Object;Ljava/util/Map;)Ljava/lang/Object;+214
j  com.sun.jna.Library$Handler.invoke(Ljava/lang/Object;Ljava/lang/reflect/Method;[Ljava/lang/Object;)Ljava/lang/Object;+341
j  com.sun.proxy.$Proxy0.libvlc_media_player_stop(Luk/co/caprica/vlcj/binding/internal/libvlc_media_player_t;)V+16
j  uk.co.caprica.vlcj.player.DefaultMediaPlayer.stop()V+17
j  LCControllers.Call.stopCall()V+4
j  LCControllers.Server$ClientThread.run()V+882
v  ~StubRoutines::call_stub
V  [jvm.dll+0x147285]
V  [jvm.dll+0x20d19e]
V  [jvm.dll+0x14731e]
V  [jvm.dll+0x1474a6]
V  [jvm.dll+0x147517]
V  [jvm.dll+0xf06bf]
V  [jvm.dll+0x1698cc]
V  [jvm.dll+0x16a15a]
V  [jvm.dll+0x1aee06]
C  [msvcr100.dll+0x5c556]
C  [msvcr100.dll+0x5c600]
C  [kernel32.dll+0x13677]
C  [ntdll.dll+0x3c002]
C  [ntdll.dll+0x3bfd5]
C  0x00000000

Java frames: (J=compiled Java code, j=interpreted, Vv=VM code)
j  com.sun.jna.Native.invokeVoid(JI[Ljava/lang/Object;)V+0
j  com.sun.jna.Function.invoke([Ljava/lang/Object;Ljava/lang/Class;Z)Ljava/lang/Object;+48
j  com.sun.jna.Function.invoke(Ljava/lang/Class;[Ljava/lang/Object;Ljava/util/Map;)Ljava/lang/Object;+214
j  com.sun.jna.Library$Handler.invoke(Ljava/lang/Object;Ljava/lang/reflect/Method;[Ljava/lang/Object;)Ljava/lang/Object;+341
j  com.sun.proxy.$Proxy0.libvlc_media_player_stop(Luk/co/caprica/vlcj/binding/internal/libvlc_media_player_t;)V+16
j  uk.co.caprica.vlcj.player.DefaultMediaPlayer.stop()V+17
j  LCControllers.Call.stopCall()V+4
j  LCControllers.Server$ClientThread.run()V+882
v  ~StubRoutines::call_stub

---------------  P R O C E S S  ---------------

Java Threads: ( => current thread )
=>0x158e9800 JavaThread "Thread-7" [_thread_in_native, id=1012, stack(0x164c0000,0x16510000)]
  0x157a7800 JavaThread "Thread-4" [_thread_in_native, id=3488, stack(0x163f0000,0x16440000)]
  0x1580ac00 JavaThread "Thread-5" [_thread_in_native, id=1628, stack(0x169d0000,0x16a20000)]
  0x157fd000 JavaThread "Thread-3" [_thread_in_native, id=6196, stack(0x16520000,0x16570000)]
  0x15800800 JavaThread "Thread-2" [_thread_in_native, id=5492, stack(0x15ed0000,0x15f20000)]
  0x1556d000 JavaThread "Abandoned connection cleanup thread" daemon [_thread_blocked, id=4312, stack(0x16130000,0x16180000)]
  0x1570c800 JavaThread "TimerQueue" daemon [_thread_blocked, id=5752, stack(0x161a0000,0x161f0000)]
  0x008dc800 JavaThread "DestroyJavaVM" [_thread_blocked, id=6928, stack(0x00a80000,0x00ad0000)]
  0x1559f400 JavaThread "AWT-EventQueue-0" [_thread_in_native, id=4548, stack(0x15d90000,0x15de0000)]
  0x14b99000 JavaThread "AWT-Windows" daemon [_thread_in_native, id=2268, stack(0x15280000,0x152d0000)]
  0x14b97c00 JavaThread "AWT-Shutdown" [_thread_blocked, id=2136, stack(0x15140000,0x15190000)]
  0x14b94c00 JavaThread "Java2D Disposer" daemon [_thread_blocked, id=2440, stack(0x14e60000,0x14eb0000)]
  0x14a69800 JavaThread "Service Thread" daemon [_thread_blocked, id=684, stack(0x14bf0000,0x14c40000)]
  0x14a50400 JavaThread "C1 CompilerThread0" daemon [_thread_blocked, id=6176, stack(0x00a20000,0x00a70000)]
  0x14a4f000 JavaThread "Attach Listener" daemon [_thread_blocked, id=6108, stack(0x14e10000,0x14e60000)]
  0x14a4c000 JavaThread "Signal Dispatcher" daemon [_thread_blocked, id=5968, stack(0x14d70000,0x14dc0000)]
  0x0089b000 JavaThread "Finalizer" daemon [_thread_blocked, id=544, stack(0x14cd0000,0x14d20000)]
  0x00899400 JavaThread "Reference Handler" daemon [_thread_blocked, id=6032, stack(0x14980000,0x149d0000)]

Other Threads:
  0x00895000 VMThread [stack: 0x047a0000,0x047f0000] [id=5844]
  0x14a6ac00 WatcherThread [stack: 0x14ec0000,0x14f10000] [id=6844]

VM state:not at safepoint (normal execution)

VM Mutex/Monitor currently owned by a thread:  ([mutex/lock_event])
[0x008dad58] JNIGlobalHandle_lock - owner thread: 0x00000000

Heap:
 def new generation   total 5888K, used 4031K [0x04800000, 0x04e60000, 0x09d50000)
  eden space 5248K,  76% used [0x04800000, 0x04befd00, 0x04d20000)
  from space 640K,   0% used [0x04d20000, 0x04d20000, 0x04dc0000)
  to   space 640K,   0% used [0x04dc0000, 0x04dc0000, 0x04e60000)
 tenured generation   total 12956K, used 7771K [0x09d50000, 0x0a9f7000, 0x14800000)
   the space 12956K,  59% used [0x09d50000, 0x0a4e6ed8, 0x0a4e7000, 0x0a9f7000)
 Metaspace       used 11364K, capacity 11492K, committed 11648K, reserved 11648K

Card table byte_map: [0x00de0000,0x00e70000] byte_map_base: 0x00dbc000

Polling page: 0x00130000

CodeCache: size=32768Kb used=1866Kb max_used=1866Kb free=30901Kb
 bounds [0x02710000, 0x028e8000, 0x04710000]
 total_blobs=1099 nmethods=840 adapters=190
 compilation: enabled

Compilation events (10 events):
Event: 24.684 Thread 0x14a50400  845   !         java.awt.event.InvocationEvent::finishedDispatching (53 bytes)
Event: 24.684 Thread 0x14a50400 nmethod 845 0x028e1b08 code [0x028e1c20, 0x028e1e68]
Event: 25.384 Thread 0x14a50400  846             java.util.HashMap::remove (26 bytes)
Event: 25.384 Thread 0x14a50400 nmethod 846 0x028e1fc8 code [0x028e20e0, 0x028e21f8]
Event: 25.648 Thread 0x14a50400  847             java.util.HashMap::afterNodeRemoval (1 bytes)
Event: 25.648 Thread 0x14a50400 nmethod 847 0x028e22c8 code [0x028e23c0, 0x028e2440]
Event: 25.672 Thread 0x14a50400  848             java.awt.Point::<init> (15 bytes)
Event: 25.672 Thread 0x14a50400 nmethod 848 0x028e2488 code [0x028e2580, 0x028e2600]
Event: 25.681 Thread 0x14a50400  849   !         sun.awt.AWTAutoShutdown::notifyThreadBusy (88 bytes)
Event: 25.681 Thread 0x14a50400 nmethod 849 0x028e2648 code [0x028e2790, 0x028e2bd0]

GC Heap History (10 events):
Event: 13.154 GC heap before
{Heap before GC invocations=3 (full 0):
 def new generation   total 4928K, used 4928K [0x04800000, 0x04d50000, 0x09d50000)
  eden space 4416K, 100% used [0x04800000, 0x04c50000, 0x04c50000)
  from space 512K, 100% used [0x04cd0000, 0x04d50000, 0x04d50000)
  to   space 512K,   0% used [0x04c50000, 0x04c50000, 0x04cd0000)
 tenured generation   total 10944K, used 4818K [0x09d50000, 0x0a800000, 0x14800000)
   the space 10944K,  44% used [0x09d50000, 0x0a204b78, 0x0a204c00, 0x0a800000)
 Metaspace       used 10162K, capacity 10265K, committed 10368K, reserved 10624K
Event: 13.159 GC heap after
Heap after GC invocations=4 (full 0):
 def new generation   total 4928K, used 512K [0x04800000, 0x04d50000, 0x09d50000)
  eden space 4416K,   0% used [0x04800000, 0x04800000, 0x04c50000)
  from space 512K, 100% used [0x04c50000, 0x04cd0000, 0x04cd0000)
  to   space 512K,   0% used [0x04cd0000, 0x04cd0000, 0x04d50000)
 tenured generation   total 10944K, used 7260K [0x09d50000, 0x0a800000, 0x14800000)
   the space 10944K,  66% used [0x09d50000, 0x0a467090, 0x0a467200, 0x0a800000)
 Metaspace       used 10162K, capacity 10265K, committed 10368K, reserved 10624K
}
Event: 16.213 GC heap before
{Heap before GC invocations=4 (full 0):
 def new generation   total 4928K, used 4911K [0x04800000, 0x04d50000, 0x09d50000)
  eden space 4416K,  99% used [0x04800000, 0x04c4bc88, 0x04c50000)
  from space 512K, 100% used [0x04c50000, 0x04cd0000, 0x04cd0000)
  to   space 512K,   0% used [0x04cd0000, 0x04cd0000, 0x04d50000)
 tenured generation   total 10944K, used 7260K [0x09d50000, 0x0a800000, 0x14800000)
   the space 10944K,  66% used [0x09d50000, 0x0a467090, 0x0a467200, 0x0a800000)
 Metaspace       used 10798K, capacity 10910K, committed 11008K, reserved 11648K
Event: 16.219 GC heap after
Heap after GC invocations=5 (full 0):
 def new generation   total 4928K, used 512K [0x04800000, 0x04d50000, 0x09d50000)
  eden space 4416K,   0% used [0x04800000, 0x04800000, 0x04c50000)
  from space 512K, 100% used [0x04cd0000, 0x04d50000, 0x04d50000)
  to   space 512K,   0% used [0x04c50000, 0x04c50000, 0x04cd0000)
 tenured generation   total 10944K, used 8816K [0x09d50000, 0x0a800000, 0x14800000)
   the space 10944K,  80% used [0x09d50000, 0x0a5ec260, 0x0a5ec400, 0x0a800000)
 Metaspace       used 10798K, capacity 10910K, committed 11008K, reserved 11648K
}
Event: 16.406 GC heap before
{Heap before GC invocations=5 (full 0):
 def new generation   total 4928K, used 4665K [0x04800000, 0x04d50000, 0x09d50000)
  eden space 4416K,  94% used [0x04800000, 0x04c0e448, 0x04c50000)
  from space 512K, 100% used [0x04cd0000, 0x04d50000, 0x04d50000)
  to   space 512K,   0% used [0x04c50000, 0x04c50000, 0x04cd0000)
 tenured generation   total 10944K, used 8816K [0x09d50000, 0x0a800000, 0x14800000)
   the space 10944K,  80% used [0x09d50000, 0x0a5ec260, 0x0a5ec400, 0x0a800000)
 Metaspace       used 11240K, capacity 11363K, committed 11520K, reserved 11648K
Event: 16.408 GC heap after
Heap after GC invocations=6 (full 0):
 def new generation   total 4928K, used 507K [0x04800000, 0x04d50000, 0x09d50000)
  eden space 4416K,   0% used [0x04800000, 0x04800000, 0x04c50000)
  from space 512K,  99% used [0x04c50000, 0x04ccee98, 0x04cd0000)
  to   space 512K,   0% used [0x04cd0000, 0x04cd0000, 0x04d50000)
 tenured generation   total 10944K, used 9136K [0x09d50000, 0x0a800000, 0x14800000)
   the space 10944K,  83% used [0x09d50000, 0x0a63c280, 0x0a63c400, 0x0a800000)
 Metaspace       used 11240K, capacity 11363K, committed 11520K, reserved 11648K
}
Event: 16.537 GC heap before
{Heap before GC invocations=6 (full 0):
 def new generation   total 4928K, used 4923K [0x04800000, 0x04d50000, 0x09d50000)
  eden space 4416K, 100% used [0x04800000, 0x04c50000, 0x04c50000)
  from space 512K,  99% used [0x04c50000, 0x04ccee98, 0x04cd0000)
  to   space 512K,   0% used [0x04cd0000, 0x04cd0000, 0x04d50000)
 tenured generation   total 10944K, used 9136K [0x09d50000, 0x0a800000, 0x14800000)
   the space 10944K,  83% used [0x09d50000, 0x0a63c280, 0x0a63c400, 0x0a800000)
 Metaspace       used 11387K, capacity 11537K, committed 11648K, reserved 11648K
Event: 16.541 GC heap after
Heap after GC invocations=7 (full 0):
 def new generation   total 4928K, used 332K [0x04800000, 0x04d50000, 0x09d50000)
  eden space 4416K,   0% used [0x04800000, 0x04800000, 0x04c50000)
  from space 512K,  64% used [0x04cd0000, 0x04d23058, 0x04d50000)
  to   space 512K,   0% used [0x04c50000, 0x04c50000, 0x04cd0000)
 tenured generation   total 10944K, used 10815K [0x09d50000, 0x0a800000, 0x14800000)
   the space 10944K,  98% used [0x09d50000, 0x0a7dfe58, 0x0a7e0000, 0x0a800000)
 Metaspace       used 11387K, capacity 11537K, committed 11648K, reserved 11648K
}
Event: 21.310 GC heap before
{Heap before GC invocations=7 (full 0):
 def new generation   total 4928K, used 4748K [0x04800000, 0x04d50000, 0x09d50000)
  eden space 4416K, 100% used [0x04800000, 0x04c50000, 0x04c50000)
  from space 512K,  64% used [0x04cd0000, 0x04d23058, 0x04d50000)
  to   space 512K,   0% used [0x04c50000, 0x04c50000, 0x04cd0000)
 tenured generation   total 10944K, used 10815K [0x09d50000, 0x0a800000, 0x14800000)
   the space 10944K,  98% used [0x09d50000, 0x0a7dfe58, 0x0a7e0000, 0x0a800000)
 Metaspace       used 11398K, capacity 11537K, committed 11648K, reserved 11648K
Event: 21.325 GC heap after
Heap after GC invocations=8 (full 1):
 def new generation   total 5888K, used 0K [0x04800000, 0x04e60000, 0x09d50000)
  eden space 5248K,   0% used [0x04800000, 0x04800000, 0x04d20000)
  from space 640K,   0% used [0x04d20000, 0x04d20000, 0x04dc0000)
  to   space 640K,   0% used [0x04dc0000, 0x04dc0000, 0x04e60000)
 tenured generation   total 12956K, used 7771K [0x09d50000, 0x0a9f7000, 0x14800000)
   the space 12956K,  59% used [0x09d50000, 0x0a4e6ed8, 0x0a4e7000, 0x0a9f7000)
 Metaspace       used 11361K, capacity 11489K, committed 11648K, reserved 11648K
}

Deoptimization events (0 events):
No events

Internal exceptions (10 events):
Event: 16.487 Thread 0x158eb000 Exception <a 'java/security/PrivilegedActionException'> (0x04ac29c0) thrown at [C:\re\workspace\8-2-build-windows-i586-cygwin\jdk8u25\1677\hotspot\src\share\vm\prims\jvm.cpp, line 1312]
Event: 16.492 Thread 0x158eb000 Exception <a 'java/security/PrivilegedActionException'> (0x04b51d58) thrown at [C:\re\workspace\8-2-build-windows-i586-cygwin\jdk8u25\1677\hotspot\src\share\vm\prims\jvm.cpp, line 1312]
Event: 16.495 Thread 0x158eb000 Exception <a 'java/security/PrivilegedActionException'> (0x04b7e638) thrown at [C:\re\workspace\8-2-build-windows-i586-cygwin\jdk8u25\1677\hotspot\src\share\vm\prims\jvm.cpp, line 1312]
Event: 16.534 Thread 0x158eb000 Exception <a 'java/security/PrivilegedActionException'> (0x04c07f50) thrown at [C:\re\workspace\8-2-build-windows-i586-cygwin\jdk8u25\1677\hotspot\src\share\vm\prims\jvm.cpp, line 1312]
Event: 16.541 Thread 0x158eb000 Exception <a 'java/security/PrivilegedActionException'> (0x0480c320) thrown at [C:\re\workspace\8-2-build-windows-i586-cygwin\jdk8u25\1677\hotspot\src\share\vm\prims\jvm.cpp, line 1312]
Event: 16.542 Thread 0x158eb000 Exception <a 'java/security/PrivilegedActionException'> (0x04822db0) thrown at [C:\re\workspace\8-2-build-windows-i586-cygwin\jdk8u25\1677\hotspot\src\share\vm\prims\jvm.cpp, line 1312]
Event: 17.607 Thread 0x158eb000 Exception <a 'java/security/PrivilegedActionException'> (0x04916a80) thrown at [C:\re\workspace\8-2-build-windows-i586-cygwin\jdk8u25\1677\hotspot\src\share\vm\prims\jvm.cpp, line 1312]
Event: 17.608 Thread 0x158eb000 Exception <a 'java/security/PrivilegedActionException'> (0x0492cdc8) thrown at [C:\re\workspace\8-2-build-windows-i586-cygwin\jdk8u25\1677\hotspot\src\share\vm\prims\jvm.cpp, line 1312]
Event: 19.705 Thread 0x158eb000 Exception <a 'java/security/PrivilegedActionException'> (0x04b113e8) thrown at [C:\re\workspace\8-2-build-windows-i586-cygwin\jdk8u25\1677\hotspot\src\share\vm\prims\jvm.cpp, line 1312]
Event: 24.619 Thread 0x1559f400 Exception <a 'java/security/PrivilegedActionException'> (0x04ba8fa0) thrown at [C:\re\workspace\8-2-build-windows-i586-cygwin\jdk8u25\1677\hotspot\src\share\vm\prims\jvm.cpp, line 1312]

Events (10 events):
Event: 24.573 Thread 0x158eb000 Thread added: 0x158eb000
Event: 24.573 Thread 0x158eb000 Thread exited: 0x158eb000
Event: 24.619 loading class uk/co/caprica/vlcj/player/events/MediaPlayerStoppedEvent
Event: 24.619 loading class uk/co/caprica/vlcj/player/events/MediaPlayerStoppedEvent done
Event: 24.678 Thread 0x158ea000 Thread exited: 0x158ea000
Event: 24.678 Thread 0x158ea400 Thread exited: 0x158ea400
Event: 24.679 loading class sun/awt/SunToolkit$1
Event: 24.679 loading class sun/awt/SunToolkit$1 done
Event: 25.678 Executing VM operation: RevokeBias
Event: 25.678 Executing VM operation: RevokeBias done


Dynamic libraries:
0x012e0000 - 0x01310000 	C:\Program Files (x86)\Java\jdk1.8.0_25\bin\java.exe
0x77c40000 - 0x77dc0000 	C:\Windows\SysWOW64\ntdll.dll
0x75800000 - 0x75910000 	C:\Windows\syswow64\kernel32.dll
0x75cf0000 - 0x75d37000 	C:\Windows\syswow64\KERNELBASE.dll
0x75a30000 - 0x75ad0000 	C:\Windows\syswow64\ADVAPI32.dll
0x77790000 - 0x7783c000 	C:\Windows\syswow64\msvcrt.dll
0x76330000 - 0x76349000 	C:\Windows\SysWOW64\sechost.dll
0x75ad0000 - 0x75bc0000 	C:\Windows\syswow64\RPCRT4.dll
0x757a0000 - 0x75800000 	C:\Windows\syswow64\SspiCli.dll
0x75790000 - 0x7579c000 	C:\Windows\syswow64\CRYPTBASE.dll
0x76490000 - 0x76590000 	C:\Windows\syswow64\USER32.dll
0x759a0000 - 0x75a30000 	C:\Windows\syswow64\GDI32.dll
0x75c40000 - 0x75c4a000 	C:\Windows\syswow64\LPK.dll
0x75d40000 - 0x75ddd000 	C:\Windows\syswow64\USP10.dll
0x742d0000 - 0x7446e000 	C:\Windows\WinSxS\x86_microsoft.windows.common-controls_6595b64144ccf1df_6.0.7600.16661_none_420fe3fa2b8113bd\COMCTL32.dll
0x771e0000 - 0x77237000 	C:\Windows\syswow64\SHLWAPI.dll
0x75de0000 - 0x75e40000 	C:\Windows\system32\IMM32.DLL
0x77640000 - 0x7770c000 	C:\Windows\syswow64\MSCTF.dll
0x559c0000 - 0x55a7f000 	C:\Program Files (x86)\Java\jdk1.8.0_25\jre\bin\msvcr100.dll
0x54770000 - 0x54b14000 	C:\Program Files (x86)\Java\jdk1.8.0_25\jre\bin\client\jvm.dll
0x73d80000 - 0x73d87000 	C:\Windows\system32\WSOCK32.dll
0x77440000 - 0x77475000 	C:\Windows\syswow64\WS2_32.dll
0x75ce0000 - 0x75ce6000 	C:\Windows\syswow64\NSI.dll
0x75360000 - 0x75392000 	C:\Windows\system32\WINMM.dll
0x77c10000 - 0x77c15000 	C:\Windows\syswow64\PSAPI.DLL
0x55b30000 - 0x55b3c000 	C:\Program Files (x86)\Java\jdk1.8.0_25\jre\bin\verify.dll
0x55b00000 - 0x55b21000 	C:\Program Files (x86)\Java\jdk1.8.0_25\jre\bin\java.dll
0x55ae0000 - 0x55af3000 	C:\Program Files (x86)\Java\jdk1.8.0_25\jre\bin\zip.dll
0x76590000 - 0x771d9000 	C:\Windows\syswow64\SHELL32.dll
0x76020000 - 0x7617c000 	C:\Windows\syswow64\ole32.dll
0x73550000 - 0x7355b000 	C:\Windows\system32\profapi.dll
0x55870000 - 0x559b6000 	C:\Program Files (x86)\Java\jdk1.8.0_25\jre\bin\awt.dll
0x761a0000 - 0x7622f000 	C:\Windows\syswow64\OLEAUT32.dll
0x71900000 - 0x71980000 	C:\Windows\system32\uxtheme.dll
0x74180000 - 0x741d8000 	C:\Program Files (x86)\Common Files\microsoft shared\ink\tiptsf.dll
0x6e950000 - 0x6e990000 	C:\Program Files (x86)\TeamViewer\tv_w32.dll
0x75670000 - 0x75679000 	C:\Windows\system32\VERSION.dll
0x71350000 - 0x71363000 	C:\Windows\system32\dwmapi.dll
0x55aa0000 - 0x55ad8000 	C:\Program Files (x86)\Java\jdk1.8.0_25\jre\bin\fontmanager.dll
0x55a80000 - 0x55a95000 	C:\Program Files (x86)\Java\jdk1.8.0_25\jre\bin\net.dll
0x75030000 - 0x7506c000 	C:\Windows\system32\mswsock.dll
0x74980000 - 0x74986000 	C:\Windows\System32\wship6.dll
0x55860000 - 0x5586f000 	C:\Program Files (x86)\Java\jdk1.8.0_25\jre\bin\nio.dll
0x75910000 - 0x75993000 	C:\Windows\syswow64\CLBCatQ.DLL
0x570c0000 - 0x571bb000 	C:\Windows\system32\WindowsCodecs.dll
0x73ad0000 - 0x73b1b000 	C:\Windows\system32\apphelp.dll
0x55800000 - 0x55823000 	C:\Users\user\AppData\Roaming\Dropbox\bin\DropboxExt.24.dll
0x711b0000 - 0x7129b000 	C:\Windows\system32\dbghelp.dll
0x71dc0000 - 0x71e4e000 	C:\Windows\WinSxS\x86_microsoft.vc90.crt_1fc8b3b9a1e18e3b_9.0.30729.6161_none_50934f2ebcb7eb57\MSVCP90.dll
0x71d10000 - 0x71db3000 	C:\Windows\WinSxS\x86_microsoft.vc90.crt_1fc8b3b9a1e18e3b_9.0.30729.6161_none_50934f2ebcb7eb57\MSVCR90.dll
0x55780000 - 0x557b1000 	C:\Windows\system32\EhStorShell.dll
0x75e50000 - 0x75fed000 	C:\Windows\syswow64\SETUPAPI.dll
0x75ff0000 - 0x76017000 	C:\Windows\syswow64\CFGMGR32.dll
0x76180000 - 0x76192000 	C:\Windows\syswow64\DEVOBJ.dll
0x71800000 - 0x718f5000 	C:\Windows\system32\PROPSYS.dll
0x54df0000 - 0x54e5f000 	C:\Windows\system32\ntshrui.dll
0x712b0000 - 0x712c9000 	C:\Windows\system32\srvcli.dll
0x71190000 - 0x7119b000 	C:\Windows\system32\cscapi.dll
0x557f0000 - 0x557fa000 	C:\Windows\system32\slc.dll
0x55830000 - 0x55860000 	C:\Program Files (x86)\Java\jdk1.8.0_25\jre\bin\t2k.dll
0x71b30000 - 0x71b37000 	C:\Program Files (x86)\Java\jdk1.8.0_25\jre\bin\jaas_nt.dll
0x737f0000 - 0x73806000 	C:\Windows\system32\CRYPTSP.dll
0x73510000 - 0x7354b000 	C:\Windows\system32\rsaenh.dll
0x73400000 - 0x73417000 	C:\Windows\system32\USERENV.dll
0x73d40000 - 0x73d5c000 	C:\Windows\system32\IPHLPAPI.DLL
0x73d30000 - 0x73d37000 	C:\Windows\system32\WINNSI.DLL
0x701b0000 - 0x701c2000 	C:\Windows\system32\dhcpcsvc.DLL
0x6de20000 - 0x6de2d000 	C:\Windows\system32\dhcpcsvc6.DLL
0x15010000 - 0x1504d000 	C:\Users\user\AppData\Local\Temp\jna-eufrik\jna6889116312848578656.dll
0x71b00000 - 0x71b24000 	C:\Program Files (x86)\VideoLAN\VLC\libvlc.dll
0x70970000 - 0x70bc1000 	C:\Program Files (x86)\VideoLAN\VLC\libvlccore.dll
0x71ab0000 - 0x71af8000 	C:\Program Files (x86)\VideoLAN\VLC\plugins\access\libdshow_plugin.dll
0x71aa0000 - 0x71aaf000 	C:\Program Files (x86)\VideoLAN\VLC\plugins\audio_output\libdirectsound_plugin.dll
0x71a80000 - 0x71a90000 	C:\Program Files (x86)\VideoLAN\VLC\plugins\audio_output\libwaveout_plugin.dll
0x71a60000 - 0x71a79000 	C:\Program Files (x86)\VideoLAN\VLC\plugins\video_output\libdirectdraw_plugin.dll
0x71a90000 - 0x71a96000 	C:\Program Files (x86)\Java\jdk1.8.0_25\jre\bin\jawt.dll
0x71a20000 - 0x71a32000 	C:\Program Files (x86)\VideoLAN\VLC\plugins\stream_out\libstream_out_duplicate_plugin.dll
0x71980000 - 0x71a15000 	C:\Program Files (x86)\VideoLAN\VLC\plugins\stream_out\libstream_out_rtp_plugin.dll
0x71a40000 - 0x71a60000 	C:\Program Files (x86)\VideoLAN\VLC\plugins\mux\libmux_ts_plugin.dll
0x75020000 - 0x75025000 	C:\Windows\System32\wshtcpip.dll
0x6db70000 - 0x6db80000 	C:\Windows\system32\NLAapi.dll
0x73b40000 - 0x73b84000 	C:\Windows\system32\DNSAPI.dll
0x6d990000 - 0x6d998000 	C:\Windows\System32\winrnr.dll
0x6d980000 - 0x6d990000 	C:\Windows\system32\napinsp.dll
0x6d960000 - 0x6d972000 	C:\Windows\system32\pnrpnsp.dll
0x74950000 - 0x74974000 	C:\Program Files (x86)\Common Files\Microsoft Shared\Windows Live\WLIDNSP.DLL
0x74920000 - 0x74941000 	C:\Program Files (x86)\Bonjour\mdnsNSP.dll
0x717e0000 - 0x717ec000 	C:\Program Files (x86)\VideoLAN\VLC\plugins\stream_out\libstream_out_display_plugin.dll
0x717c0000 - 0x717d2000 	C:\Program Files (x86)\VideoLAN\VLC\plugins\stream_out\libstream_out_transcode_plugin.dll
0x71690000 - 0x7170c000 	C:\Program Files (x86)\VideoLAN\VLC\plugins\access\librtp_plugin.dll
0x717b0000 - 0x717bd000 	C:\Program Files (x86)\VideoLAN\VLC\plugins\access\libscreen_plugin.dll
0x70ff0000 - 0x7116a000 	C:\Program Files (x86)\VideoLAN\VLC\plugins\meta_engine\libtaglib_plugin.dll
0x713b0000 - 0x71400000 	C:\Program Files (x86)\VideoLAN\VLC\plugins\lua\liblua_plugin.dll
0x70910000 - 0x7096a000 	C:\Program Files (x86)\VideoLAN\VLC\plugins\codec\libtheora_plugin.dll
0x717a0000 - 0x717ad000 	C:\Program Files (x86)\VideoLAN\VLC\plugins\codec\librawvideo_plugin.dll
0x708c0000 - 0x7090f000 	C:\Program Files (x86)\VideoLAN\VLC\plugins\codec\libpng_plugin.dll
0x71650000 - 0x7165d000 	C:\Program Files (x86)\VideoLAN\VLC\plugins\codec\libcdg_plugin.dll
0x63780000 - 0x638c1000 	C:\Program Files (x86)\VideoLAN\VLC\plugins\codec\libschroedinger_plugin.dll
0x713a0000 - 0x713ad000 	C:\Program Files (x86)\VideoLAN\VLC\plugins\codec\libdts_plugin.dll
0x70860000 - 0x708bc000 	C:\Program Files (x86)\VideoLAN\VLC\plugins\codec\libfaad_plugin.dll
0x63740000 - 0x63778000 	C:\Program Files (x86)\VideoLAN\VLC\plugins\codec\libflac_plugin.dll
0x71390000 - 0x7139f000 	C:\Program Files (x86)\VideoLAN\VLC\plugins\codec\libg711_plugin.dll
0x70fe0000 - 0x70fec000 	C:\Program Files (x86)\VideoLAN\VLC\plugins\codec\libaes3_plugin.dll
0x635e0000 - 0x6373c000 	C:\Program Files (x86)\VideoLAN\VLC\plugins\codec\liblibass_plugin.dll
0x70490000 - 0x704bb000 	C:\Program Files (x86)\VideoLAN\VLC\plugins\codec\libspeex_plugin.dll
0x70850000 - 0x7085e000 	C:\Program Files (x86)\VideoLAN\VLC\plugins\codec\liblpcm_plugin.dll
0x63520000 - 0x635db000 	C:\Program Files (x86)\VideoLAN\VLC\plugins\codec\libvorbis_plugin.dll
0x70840000 - 0x7084d000 	C:\Program Files (x86)\VideoLAN\VLC\plugins\codec\libmpeg_audio_plugin.dll
0x6d850000 - 0x6d85f000 	C:\Program Files (x86)\VideoLAN\VLC\plugins\codec\libaraw_plugin.dll
0x634e0000 - 0x63512000 	C:\Program Files (x86)\VideoLAN\VLC\plugins\codec\libopus_plugin.dll
0x6d840000 - 0x6d84d000 	C:\Program Files (x86)\VideoLAN\VLC\plugins\codec\liba52_plugin.dll
0x6d830000 - 0x6d83d000 	C:\Program Files (x86)\VideoLAN\VLC\plugins\codec\libspudec_plugin.dll
0x5c330000 - 0x5d3ab000 	C:\Program Files (x86)\VideoLAN\VLC\plugins\codec\libavcodec_plugin.dll
0x63350000 - 0x634d3000 	C:\Program Files (x86)\VideoLAN\VLC\plugins\codec\libzvbi_plugin.dll
0x6c9e0000 - 0x6c9f0000 	C:\Program Files (x86)\VideoLAN\VLC\plugins\codec\libscte27_plugin.dll
0x63320000 - 0x63341000 	C:\Program Files (x86)\VideoLAN\VLC\plugins\codec\libkate_plugin.dll
0x6a440000 - 0x6a454000 	C:\Program Files (x86)\VideoLAN\VLC\plugins\codec\libsubsdec_plugin.dll
0x632f0000 - 0x6331a000 	C:\Program Files (x86)\VideoLAN\VLC\plugins\codec\liblibmpeg2_plugin.dll
0x683b0000 - 0x683bd000 	C:\Program Files (x86)\VideoLAN\VLC\plugins\codec\libsvcdsub_plugin.dll
0x632c0000 - 0x632e2000 	C:\Program Files (x86)\VideoLAN\VLC\plugins\codec\libdvbsub_plugin.dll
0x683a0000 - 0x683ac000 	C:\Program Files (x86)\VideoLAN\VLC\plugins\codec\libuleaddvaudio_plugin.dll
0x62fa0000 - 0x6314b000 	C:\Program Files (x86)\VideoLAN\VLC\plugins\codec\libx264_plugin.dll
0x63290000 - 0x632be000 	C:\Program Files (x86)\VideoLAN\VLC\plugins\codec\libtwolame_plugin.dll
0x63280000 - 0x6328f000 	C:\Program Files (x86)\VideoLAN\VLC\plugins\sse2\libi420_yuy2_sse2_plugin.dll
0x63270000 - 0x6327e000 	C:\Program Files (x86)\VideoLAN\VLC\plugins\mmx\libi420_yuy2_mmx_plugin.dll
0x62f00000 - 0x62fa0000 	C:\Program Files (x86)\VideoLAN\VLC\plugins\video_filter\libswscale_plugin.dll
0x62e40000 - 0x62eff000 	C:\Program Files (x86)\VideoLAN\VLC\plugins\text_renderer\libfreetype_plugin.dll
0x63240000 - 0x63264000 	C:\Program Files (x86)\VideoLAN\VLC\plugins\sse2\libi420_rgb_sse2_plugin.dll

VM Arguments:
jvm_args: -Dfile.encoding=UTF-8 
java_command: lancomms.LANCOMMS
java_class_path (initial): C:\Users\user\Documents\School Stuff\4th Year\Capstone\MockDef-262015\lancomms.it184\LANCOMMS\API\mysql-connector-java-5.1.34-bin.jar;C:\Users\user\Documents\School Stuff\4th Year\Capstone\MockDef-262015\lancomms.it184\LANCOMMS\API\jna-3.5.2.jar;C:\Users\user\Documents\School Stuff\4th Year\Capstone\MockDef-262015\lancomms.it184\LANCOMMS\API\platform-3.5.2.jar;C:\Users\user\Documents\School Stuff\4th Year\Capstone\MockDef-262015\lancomms.it184\LANCOMMS\API\vlcj-3.1.0.jar;C:\Users\user\Documents\School Stuff\4th Year\Capstone\MockDef-262015\lancomms.it184\LANCOMMS\API\json-rpc-1.0.jar;C:\Users\user\Documents\School Stuff\4th Year\Capstone\MockDef-262015\lancomms.it184\LANCOMMS\build\classes
Launcher Type: SUN_STANDARD

Environment Variables:
JAVA_HOME=C:\Program Files\Java\jdk1.7.0_51
CLASSPATH=.;.;C:\PROGRA~2\JMF21~1.1E\lib\sound.jar;C:\PROGRA~2\JMF21~1.1E\lib\jmf.jar;C:\PROGRA~2\JMF21~1.1E\lib;
PATH=C:\ProgramData\Oracle\Java\javapath;C:\Program Files (x86)\NVIDIA Corporation\PhysX\Common;C:\Program Files\Common Files\Microsoft Shared\Windows Live;C:\Windows\system32;C:\Windows;C:\Windows\System32\Wbem;C:\Windows\System32\WindowsPowerShell\v1.0\;C:\Program Files\Intel\Intel(R) Management Engine Components\DAL;C:\Program Files\Intel\Intel(R) Management Engine Components\IPT;C:\Program Files (x86)\Intel\Intel(R) Management Engine Components\DAL;C:\Program Files (x86)\Intel\Intel(R) Management Engine Components\IPT;C:\Program Files (x86)\QuickTime\QTSystem\;C:\Program Files\Java\jdk1.7.0_51/bin;C:\Grails\grails-2.3.7/bin;C:\Program Files (x86)\Intel\OpenCL SDK\3.0\bin\x86;C:\Program Files (x86)\Intel\OpenCL SDK\3.0\bin\x64;C:\PROGRA~2\JMF21~1.1E\lib;%CommonProgramFiles%\Microsoft Shared\Windows Live
USERNAME=eufrik
OS=Windows_NT
PROCESSOR_IDENTIFIER=Intel64 Family 6 Model 58 Stepping 9, GenuineIntel



---------------  S Y S T E M  ---------------

OS: Windows 7 , 64 bit Build 7600 

CPU:total 8 (4 cores per cpu, 2 threads per core) family 6 model 58 stepping 9, cmov, cx8, fxsr, mmx, sse, sse2, sse3, ssse3, sse4.1, sse4.2, popcnt, aes, clmul, erms, ht, tsc, tscinvbit, tscinv

Memory: 4k page, physical 8285028k(3635940k free), swap 16568148k(9557520k free)

vm_info: Java HotSpot(TM) Client VM (25.25-b02) for windows-x86 JRE (1.8.0_25-b18), built on Oct  7 2014 14:31:05 by "java_re" with MS VC++ 10.0 (VS2010)

time: Thu Feb 12 12:30:26 2015
elapsed time: 25 seconds (0d 0h 0m 25s)

